[14:44:45.359] [INFO   ] thread main starting.
[14:44:45.367] [SEVERE ] cannot read configuration file config.properties trying from resources.
[14:44:45.370] [SEVERE ] configuration file was loaded from resources directory.
[14:44:47.360] [INFO   ] thread dealer starting.
[14:44:47.361] [INFO   ] thread player starting.
[14:44:47.361] [INFO   ] thread player starting.
[14:44:47.361] [INFO   ] thread dealer starting.
[14:44:47.361] [INFO   ] thread player starting.
[14:44:47.361] [INFO   ] thread player starting.
[14:44:47.364] [INFO   ] thread computer-3 starting.
[14:44:47.364] [INFO   ] thread computer-0 starting.
[14:44:47.365] [INFO   ] thread computer-1 starting.
[14:44:47.375] [INFO   ] thread computer-2 starting.
[14:44:47.383] [SEVERE ] placing card 55 in slot 0
[14:44:47.400] [SEVERE ] placing card 20 in slot 1
[14:44:47.444] [SEVERE ] placing card 45 in slot 2
[14:44:47.450] [SEVERE ] placing card 19 in slot 3
[14:44:47.451] [SEVERE ] placing card 40 in slot 4
[14:44:47.451] [SEVERE ] placing card 31 in slot 5
[14:44:47.453] [SEVERE ] placing card 58 in slot 6
[14:44:47.453] [SEVERE ] placing card 63 in slot 7
[14:44:47.465] [SEVERE ] placing card 28 in slot 8
[14:44:47.470] [SEVERE ] placing card 75 in slot 9
[14:44:47.478] [SEVERE ] placing card 69 in slot 10
[14:44:47.484] [SEVERE ] placing card 30 in slot 11
[14:44:47.484] [SEVERE ] setting player 1 freeze to -124
[14:44:47.485] [SEVERE ] setting player 2 freeze to -125
[14:44:47.485] [SEVERE ] setting player 3 freeze to -125
[14:44:47.485] [SEVERE ] setting player 4 freeze to -125
[14:44:47.498] [SEVERE ] setting player 1 freeze to -138
[14:44:47.498] [SEVERE ] setting player 2 freeze to -138
[14:44:47.499] [SEVERE ] setting player 3 freeze to -139
[14:44:47.499] [SEVERE ] setting player 4 freeze to -139
[14:44:47.510] [SEVERE ] setting player 1 freeze to -150
[14:44:47.511] [SEVERE ] setting player 2 freeze to -151
[14:44:47.511] [SEVERE ] setting player 3 freeze to -151
[14:44:47.511] [SEVERE ] setting player 4 freeze to -151
[14:44:47.523] [SEVERE ] setting player 1 freeze to -163
[14:44:47.524] [SEVERE ] setting player 2 freeze to -164
[14:44:47.524] [SEVERE ] setting player 3 freeze to -164
[14:44:47.524] [SEVERE ] setting player 4 freeze to -164
[14:44:47.538] [SEVERE ] setting player 1 freeze to -178
[14:44:47.538] [SEVERE ] setting player 2 freeze to -178
[14:44:47.541] [SEVERE ] setting player 3 freeze to -181
[14:44:47.542] [SEVERE ] setting player 4 freeze to -182
[14:44:47.554] [SEVERE ] setting player 1 freeze to -194
[14:44:47.555] [SEVERE ] setting player 2 freeze to -195
[14:44:47.555] [SEVERE ] setting player 3 freeze to -195
[14:44:47.555] [SEVERE ] setting player 4 freeze to -195
[14:44:47.569] [SEVERE ] setting player 1 freeze to -209
[14:44:47.569] [SEVERE ] setting player 2 freeze to -209
[14:44:47.570] [SEVERE ] setting player 3 freeze to -210
[14:44:47.570] [SEVERE ] setting player 4 freeze to -210
[14:44:47.581] [SEVERE ] setting player 1 freeze to -221
[14:44:47.581] [SEVERE ] setting player 2 freeze to -221
[14:44:47.582] [SEVERE ] setting player 3 freeze to -222
[14:44:47.582] [SEVERE ] setting player 4 freeze to -222
[14:44:47.593] [SEVERE ] setting player 1 freeze to -233
[14:44:47.593] [SEVERE ] setting player 2 freeze to -233
[14:44:47.594] [SEVERE ] setting player 3 freeze to -234
[14:44:47.594] [SEVERE ] setting player 4 freeze to -234
[14:44:47.605] [SEVERE ] setting player 1 freeze to -245
[14:44:47.605] [SEVERE ] setting player 2 freeze to -245
[14:44:47.606] [SEVERE ] setting player 3 freeze to -246
[14:44:47.606] [SEVERE ] setting player 4 freeze to -246
[14:44:47.619] [SEVERE ] setting player 1 freeze to -259
[14:44:47.619] [SEVERE ] setting player 2 freeze to -259
[14:44:47.620] [SEVERE ] setting player 3 freeze to -260
[14:44:47.620] [SEVERE ] setting player 4 freeze to -260
[14:44:47.631] [SEVERE ] setting player 1 freeze to -271
[14:44:47.632] [SEVERE ] setting player 2 freeze to -272
[14:44:47.632] [SEVERE ] setting player 3 freeze to -272
[14:44:47.632] [SEVERE ] setting player 4 freeze to -272
[14:44:47.643] [SEVERE ] setting player 1 freeze to -283
[14:44:47.643] [SEVERE ] setting player 2 freeze to -283
[14:44:47.644] [SEVERE ] setting player 3 freeze to -284
[14:44:47.644] [SEVERE ] setting player 4 freeze to -284
[14:44:47.656] [SEVERE ] setting player 1 freeze to -296
[14:44:47.657] [SEVERE ] setting player 2 freeze to -297
[14:44:47.657] [SEVERE ] setting player 3 freeze to -297
[14:44:47.657] [SEVERE ] setting player 4 freeze to -297
[14:44:47.671] [SEVERE ] setting player 1 freeze to -311
[14:44:47.671] [SEVERE ] setting player 2 freeze to -311
[14:44:47.671] [SEVERE ] setting player 3 freeze to -311
[14:44:47.672] [SEVERE ] setting player 4 freeze to -312
[14:44:47.685] [SEVERE ] setting player 1 freeze to -325
[14:44:47.685] [SEVERE ] setting player 2 freeze to -325
[14:44:47.685] [SEVERE ] setting player 3 freeze to -325
[14:44:47.685] [SEVERE ] setting player 4 freeze to -325
[14:44:47.696] [SEVERE ] setting player 1 freeze to -336
[14:44:47.697] [SEVERE ] setting player 2 freeze to -337
[14:44:47.697] [SEVERE ] setting player 3 freeze to -337
[14:44:47.697] [SEVERE ] setting player 4 freeze to -337
[14:44:47.709] [SEVERE ] setting player 1 freeze to -349
[14:44:47.709] [SEVERE ] setting player 2 freeze to -349
[14:44:47.710] [SEVERE ] setting player 3 freeze to -350
[14:44:47.710] [SEVERE ] setting player 4 freeze to -350
[14:44:47.729] [SEVERE ] setting player 1 freeze to -369
[14:44:47.729] [SEVERE ] setting player 2 freeze to -369
[14:44:47.729] [SEVERE ] setting player 3 freeze to -369
[14:44:47.730] [SEVERE ] setting player 4 freeze to -370
[14:44:47.741] [SEVERE ] setting player 1 freeze to -381
[14:44:47.741] [SEVERE ] setting player 2 freeze to -381
[14:44:47.741] [SEVERE ] setting player 3 freeze to -381
[14:44:47.742] [SEVERE ] setting player 4 freeze to -382
[14:44:47.752] [SEVERE ] setting player 1 freeze to -392
[14:44:47.753] [SEVERE ] setting player 2 freeze to -393
[14:44:47.753] [SEVERE ] setting player 3 freeze to -393
[14:44:47.753] [SEVERE ] setting player 4 freeze to -393
[14:44:47.764] [SEVERE ] setting player 1 freeze to -404
[14:44:47.764] [SEVERE ] setting player 2 freeze to -404
[14:44:47.764] [SEVERE ] setting player 3 freeze to -404
[14:44:47.765] [SEVERE ] setting player 4 freeze to -405
[14:44:47.778] [SEVERE ] setting player 1 freeze to -418
[14:44:47.778] [SEVERE ] setting player 2 freeze to -418
[14:44:47.778] [SEVERE ] setting player 3 freeze to -418
[14:44:47.778] [SEVERE ] setting player 4 freeze to -418
[14:44:47.789] [SEVERE ] setting player 1 freeze to -429
[14:44:47.789] [SEVERE ] setting player 2 freeze to -429
[14:44:47.790] [SEVERE ] setting player 3 freeze to -430
[14:44:47.790] [SEVERE ] setting player 4 freeze to -430
[14:44:47.803] [SEVERE ] setting player 1 freeze to -443
[14:44:47.803] [SEVERE ] setting player 2 freeze to -443
[14:44:47.803] [SEVERE ] setting player 3 freeze to -443
[14:44:47.804] [SEVERE ] setting player 4 freeze to -444
[14:44:47.815] [SEVERE ] setting player 1 freeze to -455
[14:44:47.816] [SEVERE ] setting player 2 freeze to -456
[14:44:47.816] [SEVERE ] setting player 3 freeze to -456
[14:44:47.816] [SEVERE ] setting player 4 freeze to -456
[14:44:47.827] [SEVERE ] setting player 1 freeze to -467
[14:44:47.828] [SEVERE ] setting player 2 freeze to -468
[14:44:47.828] [SEVERE ] setting player 3 freeze to -468
[14:44:47.829] [SEVERE ] setting player 4 freeze to -469
[14:44:47.839] [SEVERE ] setting player 1 freeze to -479
[14:44:47.840] [SEVERE ] setting player 2 freeze to -480
[14:44:47.840] [SEVERE ] setting player 3 freeze to -480
[14:44:47.840] [SEVERE ] setting player 4 freeze to -480
[14:44:47.851] [SEVERE ] setting player 1 freeze to -491
[14:44:47.852] [SEVERE ] setting player 2 freeze to -492
[14:44:47.852] [SEVERE ] setting player 3 freeze to -492
[14:44:47.852] [SEVERE ] setting player 4 freeze to -492
[14:44:47.869] [SEVERE ] setting player 1 freeze to -509
[14:44:47.869] [SEVERE ] setting player 2 freeze to -509
[14:44:47.869] [SEVERE ] setting player 3 freeze to -509
[14:44:47.869] [SEVERE ] setting player 4 freeze to -509
[14:44:47.881] [SEVERE ] setting player 1 freeze to -521
[14:44:47.882] [SEVERE ] setting player 2 freeze to -522
[14:44:47.882] [SEVERE ] setting player 3 freeze to -522
[14:44:47.882] [SEVERE ] setting player 4 freeze to -522
[14:44:47.894] [SEVERE ] setting player 1 freeze to -534
[14:44:47.895] [SEVERE ] setting player 2 freeze to -535
[14:44:47.895] [SEVERE ] setting player 3 freeze to -535
[14:44:47.895] [SEVERE ] setting player 4 freeze to -535
[14:44:47.907] [SEVERE ] setting player 1 freeze to -547
[14:44:47.907] [SEVERE ] setting player 2 freeze to -547
[14:44:47.907] [SEVERE ] setting player 3 freeze to -547
[14:44:47.908] [SEVERE ] setting player 4 freeze to -548
[14:44:47.918] [SEVERE ] setting player 1 freeze to -558
[14:44:47.919] [SEVERE ] setting player 2 freeze to -559
[14:44:47.919] [SEVERE ] setting player 3 freeze to -559
[14:44:47.919] [SEVERE ] setting player 4 freeze to -559
[14:44:47.931] [SEVERE ] setting player 1 freeze to -571
[14:44:47.931] [SEVERE ] setting player 2 freeze to -571
[14:44:47.932] [SEVERE ] setting player 3 freeze to -572
[14:44:47.932] [SEVERE ] setting player 4 freeze to -572
[14:44:47.944] [SEVERE ] setting player 1 freeze to -584
[14:44:47.944] [SEVERE ] setting player 2 freeze to -584
[14:44:47.944] [SEVERE ] setting player 3 freeze to -584
[14:44:47.945] [SEVERE ] setting player 4 freeze to -585
[14:44:47.955] [SEVERE ] setting player 1 freeze to -595
[14:44:47.956] [SEVERE ] setting player 2 freeze to -596
[14:44:47.956] [SEVERE ] setting player 3 freeze to -596
[14:44:47.956] [SEVERE ] setting player 4 freeze to -596
[14:44:47.967] [SEVERE ] setting player 1 freeze to -607
[14:44:47.967] [SEVERE ] setting player 2 freeze to -607
[14:44:47.967] [SEVERE ] setting player 3 freeze to -607
[14:44:47.967] [SEVERE ] setting player 4 freeze to -607
[14:44:47.978] [SEVERE ] setting player 1 freeze to -618
[14:44:47.978] [SEVERE ] setting player 2 freeze to -618
[14:44:47.978] [SEVERE ] setting player 3 freeze to -618
[14:44:47.979] [SEVERE ] setting player 4 freeze to -619
[14:44:47.990] [SEVERE ] setting player 1 freeze to -630
[14:44:47.990] [SEVERE ] setting player 2 freeze to -630
[14:44:47.990] [SEVERE ] setting player 3 freeze to -630
[14:44:47.990] [SEVERE ] setting player 4 freeze to -630
[14:44:48.002] [SEVERE ] setting player 1 freeze to -642
[14:44:48.003] [SEVERE ] setting player 2 freeze to -643
[14:44:48.003] [SEVERE ] setting player 3 freeze to -643
[14:44:48.004] [SEVERE ] setting player 4 freeze to -644
[14:44:48.014] [SEVERE ] setting player 1 freeze to -654
[14:44:48.014] [SEVERE ] setting player 2 freeze to -654
[14:44:48.015] [SEVERE ] setting player 3 freeze to -655
[14:44:48.015] [SEVERE ] setting player 4 freeze to -655
[14:44:48.025] [SEVERE ] setting player 1 freeze to -665
[14:44:48.026] [SEVERE ] setting player 2 freeze to -666
[14:44:48.026] [SEVERE ] setting player 3 freeze to -666
[14:44:48.026] [SEVERE ] setting player 4 freeze to -666
[14:44:48.038] [SEVERE ] setting player 1 freeze to -678
[14:44:48.038] [SEVERE ] setting player 2 freeze to -678
[14:44:48.038] [SEVERE ] setting player 3 freeze to -678
[14:44:48.038] [SEVERE ] setting player 4 freeze to -678
[14:44:48.051] [SEVERE ] setting player 1 freeze to -691
[14:44:48.052] [SEVERE ] setting player 2 freeze to -692
[14:44:48.052] [SEVERE ] setting player 3 freeze to -692
[14:44:48.054] [SEVERE ] setting player 4 freeze to -694
[14:44:48.067] [SEVERE ] setting player 1 freeze to -707
[14:44:48.067] [SEVERE ] setting player 2 freeze to -707
[14:44:48.067] [SEVERE ] setting player 3 freeze to -707
[14:44:48.068] [SEVERE ] setting player 4 freeze to -708
[14:44:48.081] [SEVERE ] setting player 1 freeze to -721
[14:44:48.081] [SEVERE ] setting player 2 freeze to -721
[14:44:48.081] [SEVERE ] setting player 3 freeze to -721
[14:44:48.081] [SEVERE ] setting player 4 freeze to -721
[14:44:48.094] [SEVERE ] setting player 1 freeze to -734
[14:44:48.094] [SEVERE ] setting player 2 freeze to -734
[14:44:48.095] [SEVERE ] setting player 3 freeze to -735
[14:44:48.095] [SEVERE ] setting player 4 freeze to -735
[14:44:48.106] [SEVERE ] setting player 1 freeze to -746
[14:44:48.106] [SEVERE ] setting player 2 freeze to -746
[14:44:48.106] [SEVERE ] setting player 3 freeze to -746
[14:44:48.107] [SEVERE ] setting player 4 freeze to -747
[14:44:48.118] [SEVERE ] setting player 1 freeze to -758
[14:44:48.118] [SEVERE ] setting player 2 freeze to -758
[14:44:48.120] [SEVERE ] setting player 3 freeze to -760
[14:44:48.120] [SEVERE ] setting player 4 freeze to -760
[14:44:48.131] [SEVERE ] setting player 1 freeze to -771
[14:44:48.131] [SEVERE ] setting player 2 freeze to -771
[14:44:48.131] [SEVERE ] setting player 3 freeze to -771
[14:44:48.132] [SEVERE ] setting player 4 freeze to -772
[14:44:48.142] [SEVERE ] setting player 1 freeze to -782
[14:44:48.142] [SEVERE ] setting player 2 freeze to -782
[14:44:48.143] [SEVERE ] setting player 3 freeze to -783
[14:44:48.143] [SEVERE ] setting player 4 freeze to -783
[14:44:48.154] [SEVERE ] setting player 1 freeze to -794
[14:44:48.154] [SEVERE ] setting player 2 freeze to -794
[14:44:48.154] [SEVERE ] setting player 3 freeze to -794
[14:44:48.154] [SEVERE ] setting player 4 freeze to -794
[14:44:48.165] [SEVERE ] setting player 1 freeze to -805
[14:44:48.165] [SEVERE ] setting player 2 freeze to -805
[14:44:48.165] [SEVERE ] setting player 3 freeze to -805
[14:44:48.165] [SEVERE ] setting player 4 freeze to -805
[14:44:48.180] [SEVERE ] setting player 1 freeze to -820
[14:44:48.180] [SEVERE ] setting player 2 freeze to -820
[14:44:48.180] [SEVERE ] setting player 3 freeze to -820
[14:44:48.180] [SEVERE ] setting player 4 freeze to -820
[14:44:48.191] [SEVERE ] setting player 1 freeze to -831
[14:44:48.191] [SEVERE ] setting player 2 freeze to -831
[14:44:48.191] [SEVERE ] setting player 3 freeze to -831
[14:44:48.191] [SEVERE ] setting player 4 freeze to -831
[14:44:48.204] [SEVERE ] setting player 1 freeze to -844
[14:44:48.205] [SEVERE ] setting player 2 freeze to -845
[14:44:48.205] [SEVERE ] setting player 3 freeze to -845
[14:44:48.205] [SEVERE ] setting player 4 freeze to -845
[14:44:48.216] [SEVERE ] setting player 1 freeze to -856
[14:44:48.216] [SEVERE ] setting player 2 freeze to -856
[14:44:48.217] [SEVERE ] setting player 3 freeze to -857
[14:44:48.217] [SEVERE ] setting player 4 freeze to -857
[14:44:48.230] [SEVERE ] setting player 1 freeze to -870
[14:44:48.230] [SEVERE ] setting player 2 freeze to -870
[14:44:48.232] [SEVERE ] setting player 3 freeze to -872
[14:44:48.233] [SEVERE ] setting player 4 freeze to -873
[14:44:48.243] [SEVERE ] setting player 1 freeze to -883
[14:44:48.243] [SEVERE ] setting player 2 freeze to -883
[14:44:48.243] [SEVERE ] setting player 3 freeze to -883
[14:44:48.244] [SEVERE ] setting player 4 freeze to -883
[14:44:48.255] [SEVERE ] setting player 1 freeze to -895
[14:44:48.256] [SEVERE ] setting player 2 freeze to -896
[14:44:48.256] [SEVERE ] setting player 3 freeze to -896
[14:44:48.256] [SEVERE ] setting player 4 freeze to -896
[14:44:48.267] [SEVERE ] setting player 1 freeze to -907
[14:44:48.267] [SEVERE ] setting player 2 freeze to -907
[14:44:48.268] [SEVERE ] setting player 3 freeze to -908
[14:44:48.268] [SEVERE ] setting player 4 freeze to -908
[14:44:48.278] [SEVERE ] setting player 1 freeze to -918
[14:44:48.278] [SEVERE ] setting player 2 freeze to -918
[14:44:48.279] [SEVERE ] setting player 3 freeze to -919
[14:44:48.279] [SEVERE ] setting player 4 freeze to -919
[14:44:48.289] [SEVERE ] setting player 1 freeze to -929
[14:44:48.294] [SEVERE ] setting player 2 freeze to -934
[14:44:48.294] [SEVERE ] setting player 3 freeze to -934
[14:44:48.294] [SEVERE ] setting player 4 freeze to -934
[14:44:48.305] [SEVERE ] setting player 1 freeze to -945
[14:44:48.305] [SEVERE ] setting player 2 freeze to -945
[14:44:48.305] [SEVERE ] setting player 3 freeze to -945
[14:44:48.305] [SEVERE ] setting player 4 freeze to -945
[14:44:48.318] [SEVERE ] setting player 1 freeze to -958
[14:44:48.318] [SEVERE ] setting player 2 freeze to -958
[14:44:48.318] [SEVERE ] setting player 3 freeze to -958
[14:44:48.319] [SEVERE ] setting player 4 freeze to -959
[14:44:48.331] [SEVERE ] setting player 1 freeze to -971
[14:44:48.331] [SEVERE ] setting player 2 freeze to -971
[14:44:48.332] [SEVERE ] setting player 3 freeze to -972
[14:44:48.332] [SEVERE ] setting player 4 freeze to -972
[14:44:48.343] [SEVERE ] setting player 1 freeze to -983
[14:44:48.343] [SEVERE ] setting player 2 freeze to -983
[14:44:48.343] [SEVERE ] setting player 3 freeze to -983
[14:44:48.345] [SEVERE ] setting player 4 freeze to -985
[14:44:48.356] [SEVERE ] setting player 1 freeze to -996
[14:44:48.356] [SEVERE ] setting player 2 freeze to -996
[14:44:48.357] [SEVERE ] setting player 3 freeze to -997
[14:44:48.357] [SEVERE ] setting player 4 freeze to -997
[14:44:48.367] [SEVERE ] setting player 1 freeze to -1007
[14:44:48.367] [SEVERE ] setting player 2 freeze to -1007
[14:44:48.368] [SEVERE ] setting player 3 freeze to -1008
[14:44:48.368] [SEVERE ] setting player 4 freeze to -1008
[14:44:48.378] [SEVERE ] setting player 1 freeze to -1018
[14:44:48.379] [SEVERE ] setting player 2 freeze to -1019
[14:44:48.379] [SEVERE ] setting player 3 freeze to -1019
[14:44:48.379] [SEVERE ] setting player 4 freeze to -1019
[14:44:48.389] [SEVERE ] setting player 1 freeze to -1029
[14:44:48.390] [SEVERE ] setting player 2 freeze to -1030
[14:44:48.390] [SEVERE ] setting player 3 freeze to -1030
[14:44:48.390] [SEVERE ] setting player 4 freeze to -1030
[14:44:48.402] [SEVERE ] setting player 1 freeze to -1042
[14:44:48.402] [SEVERE ] setting player 2 freeze to -1042
[14:44:48.403] [SEVERE ] setting player 3 freeze to -1042
[14:44:48.403] [SEVERE ] setting player 4 freeze to -1043
[14:44:48.413] [SEVERE ] setting player 1 freeze to -1053
[14:44:48.413] [SEVERE ] setting player 2 freeze to -1053
[14:44:48.414] [SEVERE ] setting player 3 freeze to -1054
[14:44:48.414] [SEVERE ] setting player 4 freeze to -1054
[14:44:48.427] [SEVERE ] setting player 1 freeze to -1067
[14:44:48.427] [SEVERE ] setting player 2 freeze to -1067
[14:44:48.427] [SEVERE ] setting player 3 freeze to -1067
[14:44:48.428] [SEVERE ] setting player 4 freeze to -1068
[14:44:48.438] [SEVERE ] setting player 1 freeze to -1078
[14:44:48.438] [SEVERE ] setting player 2 freeze to -1078
[14:44:48.438] [SEVERE ] setting player 3 freeze to -1078
[14:44:48.439] [SEVERE ] setting player 4 freeze to -1079
[14:44:48.449] [SEVERE ] setting player 1 freeze to -1089
[14:44:48.449] [SEVERE ] setting player 2 freeze to -1089
[14:44:48.451] [SEVERE ] setting player 3 freeze to -1091
[14:44:48.451] [SEVERE ] setting player 4 freeze to -1091
[14:44:48.462] [SEVERE ] setting player 1 freeze to -1102
[14:44:48.462] [SEVERE ] setting player 2 freeze to -1102
[14:44:48.463] [SEVERE ] setting player 3 freeze to -1103
[14:44:48.463] [SEVERE ] setting player 4 freeze to -1103
[14:44:48.473] [SEVERE ] setting player 1 freeze to -1113
[14:44:48.473] [SEVERE ] setting player 2 freeze to -1113
[14:44:48.473] [SEVERE ] setting player 3 freeze to -1113
[14:44:48.474] [SEVERE ] setting player 4 freeze to -1114
[14:44:48.484] [SEVERE ] setting player 1 freeze to -1124
[14:44:48.484] [SEVERE ] setting player 2 freeze to -1124
[14:44:48.484] [SEVERE ] setting player 3 freeze to -1124
[14:44:48.485] [SEVERE ] setting player 4 freeze to -1125
[14:44:48.495] [SEVERE ] setting player 1 freeze to -1135
[14:44:48.496] [SEVERE ] setting player 2 freeze to -1136
[14:44:48.496] [SEVERE ] setting player 3 freeze to -1136
[14:44:48.498] [SEVERE ] setting player 4 freeze to -1138
[14:44:48.508] [SEVERE ] setting player 1 freeze to -1148
[14:44:48.508] [SEVERE ] setting player 2 freeze to -1148
[14:44:48.509] [SEVERE ] setting player 3 freeze to -1149
[14:44:48.509] [SEVERE ] setting player 4 freeze to -1149
[14:44:48.519] [SEVERE ] setting player 1 freeze to -1159
[14:44:48.520] [SEVERE ] setting player 2 freeze to -1160
[14:44:48.520] [SEVERE ] setting player 3 freeze to -1160
[14:44:48.520] [SEVERE ] setting player 4 freeze to -1160
[14:44:48.530] [SEVERE ] setting player 1 freeze to -1170
[14:44:48.531] [SEVERE ] setting player 2 freeze to -1171
[14:44:48.531] [SEVERE ] setting player 3 freeze to -1171
[14:44:48.531] [SEVERE ] setting player 4 freeze to -1171
[14:44:48.544] [SEVERE ] setting player 1 freeze to -1184
[14:44:48.544] [SEVERE ] setting player 2 freeze to -1184
[14:44:48.544] [SEVERE ] setting player 3 freeze to -1184
[14:44:48.545] [SEVERE ] setting player 4 freeze to -1185
[14:44:48.555] [SEVERE ] setting player 1 freeze to -1195
[14:44:48.559] [SEVERE ] setting player 2 freeze to -1199
[14:44:48.559] [SEVERE ] setting player 3 freeze to -1199
[14:44:48.559] [SEVERE ] setting player 4 freeze to -1199
[14:44:48.570] [SEVERE ] setting player 1 freeze to -1210
[14:44:48.570] [SEVERE ] setting player 2 freeze to -1210
[14:44:48.571] [SEVERE ] setting player 3 freeze to -1211
[14:44:48.571] [SEVERE ] setting player 4 freeze to -1211
[14:44:48.584] [SEVERE ] setting player 1 freeze to -1224
[14:44:48.584] [SEVERE ] setting player 2 freeze to -1224
[14:44:48.584] [SEVERE ] setting player 3 freeze to -1224
[14:44:48.584] [SEVERE ] setting player 4 freeze to -1224
[14:44:48.595] [SEVERE ] setting player 1 freeze to -1235
[14:44:48.595] [SEVERE ] setting player 2 freeze to -1235
[14:44:48.595] [SEVERE ] setting player 3 freeze to -1235
[14:44:48.595] [SEVERE ] setting player 4 freeze to -1235
[14:44:48.606] [SEVERE ] setting player 1 freeze to -1246
[14:44:48.607] [SEVERE ] setting player 2 freeze to -1247
[14:44:48.607] [SEVERE ] setting player 3 freeze to -1247
[14:44:48.611] [SEVERE ] setting player 4 freeze to -1251
[14:44:48.623] [SEVERE ] setting player 1 freeze to -1263
[14:44:48.624] [SEVERE ] setting player 2 freeze to -1264
[14:44:48.624] [SEVERE ] setting player 3 freeze to -1264
[14:44:48.624] [SEVERE ] setting player 4 freeze to -1264
[14:44:48.635] [SEVERE ] setting player 1 freeze to -1275
[14:44:48.635] [SEVERE ] setting player 2 freeze to -1275
[14:44:48.635] [SEVERE ] setting player 3 freeze to -1275
[14:44:48.635] [SEVERE ] setting player 4 freeze to -1275
[14:44:48.646] [SEVERE ] setting player 1 freeze to -1286
[14:44:48.646] [SEVERE ] setting player 2 freeze to -1286
[14:44:48.646] [SEVERE ] setting player 3 freeze to -1286
[14:44:48.647] [SEVERE ] setting player 4 freeze to -1286
[14:44:48.658] [SEVERE ] setting player 1 freeze to -1298
[14:44:48.658] [SEVERE ] setting player 2 freeze to -1298
[14:44:48.658] [SEVERE ] setting player 3 freeze to -1298
[14:44:48.659] [SEVERE ] setting player 4 freeze to -1299
[14:44:48.669] [SEVERE ] setting player 1 freeze to -1309
[14:44:48.673] [SEVERE ] setting player 2 freeze to -1313
[14:44:48.673] [SEVERE ] setting player 3 freeze to -1313
[14:44:48.673] [SEVERE ] setting player 4 freeze to -1313
[14:44:48.684] [SEVERE ] setting player 1 freeze to -1324
[14:44:48.684] [SEVERE ] setting player 2 freeze to -1324
[14:44:48.685] [SEVERE ] setting player 3 freeze to -1325
[14:44:48.685] [SEVERE ] setting player 4 freeze to -1325
[14:44:48.696] [SEVERE ] setting player 1 freeze to -1336
[14:44:48.697] [SEVERE ] setting player 2 freeze to -1337
[14:44:48.697] [SEVERE ] setting player 3 freeze to -1337
[14:44:48.697] [SEVERE ] setting player 4 freeze to -1337
[14:44:48.708] [SEVERE ] setting player 1 freeze to -1348
[14:44:48.708] [SEVERE ] setting player 2 freeze to -1348
[14:44:48.708] [SEVERE ] setting player 3 freeze to -1348
[14:44:48.708] [SEVERE ] setting player 4 freeze to -1348
[14:44:48.720] [SEVERE ] setting player 1 freeze to -1360
[14:44:48.720] [SEVERE ] setting player 2 freeze to -1360
[14:44:48.722] [SEVERE ] setting player 3 freeze to -1362
[14:44:48.722] [SEVERE ] setting player 4 freeze to -1362
[14:44:48.732] [SEVERE ] setting player 1 freeze to -1372
[14:44:48.733] [SEVERE ] setting player 2 freeze to -1373
[14:44:48.733] [SEVERE ] setting player 3 freeze to -1373
[14:44:48.733] [SEVERE ] setting player 4 freeze to -1373
[14:44:48.743] [SEVERE ] setting player 1 freeze to -1383
[14:44:48.743] [SEVERE ] setting player 2 freeze to -1383
[14:44:48.744] [SEVERE ] setting player 3 freeze to -1384
[14:44:48.744] [SEVERE ] setting player 4 freeze to -1384
[14:44:48.754] [SEVERE ] setting player 1 freeze to -1394
[14:44:48.755] [SEVERE ] setting player 2 freeze to -1394
[14:44:48.755] [SEVERE ] setting player 3 freeze to -1395
[14:44:48.755] [SEVERE ] setting player 4 freeze to -1395
[14:44:48.767] [SEVERE ] setting player 1 freeze to -1407
[14:44:48.767] [SEVERE ] setting player 2 freeze to -1407
[14:44:48.767] [SEVERE ] setting player 3 freeze to -1407
[14:44:48.767] [SEVERE ] setting player 4 freeze to -1407
[14:44:48.778] [SEVERE ] setting player 1 freeze to -1418
[14:44:48.780] [SEVERE ] setting player 2 freeze to -1420
[14:44:48.780] [SEVERE ] setting player 3 freeze to -1420
[14:44:48.780] [SEVERE ] setting player 4 freeze to -1420
[14:44:48.791] [SEVERE ] setting player 1 freeze to -1431
[14:44:48.791] [SEVERE ] setting player 2 freeze to -1431
[14:44:48.791] [SEVERE ] setting player 3 freeze to -1431
[14:44:48.792] [SEVERE ] setting player 4 freeze to -1432
[14:44:48.802] [SEVERE ] setting player 1 freeze to -1442
[14:44:48.802] [SEVERE ] setting player 2 freeze to -1442
[14:44:48.802] [SEVERE ] setting player 3 freeze to -1442
[14:44:48.803] [SEVERE ] setting player 4 freeze to -1443
[14:44:48.813] [SEVERE ] setting player 1 freeze to -1453
[14:44:48.814] [SEVERE ] setting player 2 freeze to -1454
[14:44:48.814] [SEVERE ] setting player 3 freeze to -1454
[14:44:48.814] [SEVERE ] setting player 4 freeze to -1454
[14:44:48.826] [SEVERE ] setting player 1 freeze to -1466
[14:44:48.826] [SEVERE ] setting player 2 freeze to -1466
[14:44:48.827] [SEVERE ] setting player 3 freeze to -1467
[14:44:48.827] [SEVERE ] setting player 4 freeze to -1467
[14:44:48.838] [SEVERE ] setting player 1 freeze to -1478
[14:44:48.838] [SEVERE ] setting player 2 freeze to -1478
[14:44:48.838] [SEVERE ] setting player 3 freeze to -1478
[14:44:48.838] [SEVERE ] setting player 4 freeze to -1478
[14:44:48.849] [SEVERE ] setting player 1 freeze to -1489
[14:44:48.849] [SEVERE ] setting player 2 freeze to -1489
[14:44:48.849] [SEVERE ] setting player 3 freeze to -1489
[14:44:48.849] [SEVERE ] setting player 4 freeze to -1489
[14:44:48.860] [SEVERE ] setting player 1 freeze to -1500
[14:44:48.860] [SEVERE ] setting player 2 freeze to -1500
[14:44:48.860] [SEVERE ] setting player 3 freeze to -1500
[14:44:48.860] [SEVERE ] setting player 4 freeze to -1500
[14:44:48.871] [SEVERE ] setting player 1 freeze to -1511
[14:44:48.872] [SEVERE ] setting player 2 freeze to -1512
[14:44:48.872] [SEVERE ] setting player 3 freeze to -1512
[14:44:48.872] [SEVERE ] setting player 4 freeze to -1512
[14:44:48.885] [SEVERE ] setting player 1 freeze to -1525
[14:44:48.885] [SEVERE ] setting player 2 freeze to -1525
[14:44:48.889] [SEVERE ] setting player 3 freeze to -1529
[14:44:48.889] [SEVERE ] setting player 4 freeze to -1529
[14:44:48.899] [SEVERE ] setting player 1 freeze to -1539
[14:44:48.900] [SEVERE ] setting player 2 freeze to -1540
[14:44:48.900] [SEVERE ] setting player 3 freeze to -1540
[14:44:48.900] [SEVERE ] setting player 4 freeze to -1540
[14:44:48.910] [SEVERE ] setting player 1 freeze to -1550
[14:44:48.911] [SEVERE ] setting player 2 freeze to -1551
[14:44:48.911] [SEVERE ] setting player 3 freeze to -1551
[14:44:48.911] [SEVERE ] setting player 4 freeze to -1551
[14:44:48.923] [SEVERE ] setting player 1 freeze to -1563
[14:44:48.923] [SEVERE ] setting player 2 freeze to -1563
[14:44:48.923] [SEVERE ] setting player 3 freeze to -1563
[14:44:48.923] [SEVERE ] setting player 4 freeze to -1563
[14:44:48.934] [SEVERE ] setting player 1 freeze to -1574
[14:44:48.934] [SEVERE ] setting player 2 freeze to -1574
[14:44:48.934] [SEVERE ] setting player 3 freeze to -1574
[14:44:48.934] [SEVERE ] setting player 4 freeze to -1574
[14:44:48.945] [SEVERE ] setting player 1 freeze to -1585
[14:44:48.945] [SEVERE ] setting player 2 freeze to -1585
[14:44:48.946] [SEVERE ] setting player 3 freeze to -1586
[14:44:48.946] [SEVERE ] setting player 4 freeze to -1586
[14:44:48.956] [SEVERE ] setting player 1 freeze to -1596
[14:44:48.957] [SEVERE ] setting player 2 freeze to -1597
[14:44:48.957] [SEVERE ] setting player 3 freeze to -1597
[14:44:48.957] [SEVERE ] setting player 4 freeze to -1597
[14:44:48.968] [SEVERE ] setting player 1 freeze to -1608
[14:44:48.968] [SEVERE ] setting player 2 freeze to -1608
[14:44:48.968] [SEVERE ] setting player 3 freeze to -1608
[14:44:48.968] [SEVERE ] setting player 4 freeze to -1608
[14:44:48.979] [SEVERE ] setting player 1 freeze to -1619
[14:44:48.979] [SEVERE ] setting player 2 freeze to -1619
[14:44:48.979] [SEVERE ] setting player 3 freeze to -1619
[14:44:48.979] [SEVERE ] setting player 4 freeze to -1619
[14:44:48.990] [SEVERE ] setting player 1 freeze to -1630
[14:44:48.990] [SEVERE ] setting player 2 freeze to -1630
[14:44:48.990] [SEVERE ] setting player 3 freeze to -1630
[14:44:48.994] [SEVERE ] setting player 4 freeze to -1633
[14:44:49.006] [SEVERE ] setting player 1 freeze to -1646
[14:44:49.007] [SEVERE ] setting player 2 freeze to -1646
[14:44:49.007] [SEVERE ] setting player 3 freeze to -1647
[14:44:49.007] [SEVERE ] setting player 4 freeze to -1647
[14:44:49.020] [SEVERE ] setting player 1 freeze to -1660
[14:44:49.020] [SEVERE ] setting player 2 freeze to -1660
[14:44:49.020] [SEVERE ] setting player 3 freeze to -1660
[14:44:49.020] [SEVERE ] setting player 4 freeze to -1660
[14:44:49.031] [SEVERE ] setting player 1 freeze to -1671
[14:44:49.032] [SEVERE ] setting player 2 freeze to -1672
[14:44:49.032] [SEVERE ] setting player 3 freeze to -1672
[14:44:49.032] [SEVERE ] setting player 4 freeze to -1672
[14:44:49.043] [SEVERE ] setting player 1 freeze to -1683
[14:44:49.043] [SEVERE ] setting player 2 freeze to -1683
[14:44:49.043] [SEVERE ] setting player 3 freeze to -1683
[14:44:49.043] [SEVERE ] setting player 4 freeze to -1683
[14:44:49.054] [SEVERE ] setting player 1 freeze to -1694
[14:44:49.057] [SEVERE ] setting player 2 freeze to -1697
[14:44:49.058] [SEVERE ] setting player 3 freeze to -1698
[14:44:49.058] [SEVERE ] setting player 4 freeze to -1698
[14:44:49.068] [SEVERE ] setting player 1 freeze to -1708
[14:44:49.069] [SEVERE ] setting player 2 freeze to -1709
[14:44:49.069] [SEVERE ] setting player 3 freeze to -1709
[14:44:49.069] [SEVERE ] setting player 4 freeze to -1709
[14:44:49.082] [SEVERE ] setting player 1 freeze to -1722
[14:44:49.082] [SEVERE ] setting player 2 freeze to -1722
[14:44:49.082] [SEVERE ] setting player 3 freeze to -1722
[14:44:49.082] [SEVERE ] setting player 4 freeze to -1722
[14:44:49.093] [SEVERE ] setting player 1 freeze to -1733
[14:44:49.093] [SEVERE ] setting player 2 freeze to -1733
[14:44:49.093] [SEVERE ] setting player 3 freeze to -1733
[14:44:49.093] [SEVERE ] setting player 4 freeze to -1733
[14:44:49.104] [SEVERE ] setting player 1 freeze to -1744
[14:44:49.104] [SEVERE ] setting player 2 freeze to -1744
[14:44:49.105] [SEVERE ] setting player 3 freeze to -1745
[14:44:49.105] [SEVERE ] setting player 4 freeze to -1745
[14:44:49.115] [SEVERE ] setting player 1 freeze to -1755
[14:44:49.116] [SEVERE ] setting player 2 freeze to -1756
[14:44:49.116] [SEVERE ] setting player 3 freeze to -1756
[14:44:49.116] [SEVERE ] setting player 4 freeze to -1756
[14:44:49.127] [SEVERE ] setting player 1 freeze to -1767
[14:44:49.128] [SEVERE ] setting player 2 freeze to -1768
[14:44:49.128] [SEVERE ] setting player 3 freeze to -1768
[14:44:49.128] [SEVERE ] setting player 4 freeze to -1768
[14:44:49.138] [SEVERE ] setting player 1 freeze to -1778
[14:44:49.138] [SEVERE ] setting player 2 freeze to -1778
[14:44:49.139] [SEVERE ] setting player 3 freeze to -1779
[14:44:49.139] [SEVERE ] setting player 4 freeze to -1779
[14:44:49.151] [SEVERE ] setting player 1 freeze to -1791
[14:44:49.151] [SEVERE ] setting player 2 freeze to -1791
[14:44:49.151] [SEVERE ] setting player 3 freeze to -1791
[14:44:49.151] [SEVERE ] setting player 4 freeze to -1791
[14:44:49.164] [SEVERE ] setting player 1 freeze to -1804
[14:44:49.164] [SEVERE ] setting player 2 freeze to -1804
[14:44:49.167] [SEVERE ] setting player 3 freeze to -1807
[14:44:49.167] [SEVERE ] setting player 4 freeze to -1807
[14:44:49.178] [SEVERE ] setting player 1 freeze to -1818
[14:44:49.178] [SEVERE ] setting player 2 freeze to -1818
[14:44:49.178] [SEVERE ] setting player 3 freeze to -1818
[14:44:49.178] [SEVERE ] setting player 4 freeze to -1818
[14:44:49.189] [SEVERE ] setting player 1 freeze to -1829
[14:44:49.189] [SEVERE ] setting player 2 freeze to -1829
[14:44:49.189] [SEVERE ] setting player 3 freeze to -1829
[14:44:49.189] [SEVERE ] setting player 4 freeze to -1829
[14:44:49.202] [SEVERE ] setting player 1 freeze to -1842
[14:44:49.202] [SEVERE ] setting player 2 freeze to -1842
[14:44:49.202] [SEVERE ] setting player 3 freeze to -1842
[14:44:49.202] [SEVERE ] setting player 4 freeze to -1842
[14:44:49.213] [SEVERE ] setting player 1 freeze to -1853
[14:44:49.213] [SEVERE ] setting player 2 freeze to -1853
[14:44:49.213] [SEVERE ] setting player 3 freeze to -1853
[14:44:49.213] [SEVERE ] setting player 4 freeze to -1853
[14:44:49.224] [SEVERE ] setting player 1 freeze to -1864
[14:44:49.224] [SEVERE ] setting player 2 freeze to -1864
[14:44:49.224] [SEVERE ] setting player 3 freeze to -1864
[14:44:49.225] [SEVERE ] setting player 4 freeze to -1865
[14:44:49.237] [SEVERE ] setting player 1 freeze to -1877
[14:44:49.237] [SEVERE ] setting player 2 freeze to -1877
[14:44:49.237] [SEVERE ] setting player 3 freeze to -1877
[14:44:49.237] [SEVERE ] setting player 4 freeze to -1877
[14:44:49.248] [SEVERE ] setting player 1 freeze to -1888
[14:44:49.249] [SEVERE ] setting player 2 freeze to -1889
[14:44:49.249] [SEVERE ] setting player 3 freeze to -1889
[14:44:49.249] [SEVERE ] setting player 4 freeze to -1889
[14:44:49.259] [SEVERE ] setting player 1 freeze to -1899
[14:44:49.259] [SEVERE ] setting player 2 freeze to -1899
[14:44:49.259] [SEVERE ] setting player 3 freeze to -1899
[14:44:49.260] [SEVERE ] setting player 4 freeze to -1900
[14:44:49.270] [SEVERE ] setting player 1 freeze to -1910
[14:44:49.270] [SEVERE ] setting player 2 freeze to -1910
[14:44:49.270] [SEVERE ] setting player 3 freeze to -1910
[14:44:49.270] [SEVERE ] setting player 4 freeze to -1910
[14:44:49.281] [SEVERE ] setting player 1 freeze to -1921
[14:44:49.281] [SEVERE ] setting player 2 freeze to -1921
[14:44:49.281] [SEVERE ] setting player 3 freeze to -1921
[14:44:49.281] [SEVERE ] setting player 4 freeze to -1921
[14:44:49.292] [SEVERE ] setting player 1 freeze to -1932
[14:44:49.292] [SEVERE ] setting player 2 freeze to -1932
[14:44:49.292] [SEVERE ] setting player 3 freeze to -1932
[14:44:49.293] [SEVERE ] setting player 4 freeze to -1933
[14:44:49.305] [SEVERE ] setting player 1 freeze to -1945
[14:44:49.305] [SEVERE ] setting player 2 freeze to -1945
[14:44:49.305] [SEVERE ] setting player 3 freeze to -1945
[14:44:49.305] [SEVERE ] setting player 4 freeze to -1945
[14:44:49.318] [SEVERE ] setting player 1 freeze to -1958
[14:44:49.318] [SEVERE ] setting player 2 freeze to -1958
[14:44:49.318] [SEVERE ] setting player 3 freeze to -1958
[14:44:49.318] [SEVERE ] setting player 4 freeze to -1958
[14:44:49.330] [SEVERE ] setting player 1 freeze to -1970
[14:44:49.330] [SEVERE ] setting player 2 freeze to -1970
[14:44:49.330] [SEVERE ] setting player 3 freeze to -1970
[14:44:49.331] [SEVERE ] setting player 4 freeze to -1971
[14:44:49.341] [SEVERE ] setting player 1 freeze to -1981
[14:44:49.341] [SEVERE ] setting player 2 freeze to -1981
[14:44:49.342] [SEVERE ] setting player 3 freeze to -1982
[14:44:49.342] [SEVERE ] setting player 4 freeze to -1982
[14:44:49.352] [SEVERE ] setting player 1 freeze to -1992
[14:44:49.353] [SEVERE ] setting player 2 freeze to -1993
[14:44:49.353] [SEVERE ] setting player 3 freeze to -1993
[14:44:49.353] [SEVERE ] setting player 4 freeze to -1993
[14:44:49.363] [SEVERE ] setting player 1 freeze to -2003
[14:44:49.363] [SEVERE ] setting player 2 freeze to -2003
[14:44:49.364] [SEVERE ] setting player 3 freeze to -2004
[14:44:49.364] [SEVERE ] setting player 4 freeze to -2004
[14:44:49.365] [SEVERE ] player 4 placing token on slot 0
[14:44:49.365] [SEVERE ] player 1 placing token on slot 4
[14:44:49.366] [SEVERE ] player 4 placing token on slot 3
[14:44:49.367] [SEVERE ] player 2 placing token on slot 9
[14:44:49.367] [SEVERE ] player 1 placing token on slot 11
[14:44:49.368] [SEVERE ] player 4 placing token on slot 10
[14:44:49.368] [SEVERE ] player 1 placing token on slot 1
[14:44:49.369] [SEVERE ] setting player 1 freeze to -2009
[14:44:49.370] [SEVERE ] player 2 placing token on slot 5
[14:44:49.369] [SEVERE ] setting player 2 freeze to -2009
[14:44:49.370] [SEVERE ] setting player 3 freeze to -2010
[14:44:49.370] [SEVERE ] setting player 4 freeze to -1
[14:44:49.371] [SEVERE ] setting player 1 freeze to -2011
[14:44:49.371] [SEVERE ] setting player 2 freeze to -2011
[14:44:49.371] [SEVERE ] setting player 3 freeze to -2011
[14:44:49.371] [SEVERE ] setting player 4 freeze to -2
[14:44:49.371] [SEVERE ] player 2 placing token on slot 11
[14:44:49.373] [SEVERE ] removing player 4 token from slot 3
[14:44:49.373] [SEVERE ] setting player 1 freeze to -2013
[14:44:49.373] [SEVERE ] setting player 2 freeze to 0
[14:44:49.373] [SEVERE ] setting player 3 freeze to -2013
[14:44:49.373] [SEVERE ] setting player 4 freeze to -4
[14:44:49.375] [SEVERE ] player 4 placing token on slot 7
[14:44:49.375] [SEVERE ] removing player 2 token from slot 5
[14:44:49.375] [SEVERE ] setting player 1 freeze to -2015
[14:44:49.376] [SEVERE ] setting player 2 freeze to -3
[14:44:49.376] [SEVERE ] setting player 3 freeze to -2016
[14:44:49.376] [SEVERE ] setting player 4 freeze to -1
[14:44:49.377] [SEVERE ] player 2 placing token on slot 8
[14:44:49.377] [SEVERE ] player 3 placing token on slot 6
[14:44:49.378] [SEVERE ] setting player 1 freeze to -2018
[14:44:49.378] [SEVERE ] setting player 2 freeze to 0
[14:44:49.378] [SEVERE ] removing player 2 token from slot 9
[14:44:49.378] [SEVERE ] setting player 3 freeze to -2018
[14:44:49.379] [SEVERE ] setting player 4 freeze to -4
[14:44:49.379] [SEVERE ] player 3 placing token on slot 2
[14:44:49.381] [SEVERE ] player 2 placing token on slot 5
[14:44:49.382] [SEVERE ] player 3 placing token on slot 11
[14:44:49.383] [SEVERE ] setting player 1 freeze to -2023
[14:44:49.383] [SEVERE ] setting player 2 freeze to 0
[14:44:49.383] [SEVERE ] setting player 3 freeze to -2023
[14:44:49.383] [SEVERE ] setting player 4 freeze to -8
[14:44:49.384] [SEVERE ] setting player 1 freeze to -2024
[14:44:49.384] [SEVERE ] setting player 2 freeze to -1
[14:44:49.384] [SEVERE ] setting player 3 freeze to -1
[14:44:49.384] [SEVERE ] setting player 4 freeze to -9
[14:44:49.385] [SEVERE ] removing player 4 token from slot 10
[14:44:49.386] [SEVERE ] player 4 placing token on slot 9
[14:44:49.387] [SEVERE ] setting player 1 freeze to -2027
[14:44:49.387] [SEVERE ] setting player 2 freeze to -4
[14:44:49.387] [SEVERE ] setting player 3 freeze to -4
[14:44:49.387] [SEVERE ] setting player 4 freeze to 0
[14:44:49.391] [SEVERE ] removing player 2 token from slot 11
[14:44:49.392] [SEVERE ] player 2 placing token on slot 11
[14:44:49.393] [SEVERE ] setting player 1 freeze to -2033
[14:44:49.393] [SEVERE ] setting player 2 freeze to 0
[14:44:49.393] [SEVERE ] setting player 3 freeze to -10
[14:44:49.393] [SEVERE ] setting player 4 freeze to -6
[14:44:49.396] [SEVERE ] removing player 2 token from slot 5
[14:44:49.398] [SEVERE ] removing player 3 token from slot 11
[14:44:49.399] [SEVERE ] player 2 placing token on slot 4
[14:44:49.400] [SEVERE ] setting player 1 freeze to -2040
[14:44:49.400] [SEVERE ] setting player 2 freeze to 0
[14:44:49.400] [SEVERE ] setting player 3 freeze to -17
[14:44:49.400] [SEVERE ] setting player 4 freeze to -13
[14:44:49.400] [SEVERE ] removing player 4 token from slot 0
[14:44:49.402] [SEVERE ] removing player 2 token from slot 8
[14:44:49.402] [SEVERE ] removing player 3 token from slot 2
[14:44:49.402] [SEVERE ] removing player 4 token from slot 7
[14:44:49.403] [SEVERE ] player 2 placing token on slot 8
[14:44:49.404] [SEVERE ] player 3 placing token on slot 10
[14:44:49.404] [SEVERE ] player 4 placing token on slot 7
[14:44:49.405] [SEVERE ] setting player 1 freeze to -2045
[14:44:49.405] [SEVERE ] setting player 2 freeze to -1
[14:44:49.405] [SEVERE ] setting player 3 freeze to -22
[14:44:49.405] [SEVERE ] setting player 4 freeze to -18
[14:44:49.405] [SEVERE ] removing player 2 token from slot 8
[14:44:49.408] [SEVERE ] player 3 placing token on slot 7
[14:44:49.409] [SEVERE ] removing player 4 token from slot 7
[14:44:49.409] [SEVERE ] player 2 placing token on slot 3
[14:44:49.410] [SEVERE ] setting player 1 freeze to -2050
[14:44:49.410] [SEVERE ] setting player 2 freeze to -6
[14:44:49.410] [SEVERE ] setting player 3 freeze to 0
[14:44:49.410] [SEVERE ] setting player 4 freeze to -23
[14:44:49.410] [SEVERE ] setting player 1 freeze to -2050
[14:44:49.410] [SEVERE ] setting player 2 freeze to 0
[14:44:49.410] [SEVERE ] setting player 3 freeze to 0
[14:44:49.410] [SEVERE ] setting player 4 freeze to -23
[14:44:49.410] [SEVERE ] removing player 2 token from slot 3
[14:44:49.411] [SEVERE ] player 4 placing token on slot 6
[14:44:49.412] [SEVERE ] player 4 placing token on slot 1
[14:44:49.413] [SEVERE ] removing player 2 token from slot 4
[14:44:49.413] [SEVERE ] setting player 1 freeze to -2053
[14:44:49.413] [SEVERE ] setting player 2 freeze to -3
[14:44:49.413] [SEVERE ] setting player 3 freeze to -3
[14:44:49.414] [SEVERE ] setting player 4 freeze to -1
[14:44:49.414] [SEVERE ] player 2 placing token on slot 9
[14:44:49.415] [SEVERE ] removing player 3 token from slot 7
[14:44:49.416] [SEVERE ] setting player 1 freeze to -2056
[14:44:49.416] [SEVERE ] setting player 2 freeze to -6
[14:44:49.416] [SEVERE ] setting player 3 freeze to -6
[14:44:49.416] [SEVERE ] setting player 4 freeze to -3
[14:44:49.419] [SEVERE ] removing player 4 token from slot 9
[14:44:49.419] [SEVERE ] player 2 placing token on slot 3
[14:44:49.419] [SEVERE ] player 3 placing token on slot 3
[14:44:49.420] [SEVERE ] setting player 1 freeze to -2060
[14:44:49.420] [SEVERE ] setting player 2 freeze to 0
[14:44:49.420] [SEVERE ] setting player 3 freeze to -10
[14:44:49.420] [SEVERE ] setting player 4 freeze to -7
[14:44:49.420] [SEVERE ] setting player 1 freeze to -2060
[14:44:49.420] [SEVERE ] setting player 2 freeze to 0
[14:44:49.420] [SEVERE ] setting player 3 freeze to 0
[14:44:49.420] [SEVERE ] setting player 4 freeze to -7
[14:44:49.421] [SEVERE ] removing player 4 token from slot 6
[14:44:49.422] [SEVERE ] player 4 placing token on slot 9
[14:44:49.424] [SEVERE ] player 4 placing token on slot 10
[14:44:49.425] [SEVERE ] setting player 1 freeze to -2065
[14:44:49.426] [SEVERE ] setting player 2 freeze to -6
[14:44:49.426] [SEVERE ] setting player 3 freeze to -6
[14:44:49.426] [SEVERE ] setting player 4 freeze to -1
[14:44:49.437] [SEVERE ] setting player 1 freeze to -1
[14:44:49.437] [SEVERE ] setting player 2 freeze to -17
[14:44:49.437] [SEVERE ] setting player 3 freeze to -17
[14:44:49.437] [SEVERE ] setting player 4 freeze to -12
[14:44:49.437] [SEVERE ] removing player 4 token from slot 9
[14:44:49.439] [SEVERE ] player 4 placing token on slot 7
[14:44:49.439] [SEVERE ] removing player 3 token from slot 3
[14:44:49.440] [SEVERE ] setting player 1 freeze to -4
[14:44:49.441] [SEVERE ] setting player 2 freeze to -21
[14:44:49.441] [SEVERE ] setting player 3 freeze to -21
[14:44:49.441] [SEVERE ] setting player 4 freeze to -1
[14:44:49.441] [SEVERE ] player 3 placing token on slot 4
[14:44:49.441] [SEVERE ] setting player 1 freeze to -5
[14:44:49.442] [SEVERE ] setting player 2 freeze to -22
[14:44:49.442] [SEVERE ] setting player 3 freeze to -1
[14:44:49.442] [SEVERE ] setting player 4 freeze to -2
[14:44:49.446] [SEVERE ] removing player 4 token from slot 10
[14:44:49.448] [SEVERE ] removing player 1 token from slot 1
[14:44:49.448] [SEVERE ] player 4 placing token on slot 4
[14:44:49.448] [SEVERE ] removing player 3 token from slot 4
[14:44:49.448] [SEVERE ] setting player 1 freeze to -12
[14:44:49.448] [SEVERE ] setting player 2 freeze to -28
[14:44:49.448] [SEVERE ] setting player 3 freeze to -7
[14:44:49.448] [SEVERE ] setting player 4 freeze to -8
[14:44:49.449] [SEVERE ] removing player 2 token from slot 9
[14:44:49.449] [SEVERE ] setting player 1 freeze to -13
[14:44:49.449] [SEVERE ] setting player 2 freeze to -29
[14:44:49.449] [SEVERE ] setting player 3 freeze to -8
[14:44:49.449] [SEVERE ] player 1 placing token on slot 10
[14:44:49.449] [SEVERE ] setting player 4 freeze to 0
[14:44:49.449] [SEVERE ] player 3 placing token on slot 2
[14:44:49.450] [SEVERE ] player 2 placing token on slot 7
[14:44:49.450] [SEVERE ] setting player 1 freeze to -14
[14:44:49.450] [SEVERE ] setting player 2 freeze to -30
[14:44:49.450] [SEVERE ] setting player 3 freeze to 0
[14:44:49.450] [SEVERE ] setting player 4 freeze to -1
[14:44:49.451] [SEVERE ] setting player 1 freeze to -15
[14:44:49.451] [SEVERE ] setting player 2 freeze to 0
[14:44:49.451] [SEVERE ] setting player 3 freeze to -1
[14:44:49.451] [SEVERE ] setting player 4 freeze to -2
[14:44:49.451] [SEVERE ] removing player 2 token from slot 11
[14:44:49.453] [SEVERE ] removing player 3 token from slot 2
[14:44:49.453] [SEVERE ] removing player 2 token from slot 3
[14:44:49.454] [SEVERE ] removing player 4 token from slot 7
[14:44:49.454] [SEVERE ] removing player 2 token from slot 7
[14:44:49.454] [SEVERE ] player 3 placing token on slot 3
[14:44:49.455] [SEVERE ] setting player 1 freeze to -19
[14:44:49.455] [SEVERE ] setting player 2 freeze to -4
[14:44:49.455] [SEVERE ] setting player 3 freeze to -5
[14:44:49.455] [SEVERE ] setting player 4 freeze to -6
[14:44:49.455] [SEVERE ] setting player 1 freeze to -19
[14:44:49.455] [SEVERE ] player 4 placing token on slot 2
[14:44:49.455] [SEVERE ] setting player 2 freeze to -4
[14:44:49.456] [SEVERE ] player 2 placing token on slot 0
[14:44:49.456] [SEVERE ] setting player 3 freeze to -1
[14:44:49.456] [SEVERE ] setting player 4 freeze to -7
[14:44:49.457] [SEVERE ] setting player 1 freeze to -21
[14:44:49.457] [SEVERE ] setting player 2 freeze to -6
[14:44:49.457] [SEVERE ] setting player 3 freeze to -2
[14:44:49.457] [SEVERE ] setting player 4 freeze to 0
[14:44:49.457] [SEVERE ] player 2 placing token on slot 11
[14:44:49.459] [SEVERE ] player 2 placing token on slot 9
[14:44:49.459] [SEVERE ] setting player 1 freeze to -23
[14:44:49.459] [SEVERE ] removing player 3 token from slot 10
[14:44:49.459] [SEVERE ] setting player 2 freeze to 0
[14:44:49.459] [SEVERE ] setting player 3 freeze to -4
[14:44:49.459] [SEVERE ] setting player 4 freeze to -2
[14:44:49.460] [SEVERE ] player 3 placing token on slot 11
[14:44:49.461] [SEVERE ] setting player 1 freeze to -25
[14:44:49.461] [SEVERE ] setting player 2 freeze to -2
[14:44:49.461] [SEVERE ] setting player 3 freeze to 0
[14:44:49.461] [SEVERE ] setting player 4 freeze to -4
[14:44:49.461] [SEVERE ] removing player 2 token from slot 0
[14:44:49.462] [SEVERE ] setting player 1 freeze to -1
[14:44:49.462] [SEVERE ] setting player 2 freeze to -3
[14:44:49.462] [SEVERE ] setting player 3 freeze to -1
[14:44:49.462] [SEVERE ] setting player 4 freeze to -5
[14:44:49.462] [SEVERE ] removing player 4 token from slot 2
[14:44:49.462] [SEVERE ] removing player 3 token from slot 3
[14:44:49.463] [SEVERE ] player 2 placing token on slot 5
[14:44:49.463] [SEVERE ] setting player 1 freeze to -2
[14:44:49.463] [SEVERE ] setting player 2 freeze to 0
[14:44:49.463] [SEVERE ] setting player 3 freeze to -2
[14:44:49.463] [SEVERE ] player 4 placing token on slot 2
[14:44:49.463] [SEVERE ] setting player 4 freeze to -6
[14:44:49.463] [SEVERE ] player 3 placing token on slot 9
[14:44:49.464] [SEVERE ] setting player 1 freeze to -3
[14:44:49.464] [SEVERE ] removing player 1 token from slot 4
[14:44:49.464] [SEVERE ] setting player 2 freeze to -1
[14:44:49.464] [SEVERE ] setting player 3 freeze to -3
[14:44:49.464] [SEVERE ] setting player 4 freeze to 0
[14:44:49.465] [SEVERE ] setting player 1 freeze to -4
[14:44:49.465] [SEVERE ] setting player 2 freeze to -2
[14:44:49.465] [SEVERE ] setting player 3 freeze to 0
[14:44:49.465] [SEVERE ] setting player 4 freeze to -1
[14:44:49.465] [SEVERE ] setting player 1 freeze to -4
[14:44:49.465] [SEVERE ] removing player 1 token from slot 11
[14:44:49.465] [SEVERE ] setting player 2 freeze to -2
[14:44:49.465] [SEVERE ] removing player 2 token from slot 9
[14:44:49.466] [SEVERE ] setting player 3 freeze to -1
[14:44:49.466] [SEVERE ] setting player 4 freeze to -2
[14:44:49.466] [SEVERE ] player 1 placing token on slot 5
[14:44:49.467] [SEVERE ] player 2 placing token on slot 2
[14:44:49.467] [SEVERE ] setting player 1 freeze to -6
[14:44:49.468] [SEVERE ] setting player 2 freeze to -5
[14:44:49.468] [SEVERE ] setting player 3 freeze to -3
[14:44:49.468] [SEVERE ] setting player 4 freeze to -4
[14:44:49.468] [SEVERE ] player 1 placing token on slot 3
[14:44:49.468] [SEVERE ] removing player 3 token from slot 9
[14:44:49.469] [SEVERE ] setting player 1 freeze to -8
[14:44:49.469] [SEVERE ] setting player 2 freeze to 0
[14:44:49.469] [SEVERE ] setting player 3 freeze to -4
[14:44:49.469] [SEVERE ] setting player 4 freeze to -5
[14:44:49.470] [SEVERE ] setting player 1 freeze to -9
[14:44:49.470] [SEVERE ] setting player 2 freeze to -1
[14:44:49.470] [SEVERE ] setting player 3 freeze to -5
[14:44:49.470] [SEVERE ] setting player 4 freeze to -6
[14:44:49.470] [SEVERE ] player 3 placing token on slot 4
[14:44:49.470] [SEVERE ] setting player 1 freeze to -9
[14:44:49.470] [SEVERE ] setting player 2 freeze to -1
[14:44:49.470] [SEVERE ] setting player 3 freeze to -5
[14:44:49.470] [SEVERE ] setting player 4 freeze to -6
[14:44:49.471] [SEVERE ] setting player 1 freeze to -10
[14:44:49.472] [SEVERE ] setting player 2 freeze to -2
[14:44:49.472] [SEVERE ] setting player 3 freeze to -1
[14:44:49.472] [SEVERE ] setting player 4 freeze to -8
[14:44:49.473] [SEVERE ] removing player 3 token from slot 4
[14:44:49.473] [SEVERE ] removing player 2 token from slot 11
[14:44:49.473] [SEVERE ] removing player 4 token from slot 1
[14:44:49.474] [SEVERE ] player 3 placing token on slot 8
[14:44:49.475] [SEVERE ] player 2 placing token on slot 10
[14:44:49.475] [SEVERE ] player 4 placing token on slot 9
[14:44:49.475] [SEVERE ] setting player 1 freeze to -14
[14:44:49.475] [SEVERE ] setting player 2 freeze to -6
[14:44:49.475] [SEVERE ] setting player 3 freeze to 0
[14:44:49.475] [SEVERE ] setting player 4 freeze to -11
[14:44:49.475] [SEVERE ] setting player 1 freeze to -14
[14:44:49.476] [SEVERE ] setting player 2 freeze to -7
[14:44:49.476] [SEVERE ] setting player 3 freeze to -1
[14:44:49.476] [SEVERE ] setting player 4 freeze to -1
[14:44:49.476] [SEVERE ] setting player 1 freeze to -15
[14:44:49.476] [SEVERE ] setting player 2 freeze to 0
[14:44:49.476] [SEVERE ] setting player 3 freeze to -1
[14:44:49.476] [SEVERE ] setting player 4 freeze to -1
[14:44:49.476] [SEVERE ] setting player 1 freeze to 0
[14:44:49.476] [SEVERE ] setting player 2 freeze to 0
[14:44:49.476] [SEVERE ] setting player 3 freeze to -1
[14:44:49.476] [SEVERE ] setting player 4 freeze to -1
[14:44:49.479] [SEVERE ] removing player 3 token from slot 6
[14:44:49.481] [SEVERE ] player 3 placing token on slot 5
[14:44:49.481] [SEVERE ] removing player 4 token from slot 9
[14:44:49.481] [SEVERE ] setting player 1 freeze to -5
[14:44:49.482] [SEVERE ] setting player 2 freeze to -6
[14:44:49.482] [SEVERE ] setting player 3 freeze to -7
[14:44:49.482] [SEVERE ] setting player 4 freeze to -7
[14:44:49.483] [SEVERE ] setting player 1 freeze to -7
[14:44:49.483] [SEVERE ] removing player 4 token from slot 2
[14:44:49.483] [SEVERE ] setting player 2 freeze to -7
[14:44:49.483] [SEVERE ] setting player 3 freeze to 0
[14:44:49.483] [SEVERE ] setting player 4 freeze to -8
[14:44:49.483] [SEVERE ] setting player 1 freeze to -7
[14:44:49.483] [SEVERE ] player 4 placing token on slot 7
[14:44:49.484] [SEVERE ] setting player 2 freeze to -8
[14:44:49.484] [SEVERE ] setting player 3 freeze to -1
[14:44:49.484] [SEVERE ] setting player 4 freeze to -9
[14:44:49.484] [SEVERE ] removing player 2 token from slot 5
[14:44:49.485] [SEVERE ] player 4 placing token on slot 11
[14:44:49.485] [SEVERE ] player 2 placing token on slot 6
[14:44:49.486] [SEVERE ] setting player 1 freeze to -10
[14:44:49.486] [SEVERE ] setting player 2 freeze to -1
[14:44:49.486] [SEVERE ] setting player 3 freeze to -3
[14:44:49.486] [SEVERE ] setting player 4 freeze to -11
[14:44:49.486] [SEVERE ] setting player 1 freeze to -10
[14:44:49.486] [SEVERE ] setting player 2 freeze to -1
[14:44:49.487] [SEVERE ] setting player 3 freeze to -4
[14:44:49.487] [SEVERE ] setting player 4 freeze to -1
[14:44:49.488] [SEVERE ] removing player 3 token from slot 11
[14:44:49.488] [SEVERE ] removing player 2 token from slot 6
[14:44:49.489] [SEVERE ] player 3 placing token on slot 2
[14:44:49.489] [SEVERE ] setting player 1 freeze to -13
[14:44:49.490] [SEVERE ] setting player 2 freeze to -5
[14:44:49.490] [SEVERE ] setting player 3 freeze to -1
[14:44:49.490] [SEVERE ] setting player 4 freeze to -4
[14:44:49.490] [SEVERE ] player 2 placing token on slot 8
[14:44:49.490] [SEVERE ] setting player 1 freeze to -14
[14:44:49.490] [SEVERE ] setting player 2 freeze to 0
[14:44:49.490] [SEVERE ] setting player 3 freeze to -1
[14:44:49.491] [SEVERE ] setting player 4 freeze to -5
[14:44:49.492] [SEVERE ] removing player 2 token from slot 8
[14:44:49.493] [SEVERE ] removing player 1 token from slot 10
[14:44:49.494] [SEVERE ] player 2 placing token on slot 3
[14:44:49.494] [SEVERE ] removing player 4 token from slot 11
[14:44:49.494] [SEVERE ] setting player 1 freeze to -18
[14:44:49.494] [SEVERE ] player 1 placing token on slot 8
[14:44:49.494] [SEVERE ] setting player 2 freeze to 0
[14:44:49.494] [SEVERE ] setting player 3 freeze to -5
[14:44:49.494] [SEVERE ] setting player 4 freeze to -8
[14:44:49.495] [SEVERE ] setting player 1 freeze to 0
[14:44:49.495] [SEVERE ] setting player 2 freeze to -1
[14:44:49.495] [SEVERE ] setting player 3 freeze to -6
[14:44:49.495] [SEVERE ] setting player 4 freeze to -9
[14:44:49.495] [SEVERE ] player 4 placing token on slot 11
[14:44:49.495] [SEVERE ] setting player 1 freeze to 0
[14:44:49.495] [SEVERE ] setting player 2 freeze to -1
[14:44:49.495] [SEVERE ] setting player 3 freeze to -6
[14:44:49.495] [SEVERE ] setting player 4 freeze to -9
[14:44:49.496] [SEVERE ] removing player 3 token from slot 2
[14:44:49.497] [SEVERE ] setting player 1 freeze to -2
[14:44:49.497] [SEVERE ] setting player 2 freeze to -3
[14:44:49.497] [SEVERE ] setting player 3 freeze to -8
[14:44:49.497] [SEVERE ] setting player 4 freeze to 0
[14:44:49.498] [SEVERE ] player 3 placing token on slot 6
[14:44:49.498] [SEVERE ] setting player 1 freeze to -3
[14:44:49.498] [SEVERE ] setting player 2 freeze to -4
[14:44:49.498] [SEVERE ] setting player 3 freeze to 0
[14:44:49.498] [SEVERE ] setting player 4 freeze to -1
[14:44:49.502] [SEVERE ] removing player 4 token from slot 11
[14:44:49.503] [SEVERE ] removing player 2 token from slot 3
[14:44:49.503] [SEVERE ] removing player 1 token from slot 8
[14:44:49.504] [SEVERE ] player 4 placing token on slot 11
[14:44:49.504] [SEVERE ] player 2 placing token on slot 1
[14:44:49.504] [SEVERE ] setting player 1 freeze to -9
[14:44:49.504] [SEVERE ] setting player 2 freeze to -10
[14:44:49.504] [SEVERE ] player 1 placing token on slot 6
[14:44:49.504] [SEVERE ] setting player 3 freeze to -6
[14:44:49.505] [SEVERE ] setting player 4 freeze to -8
[14:44:49.505] [SEVERE ] setting player 1 freeze to -10
[14:44:49.505] [SEVERE ] setting player 2 freeze to -11
[14:44:49.505] [SEVERE ] setting player 3 freeze to -7
[14:44:49.505] [SEVERE ] setting player 4 freeze to 0
[14:44:49.506] [SEVERE ] setting player 1 freeze to -11
[14:44:49.506] [SEVERE ] setting player 2 freeze to 0
[14:44:49.506] [SEVERE ] setting player 3 freeze to -8
[14:44:49.506] [SEVERE ] setting player 4 freeze to -1
[14:44:49.507] [SEVERE ] setting player 1 freeze to 0
[14:44:49.507] [SEVERE ] setting player 2 freeze to -1
[14:44:49.507] [SEVERE ] setting player 3 freeze to -9
[14:44:49.507] [SEVERE ] setting player 4 freeze to -2
[14:44:49.508] [SEVERE ] removing player 1 token from slot 3
[14:44:49.508] [SEVERE ] removing player 3 token from slot 5
[14:44:49.509] [SEVERE ] player 1 placing token on slot 0
[14:44:49.509] [SEVERE ] player 3 placing token on slot 0
[14:44:49.510] [SEVERE ] setting player 1 freeze to -3
[14:44:49.510] [SEVERE ] setting player 2 freeze to -4
[14:44:49.510] [SEVERE ] setting player 3 freeze to 0
[14:44:49.510] [SEVERE ] setting player 4 freeze to -5
[14:44:49.510] [SEVERE ] setting player 1 freeze to 0
[14:44:49.510] [SEVERE ] setting player 2 freeze to -4
[14:44:49.510] [SEVERE ] setting player 3 freeze to 0
[14:44:49.511] [SEVERE ] setting player 4 freeze to -6
[14:44:49.511] [SEVERE ] removing player 2 token from slot 1
[14:44:49.512] [SEVERE ] player 2 placing token on slot 4
[14:44:49.513] [SEVERE ] setting player 1 freeze to -3
[14:44:49.513] [SEVERE ] setting player 2 freeze to 0
[14:44:49.513] [SEVERE ] setting player 3 freeze to -3
[14:44:49.513] [SEVERE ] setting player 4 freeze to -8
[14:44:49.515] [SEVERE ] removing player 4 token from slot 7
[14:44:49.516] [SEVERE ] removing player 3 token from slot 8
[14:44:49.516] [SEVERE ] removing player 1 token from slot 5
[14:44:49.517] [SEVERE ] player 4 placing token on slot 1
[14:44:49.517] [SEVERE ] removing player 2 token from slot 10
[14:44:49.518] [SEVERE ] player 3 placing token on slot 1
[14:44:49.518] [SEVERE ] player 1 placing token on slot 10
[14:44:49.518] [SEVERE ] setting player 1 freeze to -8
[14:44:49.518] [SEVERE ] setting player 2 freeze to -5
[14:44:49.518] [SEVERE ] setting player 3 freeze to -8
[14:44:49.518] [SEVERE ] setting player 4 freeze to -13
[14:44:49.519] [SEVERE ] setting player 1 freeze to -9
[14:44:49.519] [SEVERE ] player 2 placing token on slot 1
[14:44:49.519] [SEVERE ] setting player 2 freeze to -6
[14:44:49.519] [SEVERE ] setting player 3 freeze to 0
[14:44:49.519] [SEVERE ] setting player 4 freeze to -14
[14:44:49.519] [SEVERE ] setting player 1 freeze to 0
[14:44:49.520] [SEVERE ] setting player 2 freeze to -7
[14:44:49.520] [SEVERE ] setting player 3 freeze to -1
[14:44:49.520] [SEVERE ] setting player 4 freeze to -15
[14:44:49.520] [SEVERE ] setting player 1 freeze to -1
[14:44:49.520] [SEVERE ] setting player 2 freeze to 0
[14:44:49.520] [SEVERE ] setting player 3 freeze to -1
[14:44:49.520] [SEVERE ] setting player 4 freeze to -15
[14:44:49.523] [SEVERE ] removing player 2 token from slot 2
[14:44:49.525] [SEVERE ] player 2 placing token on slot 3
[14:44:49.525] [SEVERE ] setting player 1 freeze to -6
[14:44:49.525] [SEVERE ] setting player 2 freeze to 0
[14:44:49.525] [SEVERE ] setting player 3 freeze to -6
[14:44:49.525] [SEVERE ] setting player 4 freeze to -20
[14:44:49.527] [SEVERE ] removing player 1 token from slot 0
[14:44:49.528] [SEVERE ] player 1 placing token on slot 0
[14:44:49.529] [SEVERE ] removing player 2 token from slot 3
[14:44:49.529] [SEVERE ] setting player 1 freeze to 0
[14:44:49.529] [SEVERE ] setting player 2 freeze to -4
[14:44:49.529] [SEVERE ] setting player 3 freeze to -10
[14:44:49.529] [SEVERE ] setting player 4 freeze to -24
[14:44:49.530] [SEVERE ] removing player 3 token from slot 1
[14:44:49.530] [SEVERE ] player 2 placing token on slot 11
[14:44:49.530] [SEVERE ] removing player 1 token from slot 0
[14:44:49.530] [SEVERE ] setting player 1 freeze to -1
[14:44:49.530] [SEVERE ] setting player 2 freeze to 0
[14:44:49.530] [SEVERE ] setting player 3 freeze to -11
[14:44:49.530] [SEVERE ] setting player 4 freeze to -25
[14:44:49.531] [SEVERE ] player 3 placing token on slot 7
[14:44:49.531] [SEVERE ] removing player 2 token from slot 4
[14:44:49.531] [SEVERE ] setting player 1 freeze to -2
[14:44:49.531] [SEVERE ] player 1 placing token on slot 2
[14:44:49.531] [SEVERE ] setting player 2 freeze to -1
[14:44:49.532] [SEVERE ] setting player 3 freeze to -1
[14:44:49.532] [SEVERE ] setting player 4 freeze to -27
[14:44:49.533] [SEVERE ] player 2 placing token on slot 7
[14:44:49.533] [SEVERE ] setting player 1 freeze to -4
[14:44:49.533] [SEVERE ] setting player 2 freeze to -3
[14:44:49.533] [SEVERE ] setting player 3 freeze to -2
[14:44:49.533] [SEVERE ] setting player 4 freeze to -28
[14:44:49.533] [SEVERE ] setting player 1 freeze to -4
[14:44:49.533] [SEVERE ] setting player 2 freeze to 0
[14:44:49.533] [SEVERE ] setting player 3 freeze to -2
[14:44:49.534] [SEVERE ] setting player 4 freeze to -29
[14:44:49.534] [SEVERE ] removing player 3 token from slot 6
[14:44:49.534] [SEVERE ] setting player 1 freeze to -5
[14:44:49.534] [SEVERE ] setting player 2 freeze to -1
[14:44:49.534] [SEVERE ] setting player 3 freeze to -3
[14:44:49.534] [SEVERE ] setting player 4 freeze to -29
[14:44:49.535] [SEVERE ] removing player 3 token from slot 0
[14:44:49.536] [SEVERE ] player 3 placing token on slot 2
[14:44:49.538] [SEVERE ] player 3 placing token on slot 10
[14:44:49.538] [SEVERE ] setting player 1 freeze to 0
[14:44:49.538] [SEVERE ] setting player 2 freeze to -5
[14:44:49.538] [SEVERE ] setting player 3 freeze to -7
[14:44:49.539] [SEVERE ] setting player 4 freeze to -34
[14:44:49.539] [SEVERE ] setting player 1 freeze to -1
[14:44:49.539] [SEVERE ] setting player 2 freeze to -6
[14:44:49.539] [SEVERE ] setting player 3 freeze to 0
[14:44:49.539] [SEVERE ] setting player 4 freeze to -34
[14:44:49.539] [SEVERE ] removing player 1 token from slot 6
[14:44:49.540] [SEVERE ] removing player 2 token from slot 1
[14:44:49.541] [SEVERE ] setting player 1 freeze to -3
[14:44:49.541] [SEVERE ] setting player 2 freeze to -8
[14:44:49.541] [SEVERE ] setting player 3 freeze to -2
[14:44:49.541] [SEVERE ] setting player 4 freeze to -36
[14:44:49.541] [SEVERE ] player 1 placing token on slot 5
[14:44:49.541] [SEVERE ] player 2 placing token on slot 8
[14:44:49.541] [SEVERE ] setting player 1 freeze to -3
[14:44:49.541] [SEVERE ] setting player 2 freeze to -8
[14:44:49.541] [SEVERE ] setting player 3 freeze to -2
[14:44:49.541] [SEVERE ] setting player 4 freeze to -36
[14:44:49.542] [SEVERE ] setting player 1 freeze to -4
[14:44:49.542] [SEVERE ] setting player 2 freeze to -9
[14:44:49.542] [SEVERE ] setting player 3 freeze to -3
[14:44:49.542] [SEVERE ] setting player 4 freeze to 0
[14:44:49.542] [SEVERE ] setting player 1 freeze to -4
[14:44:49.542] [SEVERE ] setting player 2 freeze to 0
[14:44:49.542] [SEVERE ] setting player 3 freeze to -3
[14:44:49.542] [SEVERE ] setting player 4 freeze to 0
[14:44:49.543] [SEVERE ] setting player 1 freeze to 0
[14:44:49.543] [SEVERE ] setting player 2 freeze to -1
[14:44:49.543] [SEVERE ] setting player 3 freeze to -4
[14:44:49.543] [SEVERE ] setting player 4 freeze to -1
[14:44:49.546] [SEVERE ] removing player 4 token from slot 11
[14:44:49.546] [SEVERE ] removing player 1 token from slot 5
[14:44:49.547] [SEVERE ] player 4 placing token on slot 6
[14:44:49.548] [SEVERE ] player 1 placing token on slot 7
[14:44:49.548] [SEVERE ] removing player 3 token from slot 2
[14:44:49.548] [SEVERE ] setting player 1 freeze to 0
[14:44:49.549] [SEVERE ] setting player 2 freeze to -7
[14:44:49.549] [SEVERE ] setting player 3 freeze to -10
[14:44:49.549] [SEVERE ] setting player 4 freeze to -7
[14:44:49.550] [SEVERE ] setting player 1 freeze to -2
[14:44:49.550] [SEVERE ] player 3 placing token on slot 6
[14:44:49.550] [SEVERE ] setting player 2 freeze to -8
[14:44:49.550] [SEVERE ] setting player 3 freeze to -11
[14:44:49.550] [SEVERE ] setting player 4 freeze to 0
[14:44:49.551] [SEVERE ] setting player 1 freeze to -3
[14:44:49.551] [SEVERE ] setting player 2 freeze to -9
[14:44:49.551] [SEVERE ] setting player 3 freeze to -12
[14:44:49.551] [SEVERE ] setting player 4 freeze to -1
[14:44:49.551] [SEVERE ] setting player 1 freeze to -3
[14:44:49.551] [SEVERE ] setting player 2 freeze to -9
[14:44:49.551] [SEVERE ] setting player 3 freeze to 0
[14:44:49.551] [SEVERE ] setting player 4 freeze to -1
[14:44:49.552] [SEVERE ] removing player 3 token from slot 6
[14:44:49.552] [SEVERE ] removing player 1 token from slot 7
[14:44:49.553] [SEVERE ] player 3 placing token on slot 1
[14:44:49.553] [SEVERE ] setting player 1 freeze to -5
[14:44:49.554] [SEVERE ] setting player 2 freeze to -12
[14:44:49.554] [SEVERE ] setting player 3 freeze to -1
[14:44:49.554] [SEVERE ] setting player 4 freeze to -4
[14:44:49.554] [SEVERE ] player 1 placing token on slot 11
[14:44:49.554] [SEVERE ] setting player 1 freeze to 0
[14:44:49.554] [SEVERE ] setting player 2 freeze to -12
[14:44:49.554] [SEVERE ] setting player 3 freeze to -1
[14:44:49.555] [SEVERE ] setting player 4 freeze to -5
[14:44:49.556] [SEVERE ] removing player 4 token from slot 1
[14:44:49.556] [SEVERE ] removing player 2 token from slot 8
[14:44:49.557] [SEVERE ] removing player 4 token from slot 6
[14:44:49.557] [SEVERE ] player 2 placing token on slot 4
[14:44:49.559] [SEVERE ] player 4 placing token on slot 7
[14:44:49.559] [SEVERE ] removing player 3 token from slot 10
[14:44:49.559] [SEVERE ] setting player 1 freeze to -5
[14:44:49.559] [SEVERE ] setting player 2 freeze to -17
[14:44:49.559] [SEVERE ] setting player 3 freeze to -6
[14:44:49.559] [SEVERE ] setting player 4 freeze to -9
[14:44:49.560] [SEVERE ] setting player 1 freeze to -6
[14:44:49.560] [SEVERE ] setting player 2 freeze to 0
[14:44:49.560] [SEVERE ] player 4 placing token on slot 6
[14:44:49.560] [SEVERE ] setting player 3 freeze to -7
[14:44:49.560] [SEVERE ] player 3 placing token on slot 5
[14:44:49.560] [SEVERE ] setting player 4 freeze to -10
[14:44:49.561] [SEVERE ] setting player 1 freeze to -7
[14:44:49.561] [SEVERE ] setting player 2 freeze to -1
[14:44:49.561] [SEVERE ] setting player 3 freeze to -8
[14:44:49.561] [SEVERE ] setting player 4 freeze to 0
[14:44:49.561] [SEVERE ] setting player 1 freeze to -7
[14:44:49.561] [SEVERE ] setting player 2 freeze to -1
[14:44:49.561] [SEVERE ] setting player 3 freeze to 0
[14:44:49.562] [SEVERE ] setting player 4 freeze to -1
[14:44:49.562] [SEVERE ] removing player 4 token from slot 6
[14:44:49.563] [SEVERE ] removing player 2 token from slot 4
[14:44:49.563] [SEVERE ] player 4 placing token on slot 6
[14:44:49.564] [SEVERE ] setting player 1 freeze to -10
[14:44:49.564] [SEVERE ] setting player 2 freeze to -4
[14:44:49.564] [SEVERE ] setting player 3 freeze to -3
[14:44:49.564] [SEVERE ] setting player 4 freeze to 0
[14:44:49.565] [SEVERE ] player 2 placing token on slot 5
[14:44:49.565] [SEVERE ] setting player 1 freeze to -11
[14:44:49.565] [SEVERE ] setting player 2 freeze to -5
[14:44:49.565] [SEVERE ] setting player 3 freeze to -4
[14:44:49.565] [SEVERE ] setting player 4 freeze to -1
[14:44:49.566] [SEVERE ] setting player 1 freeze to -12
[14:44:49.566] [SEVERE ] setting player 2 freeze to 0
[14:44:49.566] [SEVERE ] setting player 3 freeze to -5
[14:44:49.567] [SEVERE ] setting player 4 freeze to -3
[14:44:49.568] [SEVERE ] removing player 4 token from slot 7
[14:44:49.568] [SEVERE ] removing player 1 token from slot 10
[14:44:49.568] [SEVERE ] removing player 2 token from slot 11
[14:44:49.569] [SEVERE ] player 4 placing token on slot 8
[14:44:49.569] [SEVERE ] removing player 1 token from slot 11
[14:44:49.570] [SEVERE ] setting player 1 freeze to -16
[14:44:49.570] [SEVERE ] player 2 placing token on slot 2
[14:44:49.570] [SEVERE ] setting player 2 freeze to -4
[14:44:49.570] [SEVERE ] setting player 3 freeze to -9
[14:44:49.570] [SEVERE ] setting player 4 freeze to -1
[14:44:49.570] [SEVERE ] player 1 placing token on slot 6
[14:44:49.570] [SEVERE ] setting player 1 freeze to -16
[14:44:49.571] [SEVERE ] setting player 2 freeze to -1
[14:44:49.571] [SEVERE ] setting player 3 freeze to -10
[14:44:49.571] [SEVERE ] setting player 4 freeze to -2
[14:44:49.571] [SEVERE ] exit button pressed
[14:44:49.571] [SEVERE ] removing player 4 token from slot 8
[14:44:49.571] [INFO   ] thread computer-0 terminated.
[14:44:49.571] [SEVERE ] player 4 placing token on slot 10
[14:44:49.571] [INFO   ] thread computer-2 terminated.
[14:44:49.572] [INFO   ] thread computer-1 terminated.
[14:44:49.573] [SEVERE ] updating countdown to 5000
[14:44:49.573] [SEVERE ] removing card from slot 0
[14:44:49.574] [SEVERE ] removing card from slot 1
[14:44:49.574] [SEVERE ] removing card from slot 2
[14:44:49.574] [SEVERE ] removing card from slot 3
[14:44:49.574] [SEVERE ] removing card from slot 4
[14:44:49.574] [SEVERE ] removing card from slot 5
[14:44:49.574] [SEVERE ] removing card from slot 6
[14:44:49.574] [SEVERE ] removing card from slot 7
[14:44:49.574] [SEVERE ] removing card from slot 8
[14:44:49.575] [SEVERE ] removing card from slot 9
[14:44:49.575] [SEVERE ] removing card from slot 10
[14:44:49.575] [SEVERE ] removing card from slot 11
[14:44:49.575] [SEVERE ] removing player 1 token from slot 0
[14:44:49.575] [SEVERE ] removing player 1 token from slot 1
[14:44:49.575] [SEVERE ] removing player 1 token from slot 2
[14:44:49.575] [SEVERE ] removing player 1 token from slot 3
[14:44:49.575] [SEVERE ] removing player 1 token from slot 4
[14:44:49.575] [SEVERE ] removing player 1 token from slot 5
[14:44:49.575] [SEVERE ] removing player 1 token from slot 6
[14:44:49.576] [SEVERE ] removing player 1 token from slot 7
[14:44:49.576] [SEVERE ] removing player 1 token from slot 8
[14:44:49.576] [SEVERE ] removing player 1 token from slot 9
[14:44:49.576] [SEVERE ] removing player 1 token from slot 10
[14:44:49.576] [SEVERE ] removing player 1 token from slot 11
[14:44:49.576] [SEVERE ] removing player 2 token from slot 0
[14:44:49.576] [SEVERE ] removing player 2 token from slot 1
[14:44:49.576] [SEVERE ] removing player 2 token from slot 2
[14:44:49.576] [SEVERE ] removing player 2 token from slot 3
[14:44:49.576] [SEVERE ] removing player 2 token from slot 4
[14:44:49.576] [SEVERE ] removing player 2 token from slot 5
[14:44:49.576] [SEVERE ] removing player 2 token from slot 6
[14:44:49.576] [SEVERE ] removing player 2 token from slot 7
[14:44:49.576] [SEVERE ] removing player 2 token from slot 8
[14:44:49.576] [SEVERE ] removing player 2 token from slot 9
[14:44:49.576] [SEVERE ] removing player 2 token from slot 10
[14:44:49.576] [SEVERE ] removing player 2 token from slot 11
[14:44:49.576] [SEVERE ] removing player 3 token from slot 0
[14:44:49.576] [SEVERE ] removing player 3 token from slot 1
[14:44:49.577] [SEVERE ] removing player 3 token from slot 2
[14:44:49.577] [SEVERE ] removing player 3 token from slot 3
[14:44:49.577] [SEVERE ] removing player 3 token from slot 4
[14:44:49.577] [SEVERE ] removing player 3 token from slot 5
[14:44:49.577] [SEVERE ] removing player 3 token from slot 6
[14:44:49.577] [SEVERE ] removing player 3 token from slot 7
[14:44:49.577] [SEVERE ] removing player 3 token from slot 8
[14:44:49.577] [SEVERE ] removing player 3 token from slot 9
[14:44:49.577] [SEVERE ] removing player 3 token from slot 10
[14:44:49.577] [SEVERE ] removing player 3 token from slot 11
[14:44:49.577] [SEVERE ] removing player 4 token from slot 0
[14:44:49.577] [SEVERE ] removing player 4 token from slot 1
[14:44:49.577] [SEVERE ] removing player 4 token from slot 2
[14:44:49.577] [SEVERE ] removing player 4 token from slot 3
[14:44:49.577] [SEVERE ] removing player 4 token from slot 4
[14:44:49.578] [SEVERE ] removing player 4 token from slot 5
[14:44:49.578] [SEVERE ] removing player 4 token from slot 6
[14:44:49.578] [SEVERE ] removing player 4 token from slot 7
[14:44:49.578] [SEVERE ] removing player 4 token from slot 8
[14:44:49.578] [SEVERE ] removing player 4 token from slot 9
[14:44:49.578] [SEVERE ] removing player 4 token from slot 10
[14:44:49.578] [SEVERE ] removing player 4 token from slot 11
[14:44:49.579] [SEVERE ] announcing winner(s): player 1, player 2, player 3, player 4
[14:44:49.579] [INFO   ] thread computer-3 terminated.
[14:44:49.580] [INFO   ] thread dealer terminated.
[14:44:49.581] [INFO   ] thread dealer terminated.
[14:44:49.581] [SEVERE ] thanks for playing... it was fun!
[14:44:49.581] [INFO   ] thread main terminated.
