[19:09:50.430] [INFO   ] thread main starting.
[19:09:50.442] [SEVERE ] cannot read configuration file config.properties trying from resources.
[19:09:50.445] [SEVERE ] configuration file was loaded from resources directory.
[19:09:52.027] [INFO   ] thread dealer starting.
[19:09:52.033] [INFO   ] thread player starting.
[19:09:52.033] [INFO   ] thread player starting.
[19:09:52.033] [INFO   ] thread dealer starting.
[19:09:52.033] [INFO   ] thread player starting.
[19:09:52.033] [INFO   ] thread player starting.
[19:09:52.035] [INFO   ] thread computer-3 starting.
[19:09:52.035] [INFO   ] thread computer-2 starting.
[19:09:52.035] [INFO   ] thread computer-1 starting.
[19:09:52.035] [INFO   ] thread computer-0 starting.
[19:09:52.049] [SEVERE ] placing card 6 in slot 0
[19:09:52.060] [SEVERE ] placing card 11 in slot 1
[19:09:52.100] [SEVERE ] placing card 19 in slot 2
[19:09:52.110] [SEVERE ] placing card 65 in slot 3
[19:09:52.121] [SEVERE ] placing card 37 in slot 4
[19:09:52.131] [SEVERE ] placing card 80 in slot 5
[19:09:52.142] [SEVERE ] placing card 35 in slot 6
[19:09:52.152] [SEVERE ] placing card 16 in slot 7
[19:09:52.163] [SEVERE ] placing card 18 in slot 8
[19:09:52.173] [SEVERE ] placing card 58 in slot 9
[19:09:52.184] [SEVERE ] placing card 59 in slot 10
[19:09:52.194] [SEVERE ] placing card 46 in slot 11
[19:09:52.195] [SEVERE ] setting player 1 freeze to -168
[19:09:52.195] [SEVERE ] setting player 2 freeze to -168
[19:09:52.195] [SEVERE ] setting player 3 freeze to -168
[19:09:52.195] [SEVERE ] setting player 4 freeze to -168
[19:09:52.208] [SEVERE ] setting player 1 freeze to -181
[19:09:52.208] [SEVERE ] setting player 2 freeze to -181
[19:09:52.208] [SEVERE ] setting player 3 freeze to -181
[19:09:52.209] [SEVERE ] setting player 4 freeze to -182
[19:09:52.220] [SEVERE ] setting player 1 freeze to -193
[19:09:52.220] [SEVERE ] setting player 2 freeze to -193
[19:09:52.220] [SEVERE ] setting player 3 freeze to -193
[19:09:52.220] [SEVERE ] setting player 4 freeze to -193
[19:09:52.232] [SEVERE ] setting player 1 freeze to -205
[19:09:52.232] [SEVERE ] setting player 2 freeze to -205
[19:09:52.233] [SEVERE ] setting player 3 freeze to -206
[19:09:52.233] [SEVERE ] setting player 4 freeze to -206
[19:09:52.243] [SEVERE ] setting player 1 freeze to -216
[19:09:52.244] [SEVERE ] setting player 2 freeze to -217
[19:09:52.245] [SEVERE ] setting player 3 freeze to -217
[19:09:52.245] [SEVERE ] setting player 4 freeze to -218
[19:09:52.256] [SEVERE ] setting player 1 freeze to -228
[19:09:52.256] [SEVERE ] setting player 2 freeze to -229
[19:09:52.256] [SEVERE ] setting player 3 freeze to -229
[19:09:52.256] [SEVERE ] setting player 4 freeze to -229
[19:09:52.267] [SEVERE ] setting player 1 freeze to -240
[19:09:52.268] [SEVERE ] setting player 2 freeze to -241
[19:09:52.268] [SEVERE ] setting player 3 freeze to -241
[19:09:52.268] [SEVERE ] setting player 4 freeze to -241
[19:09:52.279] [SEVERE ] setting player 1 freeze to -252
[19:09:52.279] [SEVERE ] setting player 2 freeze to -252
[19:09:52.279] [SEVERE ] setting player 3 freeze to -252
[19:09:52.280] [SEVERE ] setting player 4 freeze to -253
[19:09:52.293] [SEVERE ] setting player 1 freeze to -266
[19:09:52.293] [SEVERE ] setting player 2 freeze to -266
[19:09:52.293] [SEVERE ] setting player 3 freeze to -266
[19:09:52.294] [SEVERE ] setting player 4 freeze to -267
[19:09:52.307] [SEVERE ] setting player 1 freeze to -280
[19:09:52.307] [SEVERE ] setting player 2 freeze to -280
[19:09:52.307] [SEVERE ] setting player 3 freeze to -280
[19:09:52.308] [SEVERE ] setting player 4 freeze to -281
[19:09:52.321] [SEVERE ] setting player 1 freeze to -294
[19:09:52.321] [SEVERE ] setting player 2 freeze to -294
[19:09:52.321] [SEVERE ] setting player 3 freeze to -294
[19:09:52.321] [SEVERE ] setting player 4 freeze to -294
[19:09:52.334] [SEVERE ] setting player 1 freeze to -307
[19:09:52.335] [SEVERE ] setting player 2 freeze to -308
[19:09:52.335] [SEVERE ] setting player 3 freeze to -308
[19:09:52.335] [SEVERE ] setting player 4 freeze to -308
[19:09:52.346] [SEVERE ] setting player 1 freeze to -319
[19:09:52.346] [SEVERE ] setting player 2 freeze to -319
[19:09:52.346] [SEVERE ] setting player 3 freeze to -319
[19:09:52.347] [SEVERE ] setting player 4 freeze to -320
[19:09:52.358] [SEVERE ] setting player 1 freeze to -331
[19:09:52.360] [SEVERE ] setting player 2 freeze to -333
[19:09:52.360] [SEVERE ] setting player 3 freeze to -333
[19:09:52.360] [SEVERE ] setting player 4 freeze to -333
[19:09:52.372] [SEVERE ] setting player 1 freeze to -345
[19:09:52.373] [SEVERE ] setting player 2 freeze to -346
[19:09:52.373] [SEVERE ] setting player 3 freeze to -346
[19:09:52.373] [SEVERE ] setting player 4 freeze to -346
[19:09:52.386] [SEVERE ] setting player 1 freeze to -359
[19:09:52.387] [SEVERE ] setting player 2 freeze to -360
[19:09:52.387] [SEVERE ] setting player 3 freeze to -360
[19:09:52.387] [SEVERE ] setting player 4 freeze to -360
[19:09:52.398] [SEVERE ] setting player 1 freeze to -371
[19:09:52.398] [SEVERE ] setting player 2 freeze to -371
[19:09:52.398] [SEVERE ] setting player 3 freeze to -371
[19:09:52.398] [SEVERE ] setting player 4 freeze to -371
[19:09:52.409] [SEVERE ] setting player 1 freeze to -382
[19:09:52.410] [SEVERE ] setting player 2 freeze to -383
[19:09:52.411] [SEVERE ] setting player 3 freeze to -384
[19:09:52.411] [SEVERE ] setting player 4 freeze to -384
[19:09:52.422] [SEVERE ] setting player 1 freeze to -395
[19:09:52.422] [SEVERE ] setting player 2 freeze to -395
[19:09:52.423] [SEVERE ] setting player 3 freeze to -396
[19:09:52.423] [SEVERE ] setting player 4 freeze to -396
[19:09:52.433] [SEVERE ] setting player 1 freeze to -406
[19:09:52.434] [SEVERE ] setting player 2 freeze to -407
[19:09:52.434] [SEVERE ] setting player 3 freeze to -407
[19:09:52.434] [SEVERE ] setting player 4 freeze to -407
[19:09:52.445] [SEVERE ] setting player 1 freeze to -418
[19:09:52.445] [SEVERE ] setting player 2 freeze to -418
[19:09:52.445] [SEVERE ] setting player 3 freeze to -418
[19:09:52.445] [SEVERE ] setting player 4 freeze to -418
[19:09:52.456] [SEVERE ] setting player 1 freeze to -429
[19:09:52.456] [SEVERE ] setting player 2 freeze to -429
[19:09:52.456] [SEVERE ] setting player 3 freeze to -429
[19:09:52.457] [SEVERE ] setting player 4 freeze to -430
[19:09:52.467] [SEVERE ] setting player 1 freeze to -440
[19:09:52.468] [SEVERE ] setting player 2 freeze to -441
[19:09:52.468] [SEVERE ] setting player 3 freeze to -441
[19:09:52.468] [SEVERE ] setting player 4 freeze to -441
[19:09:52.481] [SEVERE ] setting player 1 freeze to -454
[19:09:52.481] [SEVERE ] setting player 2 freeze to -454
[19:09:52.481] [SEVERE ] setting player 3 freeze to -454
[19:09:52.481] [SEVERE ] setting player 4 freeze to -454
[19:09:52.492] [SEVERE ] setting player 1 freeze to -465
[19:09:52.492] [SEVERE ] setting player 2 freeze to -465
[19:09:52.492] [SEVERE ] setting player 3 freeze to -465
[19:09:52.493] [SEVERE ] setting player 4 freeze to -466
[19:09:52.504] [SEVERE ] setting player 1 freeze to -477
[19:09:52.504] [SEVERE ] setting player 2 freeze to -477
[19:09:52.504] [SEVERE ] setting player 3 freeze to -477
[19:09:52.504] [SEVERE ] setting player 4 freeze to -477
[19:09:52.515] [SEVERE ] setting player 1 freeze to -488
[19:09:52.515] [SEVERE ] setting player 2 freeze to -488
[19:09:52.516] [SEVERE ] setting player 3 freeze to -489
[19:09:52.517] [SEVERE ] setting player 4 freeze to -490
[19:09:52.530] [SEVERE ] setting player 1 freeze to -503
[19:09:52.531] [SEVERE ] setting player 2 freeze to -504
[19:09:52.531] [SEVERE ] setting player 3 freeze to -504
[19:09:52.531] [SEVERE ] setting player 4 freeze to -504
[19:09:52.541] [SEVERE ] setting player 1 freeze to -514
[19:09:52.542] [SEVERE ] setting player 2 freeze to -515
[19:09:52.542] [SEVERE ] setting player 3 freeze to -515
[19:09:52.542] [SEVERE ] setting player 4 freeze to -515
[19:09:52.553] [SEVERE ] setting player 1 freeze to -526
[19:09:52.553] [SEVERE ] setting player 2 freeze to -526
[19:09:52.553] [SEVERE ] setting player 3 freeze to -526
[19:09:52.553] [SEVERE ] setting player 4 freeze to -526
[19:09:52.565] [SEVERE ] setting player 1 freeze to -538
[19:09:52.566] [SEVERE ] setting player 2 freeze to -539
[19:09:52.566] [SEVERE ] setting player 3 freeze to -539
[19:09:52.566] [SEVERE ] setting player 4 freeze to -539
[19:09:52.579] [SEVERE ] setting player 1 freeze to -552
[19:09:52.582] [SEVERE ] setting player 2 freeze to -555
[19:09:52.582] [SEVERE ] setting player 3 freeze to -555
[19:09:52.582] [SEVERE ] setting player 4 freeze to -555
[19:09:52.595] [SEVERE ] setting player 1 freeze to -568
[19:09:52.595] [SEVERE ] setting player 2 freeze to -568
[19:09:52.595] [SEVERE ] setting player 3 freeze to -568
[19:09:52.595] [SEVERE ] setting player 4 freeze to -568
[19:09:52.606] [SEVERE ] setting player 1 freeze to -579
[19:09:52.606] [SEVERE ] setting player 2 freeze to -579
[19:09:52.606] [SEVERE ] setting player 3 freeze to -579
[19:09:52.607] [SEVERE ] setting player 4 freeze to -580
[19:09:52.620] [SEVERE ] setting player 1 freeze to -593
[19:09:52.620] [SEVERE ] setting player 2 freeze to -593
[19:09:52.620] [SEVERE ] setting player 3 freeze to -593
[19:09:52.620] [SEVERE ] setting player 4 freeze to -593
[19:09:52.631] [SEVERE ] setting player 1 freeze to -604
[19:09:52.632] [SEVERE ] setting player 2 freeze to -605
[19:09:52.634] [SEVERE ] setting player 3 freeze to -607
[19:09:52.634] [SEVERE ] setting player 4 freeze to -607
[19:09:52.646] [SEVERE ] setting player 1 freeze to -619
[19:09:52.646] [SEVERE ] setting player 2 freeze to -619
[19:09:52.646] [SEVERE ] setting player 3 freeze to -619
[19:09:52.646] [SEVERE ] setting player 4 freeze to -619
[19:09:52.662] [SEVERE ] setting player 1 freeze to -635
[19:09:52.662] [SEVERE ] setting player 2 freeze to -635
[19:09:52.662] [SEVERE ] setting player 3 freeze to -635
[19:09:52.662] [SEVERE ] setting player 4 freeze to -635
[19:09:52.674] [SEVERE ] setting player 1 freeze to -647
[19:09:52.675] [SEVERE ] setting player 2 freeze to -648
[19:09:52.675] [SEVERE ] setting player 3 freeze to -648
[19:09:52.675] [SEVERE ] setting player 4 freeze to -648
[19:09:52.687] [SEVERE ] setting player 1 freeze to -660
[19:09:52.687] [SEVERE ] setting player 2 freeze to -660
[19:09:52.688] [SEVERE ] setting player 3 freeze to -661
[19:09:52.688] [SEVERE ] setting player 4 freeze to -661
[19:09:52.699] [SEVERE ] setting player 1 freeze to -672
[19:09:52.701] [SEVERE ] setting player 2 freeze to -674
[19:09:52.702] [SEVERE ] setting player 3 freeze to -675
[19:09:52.702] [SEVERE ] setting player 4 freeze to -675
[19:09:52.714] [SEVERE ] setting player 1 freeze to -687
[19:09:52.714] [SEVERE ] setting player 2 freeze to -687
[19:09:52.715] [SEVERE ] setting player 3 freeze to -688
[19:09:52.715] [SEVERE ] setting player 4 freeze to -688
[19:09:52.726] [SEVERE ] setting player 1 freeze to -699
[19:09:52.726] [SEVERE ] setting player 2 freeze to -699
[19:09:52.726] [SEVERE ] setting player 3 freeze to -699
[19:09:52.726] [SEVERE ] setting player 4 freeze to -699
[19:09:52.737] [SEVERE ] setting player 1 freeze to -710
[19:09:52.737] [SEVERE ] setting player 2 freeze to -710
[19:09:52.737] [SEVERE ] setting player 3 freeze to -710
[19:09:52.737] [SEVERE ] setting player 4 freeze to -710
[19:09:52.750] [SEVERE ] setting player 1 freeze to -723
[19:09:52.751] [SEVERE ] setting player 2 freeze to -724
[19:09:52.751] [SEVERE ] setting player 3 freeze to -724
[19:09:52.754] [SEVERE ] setting player 4 freeze to -727
[19:09:52.765] [SEVERE ] setting player 1 freeze to -738
[19:09:52.765] [SEVERE ] setting player 2 freeze to -738
[19:09:52.765] [SEVERE ] setting player 3 freeze to -738
[19:09:52.765] [SEVERE ] setting player 4 freeze to -738
[19:09:52.777] [SEVERE ] setting player 1 freeze to -750
[19:09:52.778] [SEVERE ] setting player 2 freeze to -751
[19:09:52.778] [SEVERE ] setting player 3 freeze to -751
[19:09:52.778] [SEVERE ] setting player 4 freeze to -751
[19:09:52.789] [SEVERE ] setting player 1 freeze to -762
[19:09:52.789] [SEVERE ] setting player 2 freeze to -762
[19:09:52.789] [SEVERE ] setting player 3 freeze to -762
[19:09:52.789] [SEVERE ] setting player 4 freeze to -762
[19:09:52.800] [SEVERE ] setting player 1 freeze to -773
[19:09:52.800] [SEVERE ] setting player 2 freeze to -773
[19:09:52.800] [SEVERE ] setting player 3 freeze to -773
[19:09:52.800] [SEVERE ] setting player 4 freeze to -773
[19:09:52.813] [SEVERE ] setting player 1 freeze to -786
[19:09:52.813] [SEVERE ] setting player 2 freeze to -786
[19:09:52.813] [SEVERE ] setting player 3 freeze to -786
[19:09:52.813] [SEVERE ] setting player 4 freeze to -786
[19:09:52.826] [SEVERE ] setting player 1 freeze to -799
[19:09:52.827] [SEVERE ] setting player 2 freeze to -800
[19:09:52.827] [SEVERE ] setting player 3 freeze to -800
[19:09:52.827] [SEVERE ] setting player 4 freeze to -800
[19:09:52.840] [SEVERE ] setting player 1 freeze to -813
[19:09:52.840] [SEVERE ] setting player 2 freeze to -813
[19:09:52.840] [SEVERE ] setting player 3 freeze to -813
[19:09:52.840] [SEVERE ] setting player 4 freeze to -813
[19:09:52.851] [SEVERE ] setting player 1 freeze to -824
[19:09:52.851] [SEVERE ] setting player 2 freeze to -824
[19:09:52.851] [SEVERE ] setting player 3 freeze to -824
[19:09:52.851] [SEVERE ] setting player 4 freeze to -824
[19:09:52.862] [SEVERE ] setting player 1 freeze to -835
[19:09:52.863] [SEVERE ] setting player 2 freeze to -836
[19:09:52.864] [SEVERE ] setting player 3 freeze to -837
[19:09:52.865] [SEVERE ] setting player 4 freeze to -838
[19:09:52.875] [SEVERE ] setting player 1 freeze to -848
[19:09:52.876] [SEVERE ] setting player 2 freeze to -849
[19:09:52.876] [SEVERE ] setting player 3 freeze to -849
[19:09:52.876] [SEVERE ] setting player 4 freeze to -849
[19:09:52.887] [SEVERE ] setting player 1 freeze to -860
[19:09:52.887] [SEVERE ] setting player 2 freeze to -860
[19:09:52.887] [SEVERE ] setting player 3 freeze to -860
[19:09:52.888] [SEVERE ] setting player 4 freeze to -861
[19:09:52.899] [SEVERE ] setting player 1 freeze to -872
[19:09:52.900] [SEVERE ] setting player 2 freeze to -873
[19:09:52.900] [SEVERE ] setting player 3 freeze to -873
[19:09:52.900] [SEVERE ] setting player 4 freeze to -873
[19:09:52.911] [SEVERE ] setting player 1 freeze to -884
[19:09:52.911] [SEVERE ] setting player 2 freeze to -884
[19:09:52.912] [SEVERE ] setting player 3 freeze to -885
[19:09:52.912] [SEVERE ] setting player 4 freeze to -885
[19:09:52.925] [SEVERE ] setting player 1 freeze to -898
[19:09:52.925] [SEVERE ] setting player 2 freeze to -898
[19:09:52.925] [SEVERE ] setting player 3 freeze to -898
[19:09:52.925] [SEVERE ] setting player 4 freeze to -898
[19:09:52.936] [SEVERE ] setting player 1 freeze to -909
[19:09:52.936] [SEVERE ] setting player 2 freeze to -909
[19:09:52.936] [SEVERE ] setting player 3 freeze to -909
[19:09:52.936] [SEVERE ] setting player 4 freeze to -909
[19:09:52.947] [SEVERE ] setting player 1 freeze to -920
[19:09:52.947] [SEVERE ] setting player 2 freeze to -920
[19:09:52.947] [SEVERE ] setting player 3 freeze to -920
[19:09:52.948] [SEVERE ] setting player 4 freeze to -921
[19:09:52.958] [SEVERE ] setting player 1 freeze to -931
[19:09:52.959] [SEVERE ] setting player 2 freeze to -932
[19:09:52.959] [SEVERE ] setting player 3 freeze to -932
[19:09:52.959] [SEVERE ] setting player 4 freeze to -932
[19:09:52.969] [SEVERE ] setting player 1 freeze to -942
[19:09:52.969] [SEVERE ] setting player 2 freeze to -942
[19:09:52.970] [SEVERE ] setting player 3 freeze to -943
[19:09:52.971] [SEVERE ] setting player 4 freeze to -944
[19:09:52.982] [SEVERE ] setting player 1 freeze to -955
[19:09:52.982] [SEVERE ] setting player 2 freeze to -955
[19:09:52.982] [SEVERE ] setting player 3 freeze to -955
[19:09:52.983] [SEVERE ] setting player 4 freeze to -956
[19:09:52.993] [SEVERE ] setting player 1 freeze to -966
[19:09:52.994] [SEVERE ] setting player 2 freeze to -967
[19:09:52.994] [SEVERE ] setting player 3 freeze to -967
[19:09:52.994] [SEVERE ] setting player 4 freeze to -967
[19:09:53.004] [SEVERE ] setting player 1 freeze to -977
[19:09:53.005] [SEVERE ] setting player 2 freeze to -978
[19:09:53.005] [SEVERE ] setting player 3 freeze to -978
[19:09:53.005] [SEVERE ] setting player 4 freeze to -978
[19:09:53.016] [SEVERE ] setting player 1 freeze to -989
[19:09:53.017] [SEVERE ] setting player 2 freeze to -990
[19:09:53.017] [SEVERE ] setting player 3 freeze to -990
[19:09:53.017] [SEVERE ] setting player 4 freeze to -990
[19:09:53.029] [SEVERE ] setting player 1 freeze to -1002
[19:09:53.030] [SEVERE ] setting player 2 freeze to -1003
[19:09:53.030] [SEVERE ] setting player 3 freeze to -1003
[19:09:53.030] [SEVERE ] setting player 4 freeze to -1003
[19:09:53.040] [SEVERE ] setting player 1 freeze to -1013
[19:09:53.041] [SEVERE ] setting player 2 freeze to -1014
[19:09:53.041] [SEVERE ] setting player 3 freeze to -1014
[19:09:53.041] [SEVERE ] setting player 4 freeze to -1014
[19:09:53.051] [SEVERE ] setting player 1 freeze to -1024
[19:09:53.052] [SEVERE ] setting player 2 freeze to -1025
[19:09:53.052] [SEVERE ] setting player 3 freeze to -1025
[19:09:53.052] [SEVERE ] setting player 4 freeze to -1025
[19:09:53.062] [SEVERE ] setting player 1 freeze to -1035
[19:09:53.063] [SEVERE ] setting player 2 freeze to -1036
[19:09:53.063] [SEVERE ] setting player 3 freeze to -1036
[19:09:53.063] [SEVERE ] setting player 4 freeze to -1036
[19:09:53.074] [SEVERE ] setting player 1 freeze to -1047
[19:09:53.074] [SEVERE ] setting player 2 freeze to -1047
[19:09:53.076] [SEVERE ] setting player 3 freeze to -1049
[19:09:53.076] [SEVERE ] setting player 4 freeze to -1049
[19:09:53.087] [SEVERE ] setting player 1 freeze to -1060
[19:09:53.087] [SEVERE ] setting player 2 freeze to -1060
[19:09:53.087] [SEVERE ] setting player 3 freeze to -1060
[19:09:53.087] [SEVERE ] setting player 4 freeze to -1060
[19:09:53.098] [SEVERE ] setting player 1 freeze to -1071
[19:09:53.098] [SEVERE ] setting player 2 freeze to -1071
[19:09:53.099] [SEVERE ] setting player 3 freeze to -1072
[19:09:53.099] [SEVERE ] setting player 4 freeze to -1072
[19:09:53.112] [SEVERE ] setting player 1 freeze to -1085
[19:09:53.113] [SEVERE ] setting player 2 freeze to -1086
[19:09:53.113] [SEVERE ] setting player 3 freeze to -1086
[19:09:53.113] [SEVERE ] setting player 4 freeze to -1086
[19:09:53.126] [SEVERE ] setting player 1 freeze to -1099
[19:09:53.126] [SEVERE ] setting player 2 freeze to -1099
[19:09:53.126] [SEVERE ] setting player 3 freeze to -1099
[19:09:53.126] [SEVERE ] setting player 4 freeze to -1099
[19:09:53.137] [SEVERE ] setting player 1 freeze to -1110
[19:09:53.139] [SEVERE ] setting player 2 freeze to -1112
[19:09:53.139] [SEVERE ] setting player 3 freeze to -1112
[19:09:53.139] [SEVERE ] setting player 4 freeze to -1112
[19:09:53.150] [SEVERE ] setting player 1 freeze to -1123
[19:09:53.150] [SEVERE ] setting player 2 freeze to -1123
[19:09:53.150] [SEVERE ] setting player 3 freeze to -1123
[19:09:53.150] [SEVERE ] setting player 4 freeze to -1123
[19:09:53.161] [SEVERE ] setting player 1 freeze to -1134
[19:09:53.161] [SEVERE ] setting player 2 freeze to -1134
[19:09:53.162] [SEVERE ] setting player 3 freeze to -1135
[19:09:53.162] [SEVERE ] setting player 4 freeze to -1135
[19:09:53.175] [SEVERE ] setting player 1 freeze to -1148
[19:09:53.175] [SEVERE ] setting player 2 freeze to -1148
[19:09:53.175] [SEVERE ] setting player 3 freeze to -1148
[19:09:53.175] [SEVERE ] setting player 4 freeze to -1148
[19:09:53.186] [SEVERE ] setting player 1 freeze to -1159
[19:09:53.186] [SEVERE ] setting player 2 freeze to -1159
[19:09:53.188] [SEVERE ] setting player 3 freeze to -1161
[19:09:53.188] [SEVERE ] setting player 4 freeze to -1161
[19:09:53.199] [SEVERE ] setting player 1 freeze to -1172
[19:09:53.199] [SEVERE ] setting player 2 freeze to -1172
[19:09:53.199] [SEVERE ] setting player 3 freeze to -1172
[19:09:53.200] [SEVERE ] setting player 4 freeze to -1173
[19:09:53.211] [SEVERE ] setting player 1 freeze to -1184
[19:09:53.211] [SEVERE ] setting player 2 freeze to -1184
[19:09:53.212] [SEVERE ] setting player 3 freeze to -1185
[19:09:53.212] [SEVERE ] setting player 4 freeze to -1185
[19:09:53.222] [SEVERE ] setting player 1 freeze to -1195
[19:09:53.222] [SEVERE ] setting player 2 freeze to -1195
[19:09:53.223] [SEVERE ] setting player 3 freeze to -1196
[19:09:53.223] [SEVERE ] setting player 4 freeze to -1196
[19:09:53.233] [SEVERE ] setting player 1 freeze to -1206
[19:09:53.234] [SEVERE ] setting player 2 freeze to -1207
[19:09:53.234] [SEVERE ] setting player 3 freeze to -1207
[19:09:53.234] [SEVERE ] setting player 4 freeze to -1207
[19:09:53.246] [SEVERE ] setting player 1 freeze to -1219
[19:09:53.246] [SEVERE ] setting player 2 freeze to -1219
[19:09:53.246] [SEVERE ] setting player 3 freeze to -1219
[19:09:53.246] [SEVERE ] setting player 4 freeze to -1219
[19:09:53.259] [SEVERE ] setting player 1 freeze to -1232
[19:09:53.260] [SEVERE ] setting player 2 freeze to -1233
[19:09:53.260] [SEVERE ] setting player 3 freeze to -1233
[19:09:53.260] [SEVERE ] setting player 4 freeze to -1233
[19:09:53.273] [SEVERE ] setting player 1 freeze to -1246
[19:09:53.273] [SEVERE ] setting player 2 freeze to -1246
[19:09:53.274] [SEVERE ] setting player 3 freeze to -1247
[19:09:53.274] [SEVERE ] setting player 4 freeze to -1247
[19:09:53.284] [SEVERE ] setting player 1 freeze to -1257
[19:09:53.284] [SEVERE ] setting player 2 freeze to -1257
[19:09:53.285] [SEVERE ] setting player 3 freeze to -1258
[19:09:53.285] [SEVERE ] setting player 4 freeze to -1258
[19:09:53.296] [SEVERE ] setting player 1 freeze to -1269
[19:09:53.296] [SEVERE ] setting player 2 freeze to -1269
[19:09:53.297] [SEVERE ] setting player 3 freeze to -1270
[19:09:53.298] [SEVERE ] setting player 4 freeze to -1271
[19:09:53.309] [SEVERE ] setting player 1 freeze to -1282
[19:09:53.310] [SEVERE ] setting player 2 freeze to -1283
[19:09:53.310] [SEVERE ] setting player 3 freeze to -1283
[19:09:53.310] [SEVERE ] setting player 4 freeze to -1283
[19:09:53.321] [SEVERE ] setting player 1 freeze to -1294
[19:09:53.321] [SEVERE ] setting player 2 freeze to -1294
[19:09:53.321] [SEVERE ] setting player 3 freeze to -1294
[19:09:53.321] [SEVERE ] setting player 4 freeze to -1294
[19:09:53.332] [SEVERE ] setting player 1 freeze to -1305
[19:09:53.332] [SEVERE ] setting player 2 freeze to -1305
[19:09:53.332] [SEVERE ] setting player 3 freeze to -1305
[19:09:53.332] [SEVERE ] setting player 4 freeze to -1305
[19:09:53.343] [SEVERE ] setting player 1 freeze to -1316
[19:09:53.343] [SEVERE ] setting player 2 freeze to -1316
[19:09:53.343] [SEVERE ] setting player 3 freeze to -1316
[19:09:53.343] [SEVERE ] setting player 4 freeze to -1316
[19:09:53.356] [SEVERE ] setting player 1 freeze to -1329
[19:09:53.357] [SEVERE ] setting player 2 freeze to -1330
[19:09:53.357] [SEVERE ] setting player 3 freeze to -1330
[19:09:53.357] [SEVERE ] setting player 4 freeze to -1330
[19:09:53.368] [SEVERE ] setting player 1 freeze to -1341
[19:09:53.368] [SEVERE ] setting player 2 freeze to -1341
[19:09:53.368] [SEVERE ] setting player 3 freeze to -1341
[19:09:53.368] [SEVERE ] setting player 4 freeze to -1341
[19:09:53.379] [SEVERE ] setting player 1 freeze to -1352
[19:09:53.379] [SEVERE ] setting player 2 freeze to -1352
[19:09:53.379] [SEVERE ] setting player 3 freeze to -1352
[19:09:53.380] [SEVERE ] setting player 4 freeze to -1353
[19:09:53.390] [SEVERE ] setting player 1 freeze to -1363
[19:09:53.390] [SEVERE ] setting player 2 freeze to -1363
[19:09:53.390] [SEVERE ] setting player 3 freeze to -1363
[19:09:53.390] [SEVERE ] setting player 4 freeze to -1363
[19:09:53.402] [SEVERE ] setting player 1 freeze to -1375
[19:09:53.402] [SEVERE ] setting player 2 freeze to -1375
[19:09:53.402] [SEVERE ] setting player 3 freeze to -1375
[19:09:53.403] [SEVERE ] setting player 4 freeze to -1376
[19:09:53.415] [SEVERE ] setting player 1 freeze to -1388
[19:09:53.416] [SEVERE ] setting player 2 freeze to -1389
[19:09:53.416] [SEVERE ] setting player 3 freeze to -1389
[19:09:53.416] [SEVERE ] setting player 4 freeze to -1389
[19:09:53.427] [SEVERE ] setting player 1 freeze to -1400
[19:09:53.427] [SEVERE ] setting player 2 freeze to -1400
[19:09:53.427] [SEVERE ] setting player 3 freeze to -1400
[19:09:53.427] [SEVERE ] setting player 4 freeze to -1400
[19:09:53.437] [SEVERE ] setting player 1 freeze to -1410
[19:09:53.438] [SEVERE ] setting player 2 freeze to -1411
[19:09:53.438] [SEVERE ] setting player 3 freeze to -1411
[19:09:53.438] [SEVERE ] setting player 4 freeze to -1411
[19:09:53.449] [SEVERE ] setting player 1 freeze to -1422
[19:09:53.449] [SEVERE ] setting player 2 freeze to -1422
[19:09:53.449] [SEVERE ] setting player 3 freeze to -1422
[19:09:53.449] [SEVERE ] setting player 4 freeze to -1422
[19:09:53.465] [SEVERE ] setting player 1 freeze to -1438
[19:09:53.466] [SEVERE ] setting player 2 freeze to -1439
[19:09:53.466] [SEVERE ] setting player 3 freeze to -1439
[19:09:53.466] [SEVERE ] setting player 4 freeze to -1439
[19:09:53.478] [SEVERE ] setting player 1 freeze to -1451
[19:09:53.478] [SEVERE ] setting player 2 freeze to -1451
[19:09:53.478] [SEVERE ] setting player 3 freeze to -1451
[19:09:53.478] [SEVERE ] setting player 4 freeze to -1451
[19:09:53.489] [SEVERE ] setting player 1 freeze to -1462
[19:09:53.489] [SEVERE ] setting player 2 freeze to -1462
[19:09:53.490] [SEVERE ] setting player 3 freeze to -1463
[19:09:53.490] [SEVERE ] setting player 4 freeze to -1463
[19:09:53.500] [SEVERE ] setting player 1 freeze to -1473
[19:09:53.500] [SEVERE ] setting player 2 freeze to -1473
[19:09:53.501] [SEVERE ] setting player 3 freeze to -1474
[19:09:53.501] [SEVERE ] setting player 4 freeze to -1474
[19:09:53.514] [SEVERE ] setting player 1 freeze to -1487
[19:09:53.514] [SEVERE ] setting player 2 freeze to -1487
[19:09:53.514] [SEVERE ] setting player 3 freeze to -1487
[19:09:53.514] [SEVERE ] setting player 4 freeze to -1487
[19:09:53.546] [SEVERE ] setting player 1 freeze to -1519
[19:09:53.546] [SEVERE ] setting player 2 freeze to -1519
[19:09:53.546] [SEVERE ] setting player 3 freeze to -1519
[19:09:53.546] [SEVERE ] setting player 4 freeze to -1519
[19:09:53.557] [SEVERE ] setting player 1 freeze to -1530
[19:09:53.557] [SEVERE ] setting player 2 freeze to -1530
[19:09:53.557] [SEVERE ] setting player 3 freeze to -1530
[19:09:53.557] [SEVERE ] setting player 4 freeze to -1530
[19:09:53.568] [SEVERE ] setting player 1 freeze to -1541
[19:09:53.568] [SEVERE ] setting player 2 freeze to -1541
[19:09:53.568] [SEVERE ] setting player 3 freeze to -1541
[19:09:53.569] [SEVERE ] setting player 4 freeze to -1542
[19:09:53.579] [SEVERE ] setting player 1 freeze to -1552
[19:09:53.580] [SEVERE ] setting player 2 freeze to -1553
[19:09:53.580] [SEVERE ] setting player 3 freeze to -1553
[19:09:53.580] [SEVERE ] setting player 4 freeze to -1553
[19:09:53.591] [SEVERE ] setting player 1 freeze to -1564
[19:09:53.592] [SEVERE ] setting player 2 freeze to -1565
[19:09:53.592] [SEVERE ] setting player 3 freeze to -1565
[19:09:53.602] [SEVERE ] setting player 4 freeze to -1575
[19:09:53.613] [SEVERE ] setting player 1 freeze to -1586
[19:09:53.613] [SEVERE ] setting player 2 freeze to -1586
[19:09:53.613] [SEVERE ] setting player 3 freeze to -1586
[19:09:53.613] [SEVERE ] setting player 4 freeze to -1586
[19:09:53.626] [SEVERE ] setting player 1 freeze to -1599
[19:09:53.627] [SEVERE ] setting player 2 freeze to -1600
[19:09:53.627] [SEVERE ] setting player 3 freeze to -1600
[19:09:53.627] [SEVERE ] setting player 4 freeze to -1600
[19:09:53.638] [SEVERE ] setting player 1 freeze to -1611
[19:09:53.638] [SEVERE ] setting player 2 freeze to -1611
[19:09:53.638] [SEVERE ] setting player 3 freeze to -1611
[19:09:53.638] [SEVERE ] setting player 4 freeze to -1611
[19:09:53.649] [SEVERE ] setting player 1 freeze to -1622
[19:09:53.649] [SEVERE ] setting player 2 freeze to -1622
[19:09:53.649] [SEVERE ] setting player 3 freeze to -1622
[19:09:53.649] [SEVERE ] setting player 4 freeze to -1622
[19:09:53.660] [SEVERE ] setting player 1 freeze to -1633
[19:09:53.671] [SEVERE ] setting player 2 freeze to -1644
[19:09:53.671] [SEVERE ] setting player 3 freeze to -1644
[19:09:53.671] [SEVERE ] setting player 4 freeze to -1644
[19:09:53.682] [SEVERE ] setting player 1 freeze to -1655
[19:09:53.682] [SEVERE ] setting player 2 freeze to -1655
[19:09:53.683] [SEVERE ] setting player 3 freeze to -1656
[19:09:53.683] [SEVERE ] setting player 4 freeze to -1656
[19:09:53.694] [SEVERE ] setting player 1 freeze to -1667
[19:09:53.694] [SEVERE ] setting player 2 freeze to -1667
[19:09:53.694] [SEVERE ] setting player 3 freeze to -1667
[19:09:53.694] [SEVERE ] setting player 4 freeze to -1667
[19:09:53.707] [SEVERE ] setting player 1 freeze to -1680
[19:09:53.707] [SEVERE ] setting player 2 freeze to -1680
[19:09:53.708] [SEVERE ] setting player 3 freeze to -1681
[19:09:53.708] [SEVERE ] setting player 4 freeze to -1681
[19:09:53.719] [SEVERE ] setting player 1 freeze to -1692
[19:09:53.719] [SEVERE ] setting player 2 freeze to -1692
[19:09:53.719] [SEVERE ] setting player 3 freeze to -1692
[19:09:53.730] [SEVERE ] setting player 4 freeze to -1703
[19:09:53.741] [SEVERE ] setting player 1 freeze to -1713
[19:09:53.741] [SEVERE ] setting player 2 freeze to -1714
[19:09:53.741] [SEVERE ] setting player 3 freeze to -1714
[19:09:53.741] [SEVERE ] setting player 4 freeze to -1714
[19:09:53.752] [SEVERE ] setting player 1 freeze to -1725
[19:09:53.752] [SEVERE ] setting player 2 freeze to -1725
[19:09:53.752] [SEVERE ] setting player 3 freeze to -1725
[19:09:53.752] [SEVERE ] setting player 4 freeze to -1725
[19:09:53.763] [SEVERE ] setting player 1 freeze to -1736
[19:09:53.763] [SEVERE ] setting player 2 freeze to -1736
[19:09:53.763] [SEVERE ] setting player 3 freeze to -1736
[19:09:53.763] [SEVERE ] setting player 4 freeze to -1736
[19:09:53.776] [SEVERE ] setting player 1 freeze to -1749
[19:09:53.776] [SEVERE ] setting player 2 freeze to -1749
[19:09:53.776] [SEVERE ] setting player 3 freeze to -1749
[19:09:53.776] [SEVERE ] setting player 4 freeze to -1749
[19:09:53.788] [SEVERE ] setting player 1 freeze to -1761
[19:09:53.798] [SEVERE ] setting player 2 freeze to -1771
[19:09:53.799] [SEVERE ] setting player 3 freeze to -1772
[19:09:53.799] [SEVERE ] setting player 4 freeze to -1772
[19:09:53.811] [SEVERE ] setting player 1 freeze to -1784
[19:09:53.811] [SEVERE ] setting player 2 freeze to -1784
[19:09:53.811] [SEVERE ] setting player 3 freeze to -1784
[19:09:53.811] [SEVERE ] setting player 4 freeze to -1784
[19:09:53.822] [SEVERE ] setting player 1 freeze to -1795
[19:09:53.822] [SEVERE ] setting player 2 freeze to -1795
[19:09:53.822] [SEVERE ] setting player 3 freeze to -1795
[19:09:53.822] [SEVERE ] setting player 4 freeze to -1795
[19:09:53.833] [SEVERE ] setting player 1 freeze to -1806
[19:09:53.833] [SEVERE ] setting player 2 freeze to -1806
[19:09:53.833] [SEVERE ] setting player 3 freeze to -1806
[19:09:53.833] [SEVERE ] setting player 4 freeze to -1806
[19:09:53.844] [SEVERE ] setting player 1 freeze to -1817
[19:09:53.844] [SEVERE ] setting player 2 freeze to -1817
[19:09:53.844] [SEVERE ] setting player 3 freeze to -1817
[19:09:53.844] [SEVERE ] setting player 4 freeze to -1817
[19:09:53.862] [SEVERE ] setting player 1 freeze to -1835
[19:09:53.863] [SEVERE ] setting player 2 freeze to -1836
[19:09:53.863] [SEVERE ] setting player 3 freeze to -1836
[19:09:53.863] [SEVERE ] setting player 4 freeze to -1836
[19:09:53.875] [SEVERE ] setting player 1 freeze to -1848
[19:09:53.875] [SEVERE ] setting player 2 freeze to -1848
[19:09:53.875] [SEVERE ] setting player 3 freeze to -1848
[19:09:53.876] [SEVERE ] setting player 4 freeze to -1849
[19:09:53.887] [SEVERE ] setting player 1 freeze to -1860
[19:09:53.887] [SEVERE ] setting player 2 freeze to -1860
[19:09:53.887] [SEVERE ] setting player 3 freeze to -1860
[19:09:53.887] [SEVERE ] setting player 4 freeze to -1860
[19:09:53.905] [SEVERE ] setting player 1 freeze to -1878
[19:09:53.906] [SEVERE ] setting player 2 freeze to -1879
[19:09:53.906] [SEVERE ] setting player 3 freeze to -1879
[19:09:53.906] [SEVERE ] setting player 4 freeze to -1879
[19:09:53.917] [SEVERE ] setting player 1 freeze to -1890
[19:09:53.918] [SEVERE ] setting player 2 freeze to -1891
[19:09:53.948] [SEVERE ] setting player 3 freeze to -1921
[19:09:53.948] [SEVERE ] setting player 4 freeze to -1921
[19:09:53.960] [SEVERE ] setting player 1 freeze to -1933
[19:09:53.960] [SEVERE ] setting player 2 freeze to -1933
[19:09:53.960] [SEVERE ] setting player 3 freeze to -1933
[19:09:53.960] [SEVERE ] setting player 4 freeze to -1933
[19:09:53.972] [SEVERE ] setting player 1 freeze to -1945
[19:09:53.972] [SEVERE ] setting player 2 freeze to -1945
[19:09:53.972] [SEVERE ] setting player 3 freeze to -1945
[19:09:53.972] [SEVERE ] setting player 4 freeze to -1945
[19:09:53.983] [SEVERE ] setting player 1 freeze to -1956
[19:09:53.983] [SEVERE ] setting player 2 freeze to -1956
[19:09:53.983] [SEVERE ] setting player 3 freeze to -1956
[19:09:53.983] [SEVERE ] setting player 4 freeze to -1956
[19:09:53.993] [SEVERE ] setting player 1 freeze to -1966
[19:09:53.994] [SEVERE ] setting player 2 freeze to -1967
[19:09:53.994] [SEVERE ] setting player 3 freeze to -1967
[19:09:53.994] [SEVERE ] setting player 4 freeze to -1967
[19:09:54.004] [SEVERE ] setting player 1 freeze to -1977
[19:09:54.015] [SEVERE ] setting player 2 freeze to -1988
[19:09:54.015] [SEVERE ] setting player 3 freeze to -1988
[19:09:54.015] [SEVERE ] setting player 4 freeze to -1988
[19:09:54.028] [SEVERE ] setting player 1 freeze to -2001
[19:09:54.029] [SEVERE ] setting player 2 freeze to -2002
[19:09:54.029] [SEVERE ] setting player 3 freeze to -2002
[19:09:54.029] [SEVERE ] setting player 4 freeze to -2002
[19:09:54.036] [SEVERE ] player 4 placing token on slot 8
[19:09:54.036] [SEVERE ] player 3 placing token on slot 8
[19:09:54.036] [SEVERE ] player 2 placing token on slot 2
[19:09:54.037] [SEVERE ] player 4 placing token on slot 0
[19:09:54.037] [SEVERE ] player 2 placing token on slot 8
[19:09:54.038] [SEVERE ] player 3 placing token on slot 9
[19:09:54.038] [SEVERE ] player 1 placing token on slot 8
[19:09:54.038] [SEVERE ] player 4 placing token on slot 10
[19:09:54.039] [SEVERE ] player 2 placing token on slot 11
[19:09:54.039] [SEVERE ] setting player 1 freeze to -2012
[19:09:54.039] [SEVERE ] removing player 3 token from slot 9
[19:09:54.039] [SEVERE ] setting player 2 freeze to -2012
[19:09:54.050] [SEVERE ] player 1 placing token on slot 5
[19:09:54.050] [SEVERE ] setting player 3 freeze to -2023
[19:09:54.050] [SEVERE ] setting player 4 freeze to -2023
[19:09:54.051] [SEVERE ] setting player 1 freeze to -2024
[19:09:54.051] [SEVERE ] setting player 2 freeze to -2024
[19:09:54.051] [SEVERE ] removing player 3 token from slot 8
[19:09:54.051] [SEVERE ] setting player 3 freeze to -2024
[19:09:54.051] [SEVERE ] player 1 placing token on slot 4
[19:09:54.051] [SEVERE ] setting player 4 freeze to 0
[19:09:54.052] [SEVERE ] setting player 1 freeze to -2025
[19:09:54.052] [SEVERE ] removing player 4 token from slot 0
[19:09:54.052] [SEVERE ] setting player 2 freeze to 0
[19:09:54.052] [SEVERE ] player 3 placing token on slot 8
[19:09:54.053] [SEVERE ] setting player 3 freeze to -2026
[19:09:54.053] [SEVERE ] setting player 4 freeze to -2
[19:09:54.054] [SEVERE ] player 4 placing token on slot 2
[19:09:54.054] [SEVERE ] player 3 placing token on slot 5
[19:09:54.055] [SEVERE ] setting player 1 freeze to -2028
[19:09:54.055] [SEVERE ] player 3 placing token on slot 2
[19:09:54.065] [SEVERE ] setting player 2 freeze to -13
[19:09:54.066] [SEVERE ] setting player 3 freeze to -2039
[19:09:54.066] [SEVERE ] setting player 4 freeze to -12
[19:09:54.066] [SEVERE ] setting player 1 freeze to 0
[19:09:54.067] [SEVERE ] setting player 2 freeze to -15
[19:09:54.067] [SEVERE ] setting player 3 freeze to -2040
[19:09:54.067] [SEVERE ] setting player 4 freeze to -13
[19:09:54.068] [SEVERE ] setting player 1 freeze to -2
[19:09:54.068] [SEVERE ] setting player 2 freeze to -16
[19:09:54.068] [SEVERE ] setting player 3 freeze to 0
[19:09:54.068] [SEVERE ] setting player 4 freeze to -14
[19:09:54.070] [SEVERE ] removing player 3 token from slot 8
[19:09:54.071] [SEVERE ] removing player 2 token from slot 11
[19:09:54.072] [SEVERE ] player 3 placing token on slot 9
[19:09:54.072] [SEVERE ] setting player 1 freeze to -6
[19:09:54.073] [SEVERE ] setting player 2 freeze to -21
[19:09:54.073] [SEVERE ] setting player 3 freeze to -1
[19:09:54.073] [SEVERE ] player 2 placing token on slot 5
[19:09:54.084] [SEVERE ] setting player 4 freeze to -30
[19:09:54.084] [SEVERE ] removing player 1 token from slot 8
[19:09:54.085] [SEVERE ] player 1 placing token on slot 11
[19:09:54.086] [SEVERE ] setting player 1 freeze to -20
[19:09:54.086] [SEVERE ] setting player 2 freeze to -1
[19:09:54.086] [SEVERE ] setting player 3 freeze to -14
[19:09:54.086] [SEVERE ] removing player 3 token from slot 9
[19:09:54.086] [SEVERE ] setting player 4 freeze to -32
[19:09:54.087] [SEVERE ] setting player 1 freeze to 0
[19:09:54.087] [SEVERE ] setting player 2 freeze to -2
[19:09:54.087] [SEVERE ] setting player 3 freeze to -15
[19:09:54.087] [SEVERE ] setting player 4 freeze to -33
[19:09:54.088] [SEVERE ] player 3 placing token on slot 3
[19:09:54.088] [SEVERE ] removing player 2 token from slot 2
[19:09:54.089] [SEVERE ] removing player 4 token from slot 2
[19:09:54.089] [SEVERE ] setting player 1 freeze to -2
[19:09:54.089] [SEVERE ] setting player 2 freeze to -4
[19:09:54.090] [SEVERE ] setting player 3 freeze to -18
[19:09:54.090] [SEVERE ] player 2 placing token on slot 3
[19:09:54.100] [SEVERE ] setting player 4 freeze to -46
[19:09:54.100] [SEVERE ] player 4 placing token on slot 3
[19:09:54.101] [SEVERE ] setting player 1 freeze to -14
[19:09:54.101] [SEVERE ] removing player 1 token from slot 5
[19:09:54.101] [SEVERE ] setting player 2 freeze to -16
[19:09:54.101] [SEVERE ] setting player 3 freeze to 0
[19:09:54.101] [SEVERE ] setting player 4 freeze to -47
[19:09:54.102] [SEVERE ] setting player 1 freeze to -15
[19:09:54.102] [SEVERE ] setting player 2 freeze to -17
[19:09:54.102] [SEVERE ] setting player 3 freeze to -1
[19:09:54.102] [SEVERE ] setting player 4 freeze to 0
[19:09:54.102] [SEVERE ] player 1 placing token on slot 5
[19:09:54.103] [SEVERE ] setting player 1 freeze to -1
[19:09:54.103] [SEVERE ] setting player 2 freeze to -18
[19:09:54.103] [SEVERE ] setting player 3 freeze to -2
[19:09:54.103] [SEVERE ] setting player 4 freeze to -1
[19:09:54.104] [SEVERE ] removing player 1 token from slot 5
[19:09:54.105] [SEVERE ] player 1 placing token on slot 7
[19:09:54.107] [SEVERE ] setting player 1 freeze to -5
[19:09:54.107] [SEVERE ] setting player 2 freeze to 0
[19:09:54.107] [SEVERE ] setting player 3 freeze to -6
[19:09:54.107] [SEVERE ] setting player 4 freeze to -5
[19:09:54.108] [SEVERE ] setting player 1 freeze to 0
[19:09:54.108] [SEVERE ] setting player 2 freeze to -1
[19:09:54.108] [SEVERE ] setting player 3 freeze to -7
[19:09:54.108] [SEVERE ] setting player 4 freeze to -6
[19:09:54.109] [SEVERE ] removing player 4 token from slot 3
[19:09:54.110] [SEVERE ] player 4 placing token on slot 6
[19:09:54.111] [SEVERE ] setting player 1 freeze to -3
[19:09:54.111] [SEVERE ] setting player 2 freeze to -4
[19:09:54.111] [SEVERE ] removing player 3 token from slot 5
[19:09:54.112] [SEVERE ] setting player 3 freeze to -11
[19:09:54.112] [SEVERE ] removing player 1 token from slot 7
[19:09:54.112] [SEVERE ] setting player 4 freeze to -1
[19:09:54.113] [SEVERE ] player 3 placing token on slot 6
[19:09:54.114] [SEVERE ] player 1 placing token on slot 6
[19:09:54.114] [SEVERE ] removing player 4 token from slot 6
[19:09:54.115] [SEVERE ] setting player 1 freeze to -7
[19:09:54.115] [SEVERE ] setting player 2 freeze to -8
[19:09:54.115] [SEVERE ] setting player 3 freeze to 0
[19:09:54.115] [SEVERE ] setting player 4 freeze to -4
[19:09:54.116] [SEVERE ] setting player 1 freeze to 0
[19:09:54.116] [SEVERE ] setting player 2 freeze to -9
[19:09:54.116] [SEVERE ] player 4 placing token on slot 1
[19:09:54.116] [SEVERE ] setting player 3 freeze to -1
[19:09:54.116] [SEVERE ] removing player 3 token from slot 6
[19:09:54.116] [SEVERE ] setting player 4 freeze to -5
[19:09:54.117] [SEVERE ] setting player 1 freeze to -1
[19:09:54.117] [SEVERE ] setting player 2 freeze to -10
[19:09:54.117] [SEVERE ] setting player 3 freeze to -2
[19:09:54.117] [SEVERE ] setting player 4 freeze to 0
[19:09:54.117] [SEVERE ] player 3 placing token on slot 7
[19:09:54.118] [SEVERE ] setting player 1 freeze to -2
[19:09:54.118] [SEVERE ] setting player 2 freeze to -11
[19:09:54.118] [SEVERE ] setting player 3 freeze to 0
[19:09:54.119] [SEVERE ] removing player 4 token from slot 10
[19:09:54.129] [SEVERE ] setting player 4 freeze to -12
[19:09:54.129] [SEVERE ] removing player 3 token from slot 2
[19:09:54.130] [SEVERE ] player 4 placing token on slot 0
[19:09:54.131] [SEVERE ] player 3 placing token on slot 11
[19:09:54.131] [SEVERE ] setting player 1 freeze to -15
[19:09:54.132] [SEVERE ] removing player 2 token from slot 5
[19:09:54.132] [SEVERE ] setting player 2 freeze to -25
[19:09:54.132] [SEVERE ] setting player 3 freeze to -14
[19:09:54.132] [SEVERE ] setting player 4 freeze to -15
[19:09:54.133] [SEVERE ] removing player 1 token from slot 11
[19:09:54.133] [SEVERE ] player 2 placing token on slot 6
[19:09:54.133] [SEVERE ] setting player 1 freeze to -17
[19:09:54.133] [SEVERE ] setting player 2 freeze to -26
[19:09:54.133] [SEVERE ] setting player 3 freeze to 0
[19:09:54.134] [SEVERE ] setting player 4 freeze to -17
[19:09:54.134] [SEVERE ] setting player 1 freeze to -18
[19:09:54.134] [SEVERE ] player 1 placing token on slot 1
[19:09:54.134] [SEVERE ] setting player 2 freeze to 0
[19:09:54.136] [SEVERE ] setting player 3 freeze to -3
[19:09:54.137] [SEVERE ] setting player 4 freeze to -20
[19:09:54.137] [SEVERE ] setting player 1 freeze to -21
[19:09:54.137] [SEVERE ] setting player 2 freeze to -3
[19:09:54.137] [SEVERE ] setting player 3 freeze to -4
[19:09:54.138] [SEVERE ] setting player 4 freeze to -1
[19:09:54.138] [SEVERE ] setting player 1 freeze to 0
[19:09:54.138] [SEVERE ] setting player 2 freeze to -4
[19:09:54.138] [SEVERE ] setting player 3 freeze to -5
[19:09:54.138] [SEVERE ] setting player 4 freeze to -1
[19:09:54.140] [SEVERE ] removing player 3 token from slot 7
[19:09:54.140] [SEVERE ] removing player 1 token from slot 6
[19:09:54.141] [SEVERE ] removing player 4 token from slot 1
[19:09:54.141] [SEVERE ] setting player 1 freeze to -3
[19:09:54.141] [SEVERE ] player 1 placing token on slot 8
[19:09:54.141] [SEVERE ] setting player 2 freeze to -7
[19:09:54.141] [SEVERE ] removing player 2 token from slot 3
[19:09:54.141] [SEVERE ] setting player 3 freeze to -8
[19:09:54.142] [SEVERE ] player 3 placing token on slot 9
[19:09:54.142] [SEVERE ] setting player 4 freeze to -5
[19:09:54.142] [SEVERE ] player 4 placing token on slot 10
[19:09:54.144] [SEVERE ] removing player 2 token from slot 6
[19:09:54.144] [SEVERE ] setting player 1 freeze to 0
[19:09:54.145] [SEVERE ] setting player 2 freeze to -11
[19:09:54.145] [SEVERE ] setting player 3 freeze to -12
[19:09:54.145] [SEVERE ] setting player 4 freeze to -8
[19:09:54.145] [SEVERE ] setting player 1 freeze to -1
[19:09:54.145] [SEVERE ] player 2 placing token on slot 7
[19:09:54.145] [SEVERE ] setting player 2 freeze to -11
[19:09:54.146] [SEVERE ] removing player 1 token from slot 8
[19:09:54.146] [SEVERE ] setting player 3 freeze to -1
[19:09:54.146] [SEVERE ] setting player 4 freeze to -9
[19:09:54.147] [SEVERE ] player 1 placing token on slot 8
[19:09:54.148] [SEVERE ] removing player 2 token from slot 8
[19:09:54.147] [SEVERE ] setting player 1 freeze to -3
[19:09:54.148] [SEVERE ] setting player 2 freeze to -14
[19:09:54.148] [SEVERE ] setting player 3 freeze to -3
[19:09:54.148] [SEVERE ] setting player 4 freeze to -1
[19:09:54.149] [SEVERE ] setting player 1 freeze to 0
[19:09:54.149] [SEVERE ] setting player 2 freeze to -15
[19:09:54.149] [SEVERE ] setting player 3 freeze to -4
[19:09:54.149] [SEVERE ] setting player 4 freeze to -2
[19:09:54.149] [SEVERE ] player 2 placing token on slot 6
[19:09:54.150] [SEVERE ] removing player 3 token from slot 11
[19:09:54.150] [SEVERE ] player 2 placing token on slot 10
[19:09:54.151] [SEVERE ] setting player 1 freeze to -2
[19:09:54.151] [SEVERE ] setting player 2 freeze to 0
[19:09:54.151] [SEVERE ] setting player 3 freeze to -6
[19:09:54.151] [SEVERE ] setting player 4 freeze to -4
[19:09:54.151] [SEVERE ] player 3 placing token on slot 11
[19:09:54.152] [SEVERE ] setting player 1 freeze to -3
[19:09:54.152] [SEVERE ] setting player 2 freeze to -1
[19:09:54.152] [SEVERE ] setting player 3 freeze to -7
[19:09:54.152] [SEVERE ] setting player 4 freeze to -5
[19:09:54.152] [SEVERE ] setting player 1 freeze to -3
[19:09:54.152] [SEVERE ] setting player 2 freeze to -1
[19:09:54.152] [SEVERE ] setting player 3 freeze to 0
[19:09:54.153] [SEVERE ] setting player 4 freeze to -6
[19:09:54.153] [SEVERE ] removing player 3 token from slot 9
[19:09:54.155] [SEVERE ] player 3 placing token on slot 1
[19:09:54.155] [SEVERE ] setting player 1 freeze to -6
[19:09:54.156] [SEVERE ] setting player 2 freeze to -5
[19:09:54.156] [SEVERE ] setting player 3 freeze to -1
[19:09:54.156] [SEVERE ] setting player 4 freeze to -9
[19:09:54.156] [SEVERE ] removing player 2 token from slot 10
[19:09:54.158] [SEVERE ] player 2 placing token on slot 2
[19:09:54.158] [SEVERE ] setting player 1 freeze to -9
[19:09:54.158] [SEVERE ] setting player 2 freeze to 0
[19:09:54.158] [SEVERE ] setting player 3 freeze to -3
[19:09:54.159] [SEVERE ] setting player 4 freeze to -12
[19:09:54.159] [SEVERE ] removing player 4 token from slot 8
[19:09:54.159] [SEVERE ] removing player 3 token from slot 3
[19:09:54.160] [SEVERE ] removing player 2 token from slot 6
[19:09:54.160] [SEVERE ] setting player 1 freeze to -11
[19:09:54.160] [SEVERE ] removing player 2 token from slot 7
[19:09:54.160] [SEVERE ] setting player 2 freeze to -2
[19:09:54.160] [SEVERE ] setting player 3 freeze to -5
[19:09:54.160] [SEVERE ] player 4 placing token on slot 1
[19:09:54.161] [SEVERE ] setting player 4 freeze to -14
[19:09:54.161] [SEVERE ] player 3 placing token on slot 0
[19:09:54.161] [SEVERE ] setting player 1 freeze to -12
[19:09:54.161] [SEVERE ] setting player 2 freeze to -3
[19:09:54.161] [SEVERE ] setting player 3 freeze to -6
[19:09:54.161] [SEVERE ] setting player 4 freeze to 0
[19:09:54.162] [SEVERE ] player 2 placing token on slot 11
[19:09:54.162] [SEVERE ] setting player 1 freeze to -13
[19:09:54.162] [SEVERE ] setting player 2 freeze to -4
[19:09:54.162] [SEVERE ] setting player 3 freeze to 0
[19:09:54.163] [SEVERE ] setting player 4 freeze to -2
[19:09:54.163] [SEVERE ] player 2 placing token on slot 3
[19:09:54.163] [SEVERE ] setting player 1 freeze to -14
[19:09:54.163] [SEVERE ] removing player 3 token from slot 1
[19:09:54.164] [SEVERE ] setting player 2 freeze to -1
[19:09:54.164] [SEVERE ] setting player 3 freeze to -2
[19:09:54.164] [SEVERE ] setting player 4 freeze to -3
[19:09:54.165] [SEVERE ] player 3 placing token on slot 4
[19:09:54.165] [SEVERE ] removing player 4 token from slot 1
[19:09:54.166] [SEVERE ] setting player 1 freeze to -17
[19:09:54.166] [SEVERE ] setting player 2 freeze to -3
[19:09:54.166] [SEVERE ] setting player 3 freeze to -1
[19:09:54.166] [SEVERE ] setting player 4 freeze to -5
[19:09:54.166] [SEVERE ] player 4 placing token on slot 4
[19:09:54.167] [SEVERE ] setting player 1 freeze to -18
[19:09:54.167] [SEVERE ] setting player 2 freeze to -4
[19:09:54.167] [SEVERE ] setting player 3 freeze to -2
[19:09:54.167] [SEVERE ] setting player 4 freeze to 0
[19:09:54.168] [SEVERE ] removing player 3 token from slot 0
[19:09:54.168] [SEVERE ] removing player 4 token from slot 0
[19:09:54.169] [SEVERE ] removing player 1 token from slot 8
[19:09:54.170] [SEVERE ] player 3 placing token on slot 5
[19:09:54.170] [SEVERE ] player 4 placing token on slot 11
[19:09:54.170] [SEVERE ] setting player 1 freeze to -21
[19:09:54.170] [SEVERE ] player 1 placing token on slot 10
[19:09:54.170] [SEVERE ] setting player 2 freeze to -7
[19:09:54.170] [SEVERE ] removing player 2 token from slot 11
[19:09:54.170] [SEVERE ] setting player 3 freeze to 0
[19:09:54.171] [SEVERE ] setting player 4 freeze to -4
[19:09:54.171] [SEVERE ] setting player 1 freeze to -22
[19:09:54.171] [SEVERE ] setting player 2 freeze to -8
[19:09:54.171] [SEVERE ] setting player 3 freeze to -1
[19:09:54.172] [SEVERE ] setting player 4 freeze to -1
[19:09:54.172] [SEVERE ] setting player 1 freeze to 0
[19:09:54.172] [SEVERE ] removing player 2 token from slot 3
[19:09:54.172] [SEVERE ] removing player 3 token from slot 5
[19:09:54.172] [SEVERE ] setting player 2 freeze to -9
[19:09:54.172] [SEVERE ] setting player 3 freeze to -2
[19:09:54.172] [SEVERE ] setting player 4 freeze to -1
[19:09:54.173] [SEVERE ] player 2 placing token on slot 10
[19:09:54.173] [SEVERE ] player 3 placing token on slot 9
[19:09:54.174] [SEVERE ] removing player 4 token from slot 4
[19:09:54.174] [SEVERE ] setting player 1 freeze to -2
[19:09:54.174] [SEVERE ] setting player 2 freeze to -11
[19:09:54.174] [SEVERE ] setting player 3 freeze to 0
[19:09:54.174] [SEVERE ] setting player 4 freeze to -3
[19:09:54.175] [SEVERE ] removing player 2 token from slot 2
[19:09:54.175] [SEVERE ] player 4 placing token on slot 8
[19:09:54.176] [SEVERE ] setting player 1 freeze to -4
[19:09:54.176] [SEVERE ] setting player 2 freeze to -13
[19:09:54.176] [SEVERE ] setting player 3 freeze to -2
[19:09:54.176] [SEVERE ] setting player 4 freeze to 0
[19:09:54.176] [SEVERE ] player 2 placing token on slot 7
[19:09:54.177] [SEVERE ] removing player 3 token from slot 11
[19:09:54.177] [SEVERE ] removing player 4 token from slot 11
[19:09:54.177] [SEVERE ] player 2 placing token on slot 11
[19:09:54.178] [SEVERE ] player 3 placing token on slot 6
[19:09:54.178] [SEVERE ] player 4 placing token on slot 4
[19:09:54.179] [SEVERE ] setting player 1 freeze to -7
[19:09:54.179] [SEVERE ] setting player 2 freeze to -16
[19:09:54.179] [SEVERE ] setting player 3 freeze to 0
[19:09:54.179] [SEVERE ] setting player 4 freeze to -3
[19:09:54.180] [SEVERE ] setting player 1 freeze to -8
[19:09:54.180] [SEVERE ] setting player 2 freeze to -17
[19:09:54.180] [SEVERE ] setting player 3 freeze to -1
[19:09:54.180] [SEVERE ] setting player 4 freeze to -1
[19:09:54.180] [SEVERE ] removing player 3 token from slot 6
[19:09:54.181] [SEVERE ] player 3 placing token on slot 3
[19:09:54.182] [SEVERE ] setting player 1 freeze to -10
[19:09:54.182] [SEVERE ] setting player 2 freeze to -19
[19:09:54.182] [SEVERE ] setting player 3 freeze to 0
[19:09:54.182] [SEVERE ] setting player 4 freeze to -3
[19:09:54.183] [SEVERE ] removing player 4 token from slot 10
[19:09:54.185] [SEVERE ] player 4 placing token on slot 7
[19:09:54.185] [SEVERE ] removing player 3 token from slot 4
[19:09:54.185] [SEVERE ] setting player 1 freeze to -13
[19:09:54.186] [SEVERE ] setting player 2 freeze to -23
[19:09:54.186] [SEVERE ] setting player 3 freeze to -4
[19:09:54.186] [SEVERE ] setting player 4 freeze to -1
[19:09:54.186] [SEVERE ] player 3 placing token on slot 2
[19:09:54.187] [SEVERE ] removing player 4 token from slot 4
[19:09:54.187] [SEVERE ] setting player 1 freeze to -15
[19:09:54.187] [SEVERE ] setting player 2 freeze to -24
[19:09:54.187] [SEVERE ] setting player 3 freeze to 0
[19:09:54.187] [SEVERE ] setting player 4 freeze to -2
[19:09:54.188] [SEVERE ] player 4 placing token on slot 10
[19:09:54.188] [SEVERE ] setting player 1 freeze to -16
[19:09:54.189] [SEVERE ] setting player 2 freeze to -26
[19:09:54.189] [SEVERE ] setting player 3 freeze to -2
[19:09:54.189] [SEVERE ] setting player 4 freeze to -1
[19:09:54.189] [SEVERE ] removing player 1 token from slot 10
[19:09:54.190] [SEVERE ] removing player 3 token from slot 9
[19:09:54.191] [SEVERE ] player 1 placing token on slot 2
[19:09:54.191] [SEVERE ] setting player 1 freeze to -19
[19:09:54.191] [SEVERE ] setting player 2 freeze to -28
[19:09:54.191] [SEVERE ] setting player 3 freeze to -4
[19:09:54.191] [SEVERE ] setting player 4 freeze to -3
[19:09:54.192] [SEVERE ] player 3 placing token on slot 8
[19:09:54.192] [SEVERE ] setting player 1 freeze to -20
[19:09:54.192] [SEVERE ] setting player 2 freeze to -29
[19:09:54.192] [SEVERE ] setting player 3 freeze to -5
[19:09:54.192] [SEVERE ] setting player 4 freeze to -4
[19:09:54.193] [SEVERE ] setting player 1 freeze to -21
[19:09:54.193] [SEVERE ] setting player 2 freeze to -30
[19:09:54.194] [SEVERE ] setting player 3 freeze to -1
[19:09:54.194] [SEVERE ] setting player 4 freeze to -6
[19:09:54.194] [SEVERE ] removing player 4 token from slot 7
[19:09:54.194] [SEVERE ] setting player 1 freeze to -22
[19:09:54.195] [SEVERE ] setting player 2 freeze to -1
[19:09:54.195] [SEVERE ] setting player 3 freeze to -2
[19:09:54.195] [SEVERE ] setting player 4 freeze to -7
[19:09:54.196] [SEVERE ] setting player 1 freeze to -1
[19:09:54.196] [SEVERE ] player 4 placing token on slot 5
[19:09:54.196] [SEVERE ] setting player 2 freeze to -2
[19:09:54.196] [SEVERE ] setting player 3 freeze to -3
[19:09:54.196] [SEVERE ] setting player 4 freeze to -8
[19:09:54.196] [SEVERE ] setting player 1 freeze to -1
[19:09:54.196] [SEVERE ] setting player 2 freeze to -2
[19:09:54.197] [SEVERE ] setting player 3 freeze to -4
[19:09:54.197] [SEVERE ] setting player 4 freeze to -1
[19:09:54.197] [SEVERE ] removing player 1 token from slot 2
[19:09:54.198] [SEVERE ] player 1 placing token on slot 6
[19:09:54.200] [SEVERE ] setting player 1 freeze to -5
[19:09:54.200] [SEVERE ] setting player 2 freeze to -6
[19:09:54.200] [SEVERE ] setting player 3 freeze to -7
[19:09:54.200] [SEVERE ] setting player 4 freeze to -4
[19:09:54.200] [SEVERE ] removing player 3 token from slot 2
[19:09:54.202] [SEVERE ] removing player 3 token from slot 8
[19:09:54.202] [SEVERE ] removing player 2 token from slot 11
[19:09:54.202] [SEVERE ] removing player 4 token from slot 8
[19:09:54.203] [SEVERE ] player 3 placing token on slot 0
[19:09:54.203] [SEVERE ] player 2 placing token on slot 3
[19:09:54.204] [SEVERE ] player 4 placing token on slot 6
[19:09:54.204] [SEVERE ] setting player 1 freeze to -9
[19:09:54.204] [SEVERE ] player 3 placing token on slot 5
[19:09:54.205] [SEVERE ] setting player 2 freeze to -11
[19:09:54.205] [SEVERE ] setting player 3 freeze to -12
[19:09:54.205] [SEVERE ] setting player 4 freeze to -1
[19:09:54.205] [SEVERE ] setting player 1 freeze to -10
[19:09:54.206] [SEVERE ] removing player 4 token from slot 10
[19:09:54.206] [SEVERE ] setting player 2 freeze to -12
[19:09:54.206] [SEVERE ] setting player 3 freeze to -1
[19:09:54.206] [SEVERE ] setting player 4 freeze to -2
[19:09:54.207] [SEVERE ] player 4 placing token on slot 1
[19:09:54.207] [SEVERE ] setting player 1 freeze to -12
[19:09:54.208] [SEVERE ] setting player 2 freeze to -14
[19:09:54.208] [SEVERE ] setting player 3 freeze to -3
[19:09:54.208] [SEVERE ] setting player 4 freeze to -1
[19:09:54.209] [SEVERE ] removing player 4 token from slot 6
[19:09:54.210] [SEVERE ] player 4 placing token on slot 11
[19:09:54.210] [SEVERE ] removing player 3 token from slot 0
[19:09:54.210] [SEVERE ] setting player 1 freeze to -15
[19:09:54.210] [SEVERE ] setting player 2 freeze to -16
[19:09:54.210] [SEVERE ] setting player 3 freeze to -5
[19:09:54.211] [SEVERE ] setting player 4 freeze to -4
[19:09:54.211] [SEVERE ] setting player 1 freeze to -16
[19:09:54.211] [SEVERE ] setting player 2 freeze to -17
[19:09:54.211] [SEVERE ] setting player 3 freeze to -6
[19:09:54.211] [SEVERE ] setting player 4 freeze to 0
[19:09:54.212] [SEVERE ] player 3 placing token on slot 1
[19:09:54.212] [SEVERE ] setting player 1 freeze to -17
[19:09:54.212] [SEVERE ] removing player 4 token from slot 1
[19:09:54.212] [SEVERE ] setting player 2 freeze to -18
[19:09:54.212] [SEVERE ] setting player 3 freeze to 0
[19:09:54.212] [SEVERE ] setting player 4 freeze to -1
[19:09:54.213] [SEVERE ] setting player 1 freeze to -18
[19:09:54.213] [SEVERE ] setting player 2 freeze to -19
[19:09:54.213] [SEVERE ] setting player 3 freeze to -1
[19:09:54.213] [SEVERE ] setting player 4 freeze to -2
[19:09:54.213] [SEVERE ] player 4 placing token on slot 7
[19:09:54.214] [SEVERE ] setting player 1 freeze to -19
[19:09:54.214] [SEVERE ] setting player 2 freeze to 0
[19:09:54.214] [SEVERE ] setting player 3 freeze to -2
[19:09:54.214] [SEVERE ] setting player 4 freeze to -3
[19:09:54.214] [SEVERE ] setting player 1 freeze to -19
[19:09:54.214] [SEVERE ] setting player 2 freeze to 0
[19:09:54.214] [SEVERE ] setting player 3 freeze to -2
[19:09:54.214] [SEVERE ] setting player 4 freeze to 0
[19:09:54.215] [SEVERE ] removing player 3 token from slot 3
[19:09:54.215] [SEVERE ] setting player 1 freeze to 0
[19:09:54.215] [SEVERE ] removing player 2 token from slot 3
[19:09:54.215] [SEVERE ] removing player 4 token from slot 11
[19:09:54.215] [SEVERE ] setting player 2 freeze to -1
[19:09:54.216] [SEVERE ] setting player 3 freeze to -4
[19:09:54.216] [SEVERE ] setting player 4 freeze to -2
[19:09:54.216] [SEVERE ] removing player 3 token from slot 1
[19:09:54.217] [SEVERE ] player 2 placing token on slot 11
[19:09:54.217] [SEVERE ] removing player 4 token from slot 5
[19:09:54.217] [SEVERE ] player 3 placing token on slot 9
[19:09:54.217] [SEVERE ] setting player 1 freeze to -2
[19:09:54.217] [SEVERE ] setting player 2 freeze to -3
[19:09:54.217] [SEVERE ] setting player 3 freeze to -5
[19:09:54.217] [SEVERE ] setting player 4 freeze to -3
[19:09:54.218] [SEVERE ] setting player 1 freeze to -3
[19:09:54.218] [SEVERE ] setting player 2 freeze to 0
[19:09:54.218] [SEVERE ] setting player 3 freeze to -6
[19:09:54.218] [SEVERE ] setting player 4 freeze to -4
[19:09:54.218] [SEVERE ] removing player 4 token from slot 7
[19:09:54.218] [SEVERE ] removing player 3 token from slot 5
[19:09:54.219] [SEVERE ] player 4 placing token on slot 8
[19:09:54.220] [SEVERE ] player 3 placing token on slot 5
[19:09:54.220] [SEVERE ] removing player 2 token from slot 7
[19:09:54.221] [SEVERE ] removing player 4 token from slot 8
[19:09:54.221] [SEVERE ] player 3 placing token on slot 1
[19:09:54.222] [SEVERE ] player 2 placing token on slot 3
[19:09:54.222] [SEVERE ] setting player 1 freeze to -7
[19:09:54.222] [SEVERE ] player 4 placing token on slot 3
[19:09:54.222] [SEVERE ] setting player 2 freeze to -4
[19:09:54.222] [SEVERE ] setting player 3 freeze to 0
[19:09:54.222] [SEVERE ] setting player 4 freeze to -8
[19:09:54.223] [SEVERE ] removing player 3 token from slot 1
[19:09:54.223] [SEVERE ] setting player 1 freeze to -8
[19:09:54.223] [SEVERE ] player 4 placing token on slot 7
[19:09:54.223] [SEVERE ] setting player 2 freeze to 0
[19:09:54.224] [SEVERE ] setting player 3 freeze to -2
[19:09:54.224] [SEVERE ] setting player 4 freeze to -10
[19:09:54.224] [SEVERE ] player 3 placing token on slot 0
[19:09:54.225] [SEVERE ] setting player 1 freeze to -10
[19:09:54.225] [SEVERE ] player 4 placing token on slot 9
[19:09:54.225] [SEVERE ] setting player 2 freeze to -2
[19:09:54.225] [SEVERE ] setting player 3 freeze to 0
[19:09:54.225] [SEVERE ] setting player 4 freeze to -11
[19:09:54.226] [SEVERE ] removing player 1 token from slot 4
[19:09:54.226] [SEVERE ] setting player 1 freeze to -11
[19:09:54.226] [SEVERE ] setting player 2 freeze to -3
[19:09:54.226] [SEVERE ] setting player 3 freeze to -1
[19:09:54.226] [SEVERE ] setting player 4 freeze to -12
[19:09:54.227] [SEVERE ] player 1 placing token on slot 8
[19:09:54.228] [SEVERE ] setting player 1 freeze to 0
[19:09:54.228] [SEVERE ] setting player 2 freeze to -5
[19:09:54.228] [SEVERE ] setting player 3 freeze to -3
[19:09:54.228] [SEVERE ] setting player 4 freeze to -14
[19:09:54.229] [SEVERE ] removing player 2 token from slot 10
[19:09:54.230] [SEVERE ] removing player 3 token from slot 9
[19:09:54.230] [SEVERE ] player 2 placing token on slot 5
[19:09:54.230] [SEVERE ] setting player 1 freeze to -2
[19:09:54.231] [SEVERE ] setting player 2 freeze to -1
[19:09:54.231] [SEVERE ] setting player 3 freeze to -6
[19:09:54.231] [SEVERE ] setting player 4 freeze to -17
[19:09:54.231] [SEVERE ] removing player 3 token from slot 5
[19:09:54.231] [SEVERE ] removing player 1 token from slot 1
[19:09:54.232] [SEVERE ] player 1 placing token on slot 3
[19:09:54.233] [SEVERE ] player 3 placing token on slot 5
[19:09:54.233] [SEVERE ] setting player 1 freeze to 0
[19:09:54.233] [SEVERE ] removing player 2 token from slot 5
[19:09:54.233] [SEVERE ] setting player 2 freeze to -3
[19:09:54.234] [SEVERE ] setting player 3 freeze to -9
[19:09:54.234] [SEVERE ] setting player 4 freeze to -20
[19:09:54.234] [SEVERE ] player 3 placing token on slot 6
[19:09:54.234] [SEVERE ] setting player 1 freeze to -1
[19:09:54.234] [SEVERE ] player 2 placing token on slot 9
[19:09:54.234] [SEVERE ] setting player 2 freeze to -4
[19:09:54.235] [SEVERE ] setting player 3 freeze to -1
[19:09:54.235] [SEVERE ] setting player 4 freeze to -21
[19:09:54.235] [SEVERE ] setting player 1 freeze to -2
[19:09:54.235] [SEVERE ] setting player 2 freeze to 0
[19:09:54.235] [SEVERE ] setting player 3 freeze to -1
[19:09:54.235] [SEVERE ] setting player 4 freeze to -21
[19:09:54.236] [SEVERE ] removing player 2 token from slot 9
[19:09:54.236] [SEVERE ] removing player 1 token from slot 8
[19:09:54.237] [SEVERE ] setting player 1 freeze to -4
[19:09:54.237] [SEVERE ] setting player 2 freeze to -2
[19:09:54.237] [SEVERE ] removing player 3 token from slot 0
[19:09:54.237] [SEVERE ] setting player 3 freeze to -3
[19:09:54.237] [SEVERE ] setting player 4 freeze to -23
[19:09:54.237] [SEVERE ] player 2 placing token on slot 6
[19:09:54.238] [SEVERE ] setting player 1 freeze to -5
[19:09:54.238] [SEVERE ] player 1 placing token on slot 8
[19:09:54.238] [SEVERE ] player 3 placing token on slot 0
[19:09:54.238] [SEVERE ] setting player 2 freeze to 0
[19:09:54.239] [SEVERE ] setting player 3 freeze to -5
[19:09:54.239] [SEVERE ] setting player 4 freeze to -25
[19:09:54.239] [SEVERE ] setting player 1 freeze to -6
[19:09:54.239] [SEVERE ] setting player 2 freeze to -1
[19:09:54.239] [SEVERE ] setting player 3 freeze to 0
[19:09:54.239] [SEVERE ] setting player 4 freeze to -25
[19:09:54.240] [SEVERE ] setting player 1 freeze to 0
[19:09:54.240] [SEVERE ] removing player 2 token from slot 3
[19:09:54.240] [SEVERE ] setting player 2 freeze to -2
[19:09:54.240] [SEVERE ] setting player 3 freeze to -1
[19:09:54.240] [SEVERE ] setting player 4 freeze to -26
[19:09:54.240] [SEVERE ] removing player 3 token from slot 0
[19:09:54.241] [SEVERE ] player 2 placing token on slot 2
[19:09:54.242] [SEVERE ] player 3 placing token on slot 1
[19:09:54.242] [SEVERE ] setting player 1 freeze to -2
[19:09:54.242] [SEVERE ] setting player 2 freeze to 0
[19:09:54.242] [SEVERE ] setting player 3 freeze to -3
[19:09:54.242] [SEVERE ] setting player 4 freeze to -28
[19:09:54.243] [SEVERE ] setting player 1 freeze to -3
[19:09:54.243] [SEVERE ] setting player 2 freeze to -1
[19:09:54.243] [SEVERE ] setting player 3 freeze to -1
[19:09:54.243] [SEVERE ] setting player 4 freeze to -29
[19:09:54.243] [SEVERE ] removing player 2 token from slot 2
[19:09:54.244] [SEVERE ] player 2 placing token on slot 10
[19:09:54.245] [SEVERE ] removing player 3 token from slot 5
[19:09:54.245] [SEVERE ] removing player 1 token from slot 6
[19:09:54.245] [SEVERE ] setting player 1 freeze to -5
[19:09:54.246] [SEVERE ] setting player 2 freeze to -1
[19:09:54.246] [SEVERE ] setting player 3 freeze to -4
[19:09:54.246] [SEVERE ] setting player 4 freeze to -32
[19:09:54.246] [SEVERE ] setting player 1 freeze to -6
[19:09:54.246] [SEVERE ] player 1 placing token on slot 1
[19:09:54.246] [SEVERE ] setting player 2 freeze to -1
[19:09:54.246] [SEVERE ] setting player 3 freeze to -4
[19:09:54.246] [SEVERE ] setting player 4 freeze to -32
[19:09:54.246] [SEVERE ] removing player 2 token from slot 10
[19:09:54.246] [SEVERE ] player 3 placing token on slot 3
[19:09:54.247] [SEVERE ] setting player 1 freeze to 0
[19:09:54.247] [SEVERE ] setting player 2 freeze to -2
[19:09:54.247] [SEVERE ] setting player 3 freeze to -5
[19:09:54.247] [SEVERE ] setting player 4 freeze to -33
[19:09:54.247] [SEVERE ] setting player 1 freeze to 0
[19:09:54.247] [SEVERE ] setting player 2 freeze to -2
[19:09:54.247] [SEVERE ] setting player 3 freeze to 0
[19:09:54.247] [SEVERE ] setting player 4 freeze to -33
[19:09:54.248] [SEVERE ] player 2 placing token on slot 0
[19:09:54.248] [SEVERE ] setting player 1 freeze to -1
[19:09:54.248] [SEVERE ] setting player 2 freeze to 0
[19:09:54.249] [SEVERE ] setting player 3 freeze to -2
[19:09:54.249] [SEVERE ] setting player 4 freeze to -35
[19:09:54.252] [SEVERE ] removing player 2 token from slot 6
[19:09:54.252] [SEVERE ] removing player 1 token from slot 3
[19:09:54.253] [SEVERE ] player 2 placing token on slot 1
[19:09:54.253] [SEVERE ] player 1 placing token on slot 3
[19:09:54.254] [SEVERE ] setting player 1 freeze to -7
[19:09:54.254] [SEVERE ] setting player 2 freeze to 0
[19:09:54.254] [SEVERE ] removing player 3 token from slot 3
[19:09:54.254] [SEVERE ] setting player 3 freeze to -7
[19:09:54.254] [SEVERE ] setting player 4 freeze to -40
[19:09:54.255] [SEVERE ] setting player 1 freeze to 0
[19:09:54.255] [SEVERE ] setting player 2 freeze to -1
[19:09:54.255] [SEVERE ] setting player 3 freeze to -8
[19:09:54.255] [SEVERE ] setting player 4 freeze to -41
[19:09:54.255] [SEVERE ] removing player 1 token from slot 3
[19:09:54.256] [SEVERE ] player 3 placing token on slot 0
[19:09:54.256] [SEVERE ] setting player 1 freeze to -1
[19:09:54.257] [SEVERE ] setting player 2 freeze to -3
[19:09:54.257] [SEVERE ] player 1 placing token on slot 11
[19:09:54.257] [SEVERE ] setting player 3 freeze to -10
[19:09:54.257] [SEVERE ] setting player 4 freeze to -43
[19:09:54.258] [SEVERE ] setting player 1 freeze to -3
[19:09:54.258] [SEVERE ] setting player 2 freeze to -4
[19:09:54.258] [SEVERE ] setting player 3 freeze to 0
[19:09:54.258] [SEVERE ] setting player 4 freeze to -44
[19:09:54.258] [SEVERE ] setting player 1 freeze to 0
[19:09:54.258] [SEVERE ] removing player 2 token from slot 1
[19:09:54.258] [SEVERE ] setting player 2 freeze to -4
[19:09:54.259] [SEVERE ] setting player 3 freeze to -1
[19:09:54.259] [SEVERE ] setting player 4 freeze to -45
[19:09:54.259] [SEVERE ] removing player 3 token from slot 6
[19:09:54.260] [SEVERE ] setting player 1 freeze to -2
[19:09:54.260] [SEVERE ] setting player 2 freeze to -6
[19:09:54.260] [SEVERE ] removing player 2 token from slot 0
[19:09:54.260] [SEVERE ] setting player 3 freeze to -2
[19:09:54.260] [SEVERE ] setting player 4 freeze to 0
[19:09:54.260] [SEVERE ] removing player 1 token from slot 11
[19:09:54.260] [SEVERE ] player 3 placing token on slot 9
[19:09:54.261] [SEVERE ] setting player 1 freeze to -3
[19:09:54.261] [SEVERE ] player 2 placing token on slot 8
[19:09:54.261] [SEVERE ] setting player 2 freeze to -7
[19:09:54.261] [SEVERE ] setting player 3 freeze to 0
[19:09:54.262] [SEVERE ] setting player 4 freeze to -2
[19:09:54.262] [SEVERE ] removing player 1 token from slot 1
[19:09:54.262] [SEVERE ] setting player 1 freeze to -4
[19:09:54.262] [SEVERE ] setting player 2 freeze to -8
[19:09:54.263] [SEVERE ] player 2 placing token on slot 10
[19:09:54.263] [SEVERE ] setting player 3 freeze to -2
[19:09:54.263] [SEVERE ] setting player 4 freeze to -3
[19:09:54.263] [SEVERE ] player 1 placing token on slot 2
[19:09:54.264] [SEVERE ] setting player 1 freeze to -6
[19:09:54.264] [SEVERE ] setting player 2 freeze to -1
[19:09:54.264] [SEVERE ] player 1 placing token on slot 5
[19:09:54.264] [SEVERE ] setting player 3 freeze to -3
[19:09:54.264] [SEVERE ] setting player 4 freeze to -4
[19:09:54.265] [SEVERE ] removing player 2 token from slot 10
[19:09:54.266] [SEVERE ] setting player 1 freeze to 0
[19:09:54.266] [SEVERE ] setting player 2 freeze to -3
[19:09:54.266] [SEVERE ] player 2 placing token on slot 7
[19:09:54.266] [SEVERE ] setting player 3 freeze to -5
[19:09:54.266] [SEVERE ] setting player 4 freeze to -6
[19:09:54.267] [SEVERE ] setting player 1 freeze to -1
[19:09:54.267] [SEVERE ] setting player 2 freeze to 0
[19:09:54.267] [SEVERE ] setting player 3 freeze to -6
[19:09:54.267] [SEVERE ] setting player 4 freeze to -7
[19:09:54.267] [SEVERE ] removing player 1 token from slot 5
[19:09:54.268] [SEVERE ] removing player 1 token from slot 2
[19:09:54.270] [SEVERE ] player 1 placing token on slot 9
[19:09:54.270] [SEVERE ] removing player 2 token from slot 8
[19:09:54.271] [SEVERE ] player 1 placing token on slot 2
[19:09:54.272] [SEVERE ] setting player 1 freeze to 0
[19:09:54.272] [SEVERE ] removing player 4 token from slot 3
[19:09:54.272] [SEVERE ] removing player 3 token from slot 9
[19:09:54.272] [SEVERE ] setting player 2 freeze to -5
[19:09:54.273] [SEVERE ] player 2 placing token on slot 0
[19:09:54.273] [SEVERE ] setting player 3 freeze to -12
[19:09:54.274] [SEVERE ] player 4 placing token on slot 11
[19:09:54.274] [SEVERE ] setting player 4 freeze to -14
[19:09:54.274] [SEVERE ] player 3 placing token on slot 4
[19:09:54.275] [SEVERE ] setting player 1 freeze to -3
[19:09:54.275] [SEVERE ] setting player 2 freeze to 0
[19:09:54.275] [SEVERE ] setting player 3 freeze to -14
[19:09:54.275] [SEVERE ] setting player 4 freeze to -15
[19:09:54.276] [SEVERE ] updating countdown to 5000
[19:09:54.276] [SEVERE ] setting player 4 score to 1
[19:09:54.277] [SEVERE ] removing player 2 token from slot 7
[19:09:54.277] [SEVERE ] removing player 4 token from slot 7
[19:09:54.285] [SEVERE ] removing card from slot 7
[19:09:54.286] [SEVERE ] removing player 1 token from slot 9
[19:09:54.286] [SEVERE ] removing player 4 token from slot 9
[19:09:54.292] [SEVERE ] removing card from slot 9
[19:09:54.292] [SEVERE ] removing player 2 token from slot 11
[19:09:54.292] [SEVERE ] removing player 4 token from slot 11
[19:09:54.292] [SEVERE ] removing card from slot 11
[19:09:54.302] [SEVERE ] placing card 54 in slot 7
[19:09:54.313] [SEVERE ] placing card 44 in slot 9
[19:09:54.325] [SEVERE ] placing card 33 in slot 11
[19:09:54.325] [SEVERE ] setting player 1 freeze to -53
[19:09:54.325] [SEVERE ] player 1 placing token on slot 9
[19:09:54.325] [SEVERE ] player 2 placing token on slot 9
[19:09:54.325] [SEVERE ] setting player 2 freeze to -50
[19:09:54.325] [SEVERE ] setting player 3 freeze to -64
[19:09:54.325] [SEVERE ] setting player 4 freeze to -48
[19:09:54.326] [SEVERE ] setting player 1 freeze to -54
[19:09:54.326] [SEVERE ] player 4 placing token on slot 4
[19:09:54.326] [SEVERE ] setting player 2 freeze to -51
[19:09:54.326] [SEVERE ] setting player 3 freeze to 0
[19:09:54.326] [SEVERE ] setting player 4 freeze to -49
[19:09:54.326] [SEVERE ] removing player 1 token from slot 2
[19:09:54.326] [SEVERE ] player 2 placing token on slot 8
[19:09:54.327] [SEVERE ] player 4 placing token on slot 10
[19:09:54.327] [SEVERE ] player 1 placing token on slot 7
[19:09:54.329] [SEVERE ] player 4 placing token on slot 8
[19:09:54.329] [SEVERE ] removing player 2 token from slot 0
[19:09:54.330] [SEVERE ] setting player 1 freeze to -58
[19:09:54.330] [SEVERE ] setting player 2 freeze to -55
[19:09:54.330] [SEVERE ] setting player 3 freeze to -4
[19:09:54.330] [SEVERE ] setting player 4 freeze to 0
[19:09:54.331] [SEVERE ] player 2 placing token on slot 10
[19:09:54.332] [SEVERE ] setting player 1 freeze to -60
[19:09:54.332] [SEVERE ] setting player 2 freeze to -57
[19:09:54.332] [SEVERE ] setting player 3 freeze to -6
[19:09:54.333] [SEVERE ] setting player 4 freeze to -3
[19:09:54.338] [SEVERE ] removing player 3 token from slot 1
[19:09:54.340] [SEVERE ] setting player 1 freeze to -68
[19:09:54.340] [SEVERE ] setting player 2 freeze to 0
[19:09:54.340] [SEVERE ] setting player 3 freeze to -14
[19:09:54.340] [SEVERE ] setting player 4 freeze to -10
[19:09:54.340] [SEVERE ] player 3 placing token on slot 6
[19:09:54.341] [SEVERE ] setting player 1 freeze to -69
[19:09:54.341] [SEVERE ] setting player 2 freeze to -1
[19:09:54.341] [SEVERE ] setting player 3 freeze to -1
[19:09:54.341] [SEVERE ] setting player 4 freeze to -11
[19:09:54.341] [SEVERE ] setting player 1 freeze to 0
[19:09:54.341] [SEVERE ] setting player 2 freeze to -1
[19:09:54.341] [SEVERE ] setting player 3 freeze to -1
[19:09:54.341] [SEVERE ] setting player 4 freeze to -11
[19:09:54.342] [SEVERE ] removing player 3 token from slot 0
[19:09:54.343] [SEVERE ] player 3 placing token on slot 0
[19:09:54.344] [SEVERE ] setting player 1 freeze to -3
[19:09:54.344] [SEVERE ] setting player 2 freeze to -4
[19:09:54.344] [SEVERE ] setting player 3 freeze to 0
[19:09:54.344] [SEVERE ] setting player 4 freeze to -14
[19:09:54.345] [SEVERE ] removing player 3 token from slot 6
[19:09:54.345] [SEVERE ] removing player 4 token from slot 10
[19:09:54.346] [SEVERE ] removing player 1 token from slot 7
[19:09:54.346] [SEVERE ] player 3 placing token on slot 10
[19:09:54.346] [SEVERE ] setting player 1 freeze to -5
[19:09:54.346] [SEVERE ] setting player 2 freeze to -6
[19:09:54.346] [SEVERE ] setting player 3 freeze to -2
[19:09:54.346] [SEVERE ] setting player 4 freeze to -16
[19:09:54.347] [SEVERE ] player 4 placing token on slot 3
[19:09:54.347] [SEVERE ] player 1 placing token on slot 10
[19:09:54.348] [SEVERE ] setting player 1 freeze to -7
[19:09:54.348] [SEVERE ] setting player 2 freeze to -8
[19:09:54.348] [SEVERE ] setting player 3 freeze to -4
[19:09:54.348] [SEVERE ] setting player 4 freeze to -18
[19:09:54.349] [SEVERE ] removing player 2 token from slot 9
[19:09:54.349] [SEVERE ] setting player 1 freeze to -8
[19:09:54.349] [SEVERE ] setting player 2 freeze to -9
[19:09:54.349] [SEVERE ] setting player 3 freeze to -5
[19:09:54.349] [SEVERE ] setting player 4 freeze to -19
[19:09:54.350] [SEVERE ] setting player 1 freeze to -9
[19:09:54.350] [SEVERE ] setting player 2 freeze to -10
[19:09:54.350] [SEVERE ] setting player 3 freeze to -6
[19:09:54.350] [SEVERE ] setting player 4 freeze to -20
[19:09:54.350] [SEVERE ] player 2 placing token on slot 4
[19:09:54.351] [SEVERE ] setting player 1 freeze to -10
[19:09:54.351] [SEVERE ] setting player 2 freeze to 0
[19:09:54.351] [SEVERE ] setting player 3 freeze to -7
[19:09:54.351] [SEVERE ] setting player 4 freeze to -21
[19:09:54.351] [SEVERE ] setting player 1 freeze to -10
[19:09:54.351] [SEVERE ] setting player 2 freeze to 0
[19:09:54.352] [SEVERE ] setting player 3 freeze to -1
[19:09:54.352] [SEVERE ] removing player 2 token from slot 10
[19:09:54.352] [SEVERE ] setting player 4 freeze to -22
[19:09:54.353] [SEVERE ] setting player 1 freeze to 0
[19:09:54.353] [SEVERE ] setting player 2 freeze to -2
[19:09:54.353] [SEVERE ] setting player 3 freeze to -2
[19:09:54.353] [SEVERE ] setting player 4 freeze to -23
[19:09:54.353] [SEVERE ] setting player 1 freeze to 0
[19:09:54.353] [SEVERE ] setting player 2 freeze to -2
[19:09:54.353] [SEVERE ] setting player 3 freeze to -2
[19:09:54.353] [SEVERE ] setting player 4 freeze to 0
[19:09:54.353] [SEVERE ] player 2 placing token on slot 10
[19:09:54.354] [SEVERE ] setting player 1 freeze to -1
[19:09:54.354] [SEVERE ] setting player 2 freeze to 0
[19:09:54.354] [SEVERE ] setting player 3 freeze to -3
[19:09:54.354] [SEVERE ] setting player 4 freeze to -1
[19:09:54.355] [SEVERE ] removing player 1 token from slot 10
[19:09:54.356] [SEVERE ] player 1 placing token on slot 7
[19:09:54.357] [SEVERE ] setting player 1 freeze to -4
[19:09:54.357] [SEVERE ] setting player 2 freeze to -3
[19:09:54.357] [SEVERE ] setting player 3 freeze to -6
[19:09:54.357] [SEVERE ] setting player 4 freeze to -4
[19:09:54.357] [SEVERE ] setting player 1 freeze to 0
[19:09:54.357] [SEVERE ] setting player 2 freeze to -3
[19:09:54.357] [SEVERE ] setting player 3 freeze to -6
[19:09:54.357] [SEVERE ] setting player 4 freeze to -4
[19:09:54.358] [SEVERE ] removing player 4 token from slot 4
[19:09:54.359] [SEVERE ] player 4 placing token on slot 2
[19:09:54.360] [SEVERE ] removing player 3 token from slot 0
[19:09:54.361] [SEVERE ] setting player 1 freeze to -4
[19:09:54.361] [SEVERE ] setting player 2 freeze to -7
[19:09:54.361] [SEVERE ] setting player 3 freeze to -10
[19:09:54.361] [SEVERE ] setting player 4 freeze to -8
[19:09:54.361] [SEVERE ] removing player 2 token from slot 4
[19:09:54.361] [SEVERE ] player 3 placing token on slot 5
[19:09:54.361] [SEVERE ] setting player 1 freeze to -4
[19:09:54.361] [SEVERE ] setting player 2 freeze to -7
[19:09:54.361] [SEVERE ] setting player 3 freeze to 0
[19:09:54.362] [SEVERE ] setting player 4 freeze to -9
[19:09:54.362] [SEVERE ] player 2 placing token on slot 7
[19:09:54.362] [SEVERE ] setting player 1 freeze to -5
[19:09:54.363] [SEVERE ] setting player 2 freeze to -1
[19:09:54.363] [SEVERE ] setting player 3 freeze to -2
[19:09:54.363] [SEVERE ] setting player 4 freeze to -10
[19:09:54.363] [SEVERE ] removing player 1 token from slot 9
[19:09:54.363] [SEVERE ] removing player 2 token from slot 7
[19:09:54.364] [SEVERE ] setting player 1 freeze to -7
[19:09:54.364] [SEVERE ] setting player 2 freeze to -2
[19:09:54.364] [SEVERE ] setting player 3 freeze to -3
[19:09:54.364] [SEVERE ] setting player 4 freeze to -11
[19:09:54.364] [SEVERE ] setting player 1 freeze to -7
[19:09:54.364] [SEVERE ] player 2 placing token on slot 5
[19:09:54.364] [SEVERE ] setting player 2 freeze to -2
[19:09:54.364] [SEVERE ] player 1 placing token on slot 9
[19:09:54.364] [SEVERE ] setting player 3 freeze to -3
[19:09:54.365] [SEVERE ] setting player 4 freeze to -12
[19:09:54.365] [SEVERE ] setting player 1 freeze to -8
[19:09:54.365] [SEVERE ] setting player 2 freeze to 0
[19:09:54.365] [SEVERE ] setting player 3 freeze to -4
[19:09:54.365] [SEVERE ] setting player 4 freeze to -12
[19:09:54.365] [SEVERE ] setting player 1 freeze to 0
[19:09:54.365] [SEVERE ] setting player 2 freeze to 0
[19:09:54.365] [SEVERE ] setting player 3 freeze to -4
[19:09:54.365] [SEVERE ] setting player 4 freeze to -12
[19:09:54.367] [SEVERE ] removing player 3 token from slot 4
[19:09:54.368] [SEVERE ] player 3 placing token on slot 2
[19:09:54.369] [SEVERE ] setting player 1 freeze to -4
[19:09:54.369] [SEVERE ] setting player 2 freeze to -4
[19:09:54.369] [SEVERE ] setting player 3 freeze to 0
[19:09:54.369] [SEVERE ] setting player 4 freeze to -16
[19:09:54.370] [SEVERE ] setting player 1 freeze to -5
[19:09:54.370] [SEVERE ] removing player 1 token from slot 7
[19:09:54.370] [SEVERE ] setting player 2 freeze to -5
[19:09:54.370] [SEVERE ] setting player 3 freeze to -1
[19:09:54.370] [SEVERE ] removing player 2 token from slot 5
[19:09:54.370] [SEVERE ] removing player 3 token from slot 5
[19:09:54.370] [SEVERE ] setting player 4 freeze to 0
[19:09:54.370] [SEVERE ] setting player 1 freeze to -5
[19:09:54.371] [SEVERE ] setting player 2 freeze to -6
[19:09:54.371] [SEVERE ] setting player 3 freeze to -2
[19:09:54.371] [SEVERE ] setting player 4 freeze to -1
[19:09:54.371] [SEVERE ] player 1 placing token on slot 4
[19:09:54.371] [SEVERE ] setting player 1 freeze to -6
[19:09:54.371] [SEVERE ] setting player 2 freeze to -6
[19:09:54.371] [SEVERE ] setting player 3 freeze to -2
[19:09:54.371] [SEVERE ] setting player 4 freeze to -1
[19:09:54.371] [SEVERE ] player 2 placing token on slot 2
[19:09:54.372] [SEVERE ] setting player 1 freeze to 0
[19:09:54.372] [SEVERE ] setting player 2 freeze to -7
[19:09:54.372] [SEVERE ] setting player 3 freeze to -3
[19:09:54.372] [SEVERE ] setting player 4 freeze to -2
[19:09:54.372] [SEVERE ] player 3 placing token on slot 1
[19:09:54.372] [SEVERE ] setting player 1 freeze to 0
[19:09:54.373] [SEVERE ] setting player 2 freeze to -1
[19:09:54.373] [SEVERE ] setting player 3 freeze to -4
[19:09:54.373] [SEVERE ] setting player 4 freeze to -3
[19:09:54.373] [SEVERE ] setting player 1 freeze to -1
[19:09:54.373] [SEVERE ] setting player 2 freeze to -1
[19:09:54.373] [SEVERE ] setting player 3 freeze to 0
[19:09:54.373] [SEVERE ] setting player 4 freeze to -3
[19:09:54.375] [SEVERE ] removing player 2 token from slot 2
[19:09:54.376] [SEVERE ] player 2 placing token on slot 3
[19:09:54.376] [SEVERE ] setting player 1 freeze to -4
[19:09:54.376] [SEVERE ] setting player 2 freeze to 0
[19:09:54.376] [SEVERE ] setting player 3 freeze to -3
[19:09:54.376] [SEVERE ] setting player 4 freeze to -6
[19:09:54.376] [SEVERE ] removing player 3 token from slot 1
[19:09:54.378] [SEVERE ] removing player 3 token from slot 2
[19:09:54.378] [SEVERE ] removing player 1 token from slot 9
[19:09:54.379] [SEVERE ] removing player 2 token from slot 10
[19:09:54.380] [SEVERE ] player 3 placing token on slot 11
[19:09:54.380] [SEVERE ] player 1 placing token on slot 3
[19:09:54.380] [SEVERE ] setting player 1 freeze to 0
[19:09:54.380] [SEVERE ] setting player 2 freeze to -4
[19:09:54.380] [SEVERE ] setting player 3 freeze to -7
[19:09:54.380] [SEVERE ] setting player 4 freeze to -10
[19:09:54.381] [SEVERE ] player 2 placing token on slot 10
[19:09:54.381] [SEVERE ] player 3 placing token on slot 8
[19:09:54.381] [SEVERE ] setting player 1 freeze to -1
[19:09:54.381] [SEVERE ] setting player 2 freeze to 0
[19:09:54.381] [SEVERE ] setting player 3 freeze to -8
[19:09:54.381] [SEVERE ] setting player 4 freeze to -11
[19:09:54.382] [SEVERE ] setting player 1 freeze to -2
[19:09:54.382] [SEVERE ] setting player 2 freeze to -1
[19:09:54.382] [SEVERE ] setting player 3 freeze to 0
[19:09:54.382] [SEVERE ] setting player 4 freeze to -12
[19:09:54.382] [SEVERE ] removing player 1 token from slot 8
[19:09:54.382] [SEVERE ] removing player 2 token from slot 3
[19:09:54.383] [SEVERE ] setting player 1 freeze to -3
[19:09:54.383] [SEVERE ] setting player 2 freeze to -2
[19:09:54.383] [SEVERE ] setting player 3 freeze to -1
[19:09:54.383] [SEVERE ] setting player 4 freeze to -13
[19:09:54.383] [SEVERE ] removing player 1 token from slot 3
[19:09:54.384] [SEVERE ] player 2 placing token on slot 5
[19:09:54.385] [SEVERE ] player 1 placing token on slot 1
[19:09:54.385] [SEVERE ] setting player 1 freeze to -5
[19:09:54.385] [SEVERE ] setting player 2 freeze to 0
[19:09:54.385] [SEVERE ] setting player 3 freeze to -3
[19:09:54.385] [SEVERE ] setting player 4 freeze to -15
[19:09:54.386] [SEVERE ] player 1 placing token on slot 3
[19:09:54.386] [SEVERE ] setting player 1 freeze to 0
[19:09:54.386] [SEVERE ] setting player 2 freeze to -1
[19:09:54.386] [SEVERE ] setting player 3 freeze to -4
[19:09:54.386] [SEVERE ] setting player 4 freeze to -16
[19:09:54.386] [SEVERE ] removing player 3 token from slot 11
[19:09:54.388] [SEVERE ] player 3 placing token on slot 0
[19:09:54.388] [SEVERE ] setting player 1 freeze to -2
[19:09:54.388] [SEVERE ] setting player 2 freeze to -3
[19:09:54.388] [SEVERE ] setting player 3 freeze to 0
[19:09:54.389] [SEVERE ] setting player 4 freeze to -19
[19:09:54.389] [SEVERE ] removing player 2 token from slot 5
[19:09:54.389] [SEVERE ] removing player 1 token from slot 1
[19:09:54.390] [SEVERE ] player 2 placing token on slot 2
[19:09:54.391] [SEVERE ] setting player 1 freeze to -5
[19:09:54.391] [SEVERE ] setting player 2 freeze to -1
[19:09:54.391] [SEVERE ] setting player 3 freeze to -3
[19:09:54.391] [SEVERE ] setting player 4 freeze to -21
[19:09:54.391] [SEVERE ] player 1 placing token on slot 0
[19:09:54.391] [SEVERE ] setting player 1 freeze to 0
[19:09:54.391] [SEVERE ] setting player 2 freeze to -1
[19:09:54.391] [SEVERE ] setting player 3 freeze to -3
[19:09:54.391] [SEVERE ] setting player 4 freeze to -21
[19:09:54.392] [SEVERE ] removing player 2 token from slot 8
[19:09:54.393] [SEVERE ] removing player 1 token from slot 3
[19:09:54.393] [SEVERE ] removing player 3 token from slot 0
[19:09:54.393] [SEVERE ] player 2 placing token on slot 8
[19:09:54.394] [SEVERE ] setting player 1 freeze to -3
[19:09:54.394] [SEVERE ] setting player 2 freeze to -4
[19:09:54.394] [SEVERE ] setting player 3 freeze to -6
[19:09:54.394] [SEVERE ] setting player 4 freeze to -24
[19:09:54.394] [SEVERE ] player 3 placing token on slot 2
[19:09:54.394] [SEVERE ] player 1 placing token on slot 10
[19:09:54.395] [SEVERE ] setting player 1 freeze to -4
[19:09:54.395] [SEVERE ] setting player 2 freeze to -5
[19:09:54.395] [SEVERE ] setting player 3 freeze to -7
[19:09:54.395] [SEVERE ] setting player 4 freeze to -25
[19:09:54.395] [SEVERE ] setting player 1 freeze to -4
[19:09:54.395] [SEVERE ] removing player 4 token from slot 2
[19:09:54.395] [SEVERE ] setting player 2 freeze to 0
[19:09:54.396] [SEVERE ] setting player 3 freeze to -8
[19:09:54.396] [SEVERE ] setting player 4 freeze to -26
[19:09:54.396] [SEVERE ] setting player 1 freeze to 0
[19:09:54.396] [SEVERE ] setting player 2 freeze to -1
[19:09:54.396] [SEVERE ] setting player 3 freeze to -8
[19:09:54.396] [SEVERE ] setting player 4 freeze to -26
[19:09:54.397] [SEVERE ] player 4 placing token on slot 6
[19:09:54.397] [SEVERE ] setting player 1 freeze to -1
[19:09:54.397] [SEVERE ] setting player 2 freeze to -2
[19:09:54.397] [SEVERE ] setting player 3 freeze to 0
[19:09:54.398] [SEVERE ] setting player 4 freeze to -27
[19:09:54.398] [SEVERE ] setting player 1 freeze to -2
[19:09:54.398] [SEVERE ] setting player 2 freeze to -3
[19:09:54.398] [SEVERE ] setting player 3 freeze to -1
[19:09:54.398] [SEVERE ] setting player 4 freeze to 0
[19:09:54.398] [SEVERE ] removing player 2 token from slot 2
[19:09:54.400] [SEVERE ] removing player 2 token from slot 10
[19:09:54.400] [SEVERE ] removing player 4 token from slot 6
[19:09:54.401] [SEVERE ] player 2 placing token on slot 11
[19:09:54.402] [SEVERE ] removing player 4 token from slot 3
[19:09:54.403] [SEVERE ] removing player 3 token from slot 8
[19:09:54.403] [SEVERE ] player 4 placing token on slot 2
[19:09:54.403] [SEVERE ] player 2 placing token on slot 0
[19:09:54.403] [SEVERE ] setting player 1 freeze to -7
[19:09:54.403] [SEVERE ] removing player 1 token from slot 10
[19:09:54.403] [SEVERE ] setting player 2 freeze to 0
[19:09:54.403] [SEVERE ] setting player 3 freeze to -6
[19:09:54.403] [SEVERE ] setting player 4 freeze to -5
[19:09:54.404] [SEVERE ] player 4 placing token on slot 1
[19:09:54.404] [SEVERE ] player 3 placing token on slot 7
[19:09:54.404] [SEVERE ] setting player 1 freeze to -8
[19:09:54.404] [SEVERE ] setting player 2 freeze to -1
[19:09:54.404] [SEVERE ] setting player 3 freeze to -7
[19:09:54.404] [SEVERE ] setting player 4 freeze to 0
[19:09:54.405] [SEVERE ] setting player 1 freeze to -9
[19:09:54.405] [SEVERE ] setting player 2 freeze to -2
[19:09:54.405] [SEVERE ] setting player 3 freeze to -1
[19:09:54.405] [SEVERE ] setting player 4 freeze to -1
[19:09:54.405] [SEVERE ] player 1 placing token on slot 6
[19:09:54.405] [SEVERE ] removing player 2 token from slot 11
[19:09:54.405] [SEVERE ] setting player 1 freeze to 0
[19:09:54.405] [SEVERE ] setting player 2 freeze to -2
[19:09:54.405] [SEVERE ] setting player 3 freeze to -1
[19:09:54.405] [SEVERE ] setting player 4 freeze to -1
[19:09:54.406] [SEVERE ] removing player 2 token from slot 8
[19:09:54.406] [SEVERE ] removing player 3 token from slot 7
[19:09:54.406] [SEVERE ] removing player 4 token from slot 1
[19:09:54.407] [SEVERE ] player 2 placing token on slot 4
[19:09:54.407] [SEVERE ] player 4 placing token on slot 11
[19:09:54.408] [SEVERE ] removing player 3 token from slot 10
[19:09:54.409] [SEVERE ] setting player 1 freeze to -4
[19:09:54.409] [SEVERE ] setting player 2 freeze to -6
[19:09:54.409] [SEVERE ] setting player 3 freeze to -5
[19:09:54.409] [SEVERE ] setting player 4 freeze to -5
[19:09:54.409] [SEVERE ] player 2 placing token on slot 1
[19:09:54.409] [SEVERE ] player 3 placing token on slot 6
[19:09:54.409] [SEVERE ] setting player 1 freeze to -4
[19:09:54.409] [SEVERE ] setting player 2 freeze to -6
[19:09:54.409] [SEVERE ] setting player 3 freeze to -5
[19:09:54.409] [SEVERE ] setting player 4 freeze to -5
[19:09:54.409] [SEVERE ] setting player 1 freeze to -4
[19:09:54.409] [SEVERE ] setting player 2 freeze to -6
[19:09:54.409] [SEVERE ] setting player 3 freeze to -5
[19:09:54.410] [SEVERE ] setting player 4 freeze to 0
[19:09:54.410] [SEVERE ] setting player 1 freeze to -5
[19:09:54.410] [SEVERE ] setting player 2 freeze to 0
[19:09:54.410] [SEVERE ] setting player 3 freeze to -6
[19:09:54.410] [SEVERE ] setting player 4 freeze to -1
[19:09:54.410] [SEVERE ] player 3 placing token on slot 8
[19:09:54.410] [SEVERE ] removing player 1 token from slot 4
[19:09:54.410] [SEVERE ] setting player 1 freeze to -5
[19:09:54.411] [SEVERE ] setting player 2 freeze to -1
[19:09:54.411] [SEVERE ] setting player 3 freeze to -1
[19:09:54.411] [SEVERE ] setting player 4 freeze to -2
[19:09:54.412] [SEVERE ] removing player 1 token from slot 0
[19:09:54.413] [SEVERE ] player 1 placing token on slot 9
[19:09:54.413] [SEVERE ] removing player 2 token from slot 4
[19:09:54.414] [SEVERE ] player 1 placing token on slot 7
[19:09:54.414] [SEVERE ] setting player 1 freeze to 0
[19:09:54.414] [SEVERE ] setting player 2 freeze to -4
[19:09:54.415] [SEVERE ] setting player 3 freeze to -5
[19:09:54.415] [SEVERE ] setting player 4 freeze to -6
[19:09:54.414] [SEVERE ] player 2 placing token on slot 2
[19:09:54.415] [SEVERE ] setting player 1 freeze to -1
[19:09:54.415] [SEVERE ] setting player 2 freeze to 0
[19:09:54.415] [SEVERE ] setting player 3 freeze to -5
[19:09:54.415] [SEVERE ] setting player 4 freeze to -6
[19:09:54.417] [SEVERE ] removing player 4 token from slot 11
[19:09:54.418] [SEVERE ] removing player 3 token from slot 8
[19:09:54.419] [SEVERE ] removing player 4 token from slot 2
[19:09:54.419] [SEVERE ] player 3 placing token on slot 9
[19:09:54.419] [SEVERE ] setting player 1 freeze to -5
[19:09:54.419] [SEVERE ] setting player 2 freeze to -4
[19:09:54.419] [SEVERE ] setting player 3 freeze to 0
[19:09:54.419] [SEVERE ] setting player 4 freeze to -10
[19:09:54.420] [SEVERE ] removing player 4 token from slot 8
[19:09:54.420] [SEVERE ] removing player 1 token from slot 9
[19:09:54.421] [SEVERE ] removing player 3 token from slot 2
[19:09:54.421] [SEVERE ] player 4 placing token on slot 4
[19:09:54.421] [SEVERE ] player 1 placing token on slot 5
[19:09:54.422] [SEVERE ] setting player 1 freeze to 0
[19:09:54.422] [SEVERE ] setting player 2 freeze to -7
[19:09:54.422] [SEVERE ] setting player 3 freeze to -3
[19:09:54.422] [SEVERE ] setting player 4 freeze to -13
[19:09:54.422] [SEVERE ] player 3 placing token on slot 4
[19:09:54.422] [SEVERE ] setting player 1 freeze to 0
[19:09:54.422] [SEVERE ] removing player 4 token from slot 4
[19:09:54.422] [SEVERE ] setting player 2 freeze to -7
[19:09:54.423] [SEVERE ] setting player 3 freeze to -1
[19:09:54.423] [SEVERE ] setting player 4 freeze to -14
[19:09:54.424] [SEVERE ] player 4 placing token on slot 3
[19:09:54.424] [SEVERE ] removing player 3 token from slot 6
[19:09:54.424] [SEVERE ] removing player 2 token from slot 1
[19:09:54.424] [SEVERE ] removing player 1 token from slot 6
[19:09:54.425] [SEVERE ] player 4 placing token on slot 5
[19:09:54.425] [SEVERE ] player 1 placing token on slot 9
[19:09:54.426] [SEVERE ] player 2 placing token on slot 11
[19:09:54.426] [SEVERE ] player 3 placing token on slot 6
[19:09:54.426] [SEVERE ] setting player 1 freeze to 0
[19:09:54.426] [SEVERE ] setting player 2 freeze to -11
[19:09:54.426] [SEVERE ] setting player 3 freeze to -4
[19:09:54.426] [SEVERE ] setting player 4 freeze to -17
[19:09:54.426] [SEVERE ] removing player 4 token from slot 3
[19:09:54.427] [SEVERE ] setting player 1 freeze to -1
[19:09:54.427] [SEVERE ] setting player 2 freeze to 0
[19:09:54.427] [SEVERE ] setting player 3 freeze to -5
[19:09:54.427] [SEVERE ] setting player 4 freeze to -18
[19:09:54.427] [SEVERE ] setting player 1 freeze to -1
[19:09:54.427] [SEVERE ] setting player 2 freeze to 0
[19:09:54.428] [SEVERE ] setting player 3 freeze to -1
[19:09:54.428] [SEVERE ] setting player 4 freeze to -19
[19:09:54.428] [SEVERE ] player 4 placing token on slot 9
[19:09:54.429] [SEVERE ] player 4 placing token on slot 0
[19:09:54.429] [SEVERE ] removing player 3 token from slot 9
[19:09:54.430] [SEVERE ] setting player 1 freeze to -4
[19:09:54.430] [SEVERE ] removing player 1 token from slot 7
[19:09:54.430] [SEVERE ] setting player 2 freeze to -3
[19:09:54.430] [SEVERE ] setting player 3 freeze to -3
[19:09:54.430] [SEVERE ] setting player 4 freeze to 0
[19:09:54.431] [SEVERE ] player 3 placing token on slot 11
[19:09:54.431] [SEVERE ] setting player 1 freeze to -5
[19:09:54.431] [SEVERE ] player 1 placing token on slot 1
[19:09:54.431] [SEVERE ] setting player 2 freeze to -4
[19:09:54.431] [SEVERE ] setting player 3 freeze to 0
[19:09:54.431] [SEVERE ] setting player 4 freeze to -1
[19:09:54.432] [SEVERE ] setting player 1 freeze to 0
[19:09:54.432] [SEVERE ] setting player 2 freeze to -5
[19:09:54.432] [SEVERE ] setting player 3 freeze to -1
[19:09:54.432] [SEVERE ] setting player 4 freeze to -2
[19:09:54.432] [SEVERE ] removing player 4 token from slot 5
[19:09:54.433] [SEVERE ] player 4 placing token on slot 3
[19:09:54.433] [SEVERE ] exit button pressed
[19:09:54.433] [INFO   ] thread computer-2 terminated.
[19:09:54.434] [SEVERE ] removing player 2 token from slot 2
[19:09:54.434] [SEVERE ] updating countdown to 5000
[19:09:54.434] [SEVERE ] removing card from slot 0
[19:09:54.434] [SEVERE ] removing card from slot 1
[19:09:54.434] [SEVERE ] removing card from slot 2
[19:09:54.434] [SEVERE ] removing card from slot 3
[19:09:54.434] [SEVERE ] removing card from slot 4
[19:09:54.434] [SEVERE ] removing card from slot 5
[19:09:54.434] [SEVERE ] removing card from slot 6
[19:09:54.434] [SEVERE ] removing card from slot 7
[19:09:54.435] [SEVERE ] removing card from slot 8
[19:09:54.435] [INFO   ] thread computer-3 terminated.
[19:09:54.435] [SEVERE ] removing card from slot 9
[19:09:54.435] [INFO   ] thread computer-1 terminated.
[19:09:54.435] [SEVERE ] removing card from slot 10
[19:09:54.435] [SEVERE ] removing card from slot 11
[19:09:54.435] [SEVERE ] removing player 1 token from slot 0
[19:09:54.436] [SEVERE ] removing player 1 token from slot 1
[19:09:54.436] [SEVERE ] removing player 1 token from slot 2
[19:09:54.436] [SEVERE ] removing player 1 token from slot 3
[19:09:54.436] [SEVERE ] removing player 1 token from slot 4
[19:09:54.436] [SEVERE ] removing player 1 token from slot 5
[19:09:54.436] [SEVERE ] removing player 1 token from slot 6
[19:09:54.436] [SEVERE ] removing player 1 token from slot 7
[19:09:54.436] [SEVERE ] removing player 1 token from slot 8
[19:09:54.437] [SEVERE ] removing player 1 token from slot 9
[19:09:54.437] [SEVERE ] removing player 1 token from slot 10
[19:09:54.437] [SEVERE ] removing player 1 token from slot 11
[19:09:54.437] [SEVERE ] removing player 2 token from slot 0
[19:09:54.437] [SEVERE ] removing player 2 token from slot 1
[19:09:54.437] [SEVERE ] removing player 2 token from slot 2
[19:09:54.437] [SEVERE ] removing player 2 token from slot 3
[19:09:54.437] [SEVERE ] removing player 2 token from slot 4
[19:09:54.437] [SEVERE ] removing player 2 token from slot 5
[19:09:54.437] [SEVERE ] removing player 2 token from slot 6
[19:09:54.437] [SEVERE ] removing player 2 token from slot 7
[19:09:54.437] [SEVERE ] removing player 2 token from slot 8
[19:09:54.437] [SEVERE ] removing player 2 token from slot 9
[19:09:54.437] [SEVERE ] removing player 2 token from slot 10
[19:09:54.437] [SEVERE ] removing player 2 token from slot 11
[19:09:54.437] [SEVERE ] removing player 3 token from slot 0
[19:09:54.437] [SEVERE ] removing player 3 token from slot 1
[19:09:54.437] [SEVERE ] removing player 3 token from slot 2
[19:09:54.438] [SEVERE ] removing player 3 token from slot 3
[19:09:54.438] [SEVERE ] removing player 3 token from slot 4
[19:09:54.438] [SEVERE ] removing player 3 token from slot 5
[19:09:54.438] [SEVERE ] removing player 3 token from slot 6
[19:09:54.438] [SEVERE ] removing player 3 token from slot 7
[19:09:54.438] [SEVERE ] removing player 3 token from slot 8
[19:09:54.438] [SEVERE ] removing player 3 token from slot 9
[19:09:54.438] [SEVERE ] removing player 3 token from slot 10
[19:09:54.438] [SEVERE ] removing player 3 token from slot 11
[19:09:54.438] [SEVERE ] removing player 4 token from slot 0
[19:09:54.438] [SEVERE ] removing player 4 token from slot 1
[19:09:54.438] [SEVERE ] removing player 4 token from slot 2
[19:09:54.438] [SEVERE ] removing player 4 token from slot 3
[19:09:54.438] [SEVERE ] removing player 4 token from slot 4
[19:09:54.438] [SEVERE ] removing player 4 token from slot 5
[19:09:54.438] [SEVERE ] removing player 4 token from slot 6
[19:09:54.438] [SEVERE ] removing player 4 token from slot 7
[19:09:54.438] [SEVERE ] removing player 4 token from slot 8
[19:09:54.438] [SEVERE ] removing player 4 token from slot 9
[19:09:54.438] [SEVERE ] removing player 4 token from slot 10
[19:09:54.439] [SEVERE ] removing player 4 token from slot 11
[19:09:54.439] [SEVERE ] announcing winner(s): player 4
[19:09:54.440] [INFO   ] thread computer-0 terminated.
[19:09:54.440] [INFO   ] thread 0player terminated.
[19:09:54.440] [INFO   ] thread 1player terminated.
[19:09:54.440] [INFO   ] thread 2player terminated.
[19:09:54.440] [INFO   ] thread 3player terminated.
[19:09:54.440] [INFO   ] thread dealer terminated.
[19:09:54.441] [INFO   ] thread dealer terminated.
[19:09:54.441] [SEVERE ] thanks for playing... it was fun!
[19:09:54.441] [INFO   ] thread main terminated.
