[15:05:33.511] [INFO   ] thread main starting.
[15:05:33.517] [SEVERE ] cannot read configuration file config.properties trying from resources.
[15:05:33.518] [SEVERE ] configuration file was loaded from resources directory.
[15:05:34.600] [INFO   ] thread dealer starting.
[15:05:34.601] [INFO   ] Thread playerstarting.
[15:05:34.601] [INFO   ] Thread playerstarting.
[15:05:34.601] [INFO   ] Thread dealer starting.
[15:05:34.601] [INFO   ] Thread playerstarting.
[15:05:34.601] [INFO   ] Thread playerstarting.
[15:05:34.602] [INFO   ] Thread computer-3 starting.
[15:05:34.602] [INFO   ] Thread computer-0 starting.
[15:05:34.603] [INFO   ] Thread computer-2 starting.
[15:05:34.606] [INFO   ] Thread computer-1 starting.
[15:05:34.707] [SEVERE ] placing card 12 in slot 0
[15:05:34.812] [SEVERE ] placing card 59 in slot 1
[15:05:34.918] [SEVERE ] placing card 17 in slot 2
[15:05:35.023] [SEVERE ] placing card 34 in slot 3
[15:05:35.129] [SEVERE ] placing card 22 in slot 4
[15:05:35.234] [SEVERE ] placing card 47 in slot 5
[15:05:35.338] [SEVERE ] placing card 13 in slot 6
[15:05:35.439] [SEVERE ] placing card 20 in slot 7
[15:05:35.540] [SEVERE ] placing card 69 in slot 8
[15:05:35.642] [SEVERE ] placing card 24 in slot 9
[15:05:35.743] [SEVERE ] placing card 62 in slot 10
[15:05:35.848] [SEVERE ] placing card 58 in slot 11
[15:05:35.849] [SEVERE ] setting player 1 freeze to -1249
[15:05:35.849] [SEVERE ] setting player 2 freeze to -1249
[15:05:35.850] [SEVERE ] setting player 3 freeze to -1250
[15:05:35.850] [SEVERE ] setting player 4 freeze to -1250
[15:05:36.608] [SEVERE ] player 1 placing token on slot 8
[15:05:36.609] [SEVERE ] player 2 placing token on slot 10
[15:05:36.609] [SEVERE ] player 4 placing token on slot 10
[15:05:36.610] [SEVERE ] player 3 placing token on slot 3
[15:05:36.610] [SEVERE ] removing player 1 token from slot 8
[15:05:36.611] [SEVERE ] player 2 placing token on slot 11
[15:05:36.611] [SEVERE ] player 4 placing token on slot 4
[15:05:36.611] [SEVERE ] player 3 placing token on slot 0
[15:05:36.612] [SEVERE ] player 1 placing token on slot 5
[15:05:36.612] [SEVERE ] player 2 placing token on slot 1
[15:05:36.612] [SEVERE ] removing player 4 token from slot 4
[15:05:36.612] [SEVERE ] updating countdown to 57989
[15:05:36.613] [SEVERE ] player 3 placing token on slot 8
[15:05:36.614] [SEVERE ] setting player 1 freeze to -2014
[15:05:36.614] [SEVERE ] player 1 placing token on slot 2
[15:05:36.614] [SEVERE ] setting player 2 freeze to 1000
[15:05:36.615] [SEVERE ] player 4 placing token on slot 5
[15:05:36.615] [SEVERE ] setting player 3 freeze to -2015
[15:05:36.616] [SEVERE ] setting player 4 freeze to -2016
[15:05:36.616] [SEVERE ] player 1 placing token on slot 10
[15:05:36.616] [SEVERE ] updating countdown to 57985
[15:05:36.617] [SEVERE ] player 4 placing token on slot 0
[15:05:36.617] [SEVERE ] setting player 1 freeze to -2017
[15:05:36.617] [SEVERE ] setting player 2 freeze to 997
[15:05:36.618] [SEVERE ] setting player 3 freeze to 999
[15:05:36.618] [SEVERE ] setting player 4 freeze to -2018
[15:05:36.618] [SEVERE ] updating countdown to 57983
[15:05:36.619] [SEVERE ] setting player 1 freeze to 1000
[15:05:36.619] [SEVERE ] setting player 2 freeze to 995
[15:05:36.620] [SEVERE ] setting player 3 freeze to 997
[15:05:36.620] [SEVERE ] setting player 4 freeze to -2020
[15:05:36.620] [SEVERE ] updating countdown to 57981
[15:05:36.621] [SEVERE ] setting player 1 freeze to 998
[15:05:36.621] [SEVERE ] setting player 2 freeze to 993
[15:05:36.622] [SEVERE ] setting player 3 freeze to 995
[15:05:36.623] [SEVERE ] setting player 4 freeze to 998
[15:05:37.626] [SEVERE ] updating countdown to 56975
[15:05:37.627] [SEVERE ] setting player 1 freeze to -8
[15:05:37.627] [SEVERE ] setting player 2 freeze to -13
[15:05:37.627] [SEVERE ] removing player 1 token from slot 2
[15:05:37.628] [SEVERE ] setting player 3 freeze to -11
[15:05:37.628] [SEVERE ] removing player 2 token from slot 1
[15:05:37.628] [SEVERE ] setting player 4 freeze to -7
[15:05:37.629] [SEVERE ] player 1 placing token on slot 7
[15:05:37.629] [SEVERE ] player 2 placing token on slot 4
[15:05:37.629] [SEVERE ] updating countdown to 56972
[15:05:37.630] [SEVERE ] setting player 1 freeze to 1000
[15:05:37.630] [SEVERE ] setting player 2 freeze to -16
[15:05:37.631] [SEVERE ] setting player 3 freeze to -14
[15:05:37.631] [SEVERE ] setting player 4 freeze to -10
[15:05:37.631] [SEVERE ] updating countdown to 56970
[15:05:37.632] [SEVERE ] setting player 1 freeze to 998
[15:05:37.632] [SEVERE ] setting player 2 freeze to 1000
[15:05:37.632] [SEVERE ] setting player 3 freeze to -15
[15:05:37.633] [SEVERE ] setting player 4 freeze to -12
[15:05:37.634] [SEVERE ] removing player 4 token from slot 10
[15:05:37.636] [SEVERE ] player 4 placing token on slot 7
[15:05:37.636] [SEVERE ] updating countdown to 56965
[15:05:37.637] [SEVERE ] setting player 1 freeze to 993
[15:05:37.637] [SEVERE ] setting player 2 freeze to 995
[15:05:37.638] [SEVERE ] setting player 3 freeze to -21
[15:05:37.638] [SEVERE ] setting player 4 freeze to 999
[15:05:37.640] [SEVERE ] removing player 3 token from slot 8
[15:05:37.641] [SEVERE ] removing player 3 token from slot 3
[15:05:37.643] [SEVERE ] player 3 placing token on slot 10
[15:05:37.645] [SEVERE ] removing player 3 token from slot 0
[15:05:37.647] [SEVERE ] player 3 placing token on slot 1
[15:05:37.648] [SEVERE ] player 3 placing token on slot 11
[15:05:37.648] [SEVERE ] updating countdown to 56953
[15:05:37.649] [SEVERE ] setting player 1 freeze to 981
[15:05:37.649] [SEVERE ] setting player 2 freeze to 983
[15:05:37.649] [SEVERE ] setting player 3 freeze to 1000
[15:05:37.649] [SEVERE ] setting player 4 freeze to 988
[15:05:38.655] [SEVERE ] updating countdown to 55947
[15:05:38.655] [SEVERE ] setting player 1 freeze to -25
[15:05:38.656] [SEVERE ] setting player 2 freeze to -24
[15:05:38.656] [SEVERE ] setting player 3 freeze to -7
[15:05:38.656] [SEVERE ] setting player 4 freeze to -19
[15:05:38.660] [SEVERE ] removing player 2 token from slot 4
[15:05:38.662] [SEVERE ] removing player 4 token from slot 5
[15:05:38.662] [SEVERE ] player 2 placing token on slot 6
[15:05:38.663] [SEVERE ] updating countdown to 55938
[15:05:38.663] [SEVERE ] setting player 1 freeze to -33
[15:05:38.663] [SEVERE ] setting player 2 freeze to 1000
[15:05:38.664] [SEVERE ] player 4 placing token on slot 4
[15:05:38.664] [SEVERE ] setting player 3 freeze to -15
[15:05:38.664] [SEVERE ] removing player 1 token from slot 5
[15:05:38.665] [SEVERE ] setting player 4 freeze to -27
[15:05:38.665] [SEVERE ] updating countdown to 55936
[15:05:38.665] [SEVERE ] setting player 1 freeze to -35
[15:05:38.666] [SEVERE ] setting player 2 freeze to 997
[15:05:38.666] [SEVERE ] player 1 placing token on slot 0
[15:05:38.666] [SEVERE ] setting player 3 freeze to -17
[15:05:38.667] [SEVERE ] setting player 4 freeze to 998
[15:05:38.667] [SEVERE ] updating countdown to 55934
[15:05:38.667] [SEVERE ] setting player 1 freeze to 1000
[15:05:38.668] [SEVERE ] setting player 2 freeze to 995
[15:05:38.668] [SEVERE ] setting player 3 freeze to -19
[15:05:38.669] [SEVERE ] setting player 4 freeze to 996
[15:05:38.672] [SEVERE ] removing player 3 token from slot 1
[15:05:38.674] [SEVERE ] player 3 placing token on slot 7
[15:05:38.675] [SEVERE ] updating countdown to 55926
[15:05:38.675] [SEVERE ] setting player 1 freeze to 992
[15:05:38.675] [SEVERE ] setting player 2 freeze to 988
[15:05:38.676] [SEVERE ] setting player 3 freeze to 999
[15:05:38.676] [SEVERE ] setting player 4 freeze to 989
[15:05:39.681] [SEVERE ] updating countdown to 54920
[15:05:39.681] [SEVERE ] setting player 1 freeze to -14
[15:05:39.682] [SEVERE ] setting player 2 freeze to -19
[15:05:39.682] [SEVERE ] setting player 3 freeze to -7
[15:05:39.682] [SEVERE ] setting player 4 freeze to -17
[15:05:39.683] [SEVERE ] removing player 3 token from slot 10
[15:05:39.683] [SEVERE ] removing player 1 token from slot 10
[15:05:39.684] [SEVERE ] removing player 3 token from slot 11
[15:05:39.685] [SEVERE ] player 1 placing token on slot 10
[15:05:39.685] [SEVERE ] updating countdown to 54916
[15:05:39.686] [SEVERE ] setting player 1 freeze to 1000
[15:05:39.686] [SEVERE ] setting player 2 freeze to -23
[15:05:39.687] [SEVERE ] setting player 3 freeze to -12
[15:05:39.687] [SEVERE ] setting player 4 freeze to -22
[15:05:39.686] [SEVERE ] player 3 placing token on slot 10
[15:05:39.688] [SEVERE ] removing player 2 token from slot 10
[15:05:39.688] [SEVERE ] updating countdown to 54913
[15:05:39.688] [SEVERE ] setting player 1 freeze to 998
[15:05:39.688] [SEVERE ] player 2 placing token on slot 3
[15:05:39.689] [SEVERE ] setting player 2 freeze to -26
[15:05:39.689] [SEVERE ] player 3 placing token on slot 0
[15:05:39.689] [SEVERE ] setting player 3 freeze to -14
[15:05:39.689] [SEVERE ] setting player 4 freeze to -24
[15:05:39.690] [SEVERE ] updating countdown to 54911
[15:05:39.690] [SEVERE ] setting player 1 freeze to 996
[15:05:39.691] [SEVERE ] setting player 2 freeze to 999
[15:05:39.691] [SEVERE ] setting player 3 freeze to -16
[15:05:39.691] [SEVERE ] setting player 4 freeze to -26
[15:05:39.691] [SEVERE ] updating countdown to 54910
[15:05:39.691] [SEVERE ] setting player 1 freeze to 995
[15:05:39.692] [SEVERE ] setting player 2 freeze to 998
[15:05:39.692] [SEVERE ] setting player 3 freeze to 999
[15:05:39.693] [SEVERE ] setting player 4 freeze to -28
[15:05:39.693] [SEVERE ] removing player 4 token from slot 4
[15:05:39.695] [SEVERE ] player 4 placing token on slot 11
[15:05:39.696] [SEVERE ] updating countdown to 54905
[15:05:39.696] [SEVERE ] setting player 1 freeze to 990
[15:05:39.696] [SEVERE ] setting player 2 freeze to 994
[15:05:39.696] [SEVERE ] setting player 3 freeze to 995
[15:05:39.697] [SEVERE ] setting player 4 freeze to 999
[15:05:40.700] [SEVERE ] updating countdown to 53901
[15:05:40.701] [SEVERE ] setting player 1 freeze to -15
[15:05:40.701] [SEVERE ] setting player 2 freeze to -11
[15:05:40.701] [SEVERE ] setting player 3 freeze to -10
[15:05:40.701] [SEVERE ] setting player 4 freeze to -5
[15:05:40.703] [SEVERE ] removing player 4 token from slot 11
[15:05:40.704] [SEVERE ] removing player 1 token from slot 10
[15:05:40.705] [SEVERE ] removing player 2 token from slot 11
[15:05:40.705] [SEVERE ] player 1 placing token on slot 11
[15:05:40.706] [SEVERE ] player 4 placing token on slot 9
[15:05:40.706] [SEVERE ] updating countdown to 53895
[15:05:40.706] [SEVERE ] setting player 1 freeze to 1000
[15:05:40.706] [SEVERE ] player 2 placing token on slot 1
[15:05:40.707] [SEVERE ] setting player 2 freeze to -17
[15:05:40.707] [SEVERE ] setting player 3 freeze to -16
[15:05:40.707] [SEVERE ] setting player 4 freeze to -11
[15:05:40.707] [SEVERE ] updating countdown to 53894
[15:05:40.708] [SEVERE ] setting player 1 freeze to 998
[15:05:40.708] [SEVERE ] setting player 2 freeze to -18
[15:05:40.708] [SEVERE ] setting player 3 freeze to -17
[15:05:40.709] [SEVERE ] setting player 4 freeze to 999
[15:05:40.709] [SEVERE ] updating countdown to 53892
[15:05:40.709] [SEVERE ] setting player 1 freeze to 997
[15:05:40.709] [SEVERE ] setting player 2 freeze to 1000
[15:05:40.710] [SEVERE ] setting player 3 freeze to -19
[15:05:40.710] [SEVERE ] setting player 4 freeze to 998
[15:05:40.711] [SEVERE ] removing player 3 token from slot 0
[15:05:40.712] [SEVERE ] player 3 placing token on slot 1
[15:05:40.713] [SEVERE ] updating countdown to 53888
[15:05:40.713] [SEVERE ] setting player 1 freeze to 993
[15:05:40.714] [SEVERE ] setting player 2 freeze to 995
[15:05:40.714] [SEVERE ] setting player 3 freeze to 999
[15:05:40.714] [SEVERE ] setting player 4 freeze to 994
[15:05:41.719] [SEVERE ] updating countdown to 52882
[15:05:41.720] [SEVERE ] setting player 1 freeze to -14
[15:05:41.721] [SEVERE ] setting player 2 freeze to -12
[15:05:41.721] [SEVERE ] setting player 3 freeze to -8
[15:05:41.721] [SEVERE ] setting player 4 freeze to -13
[15:05:41.721] [SEVERE ] removing player 4 token from slot 7
[15:05:41.722] [SEVERE ] removing player 3 token from slot 1
[15:05:41.722] [SEVERE ] updating countdown to 52879
[15:05:41.722] [SEVERE ] setting player 1 freeze to -16
[15:05:41.723] [SEVERE ] setting player 2 freeze to -14
[15:05:41.723] [SEVERE ] setting player 3 freeze to -10
[15:05:41.722] [SEVERE ] removing player 3 token from slot 10
[15:05:41.724] [SEVERE ] setting player 4 freeze to -16
[15:05:41.724] [SEVERE ] player 4 placing token on slot 11
[15:05:41.724] [SEVERE ] updating countdown to 52877
[15:05:41.725] [SEVERE ] setting player 1 freeze to -19
[15:05:41.725] [SEVERE ] setting player 2 freeze to -16
[15:05:41.725] [SEVERE ] setting player 3 freeze to -12
[15:05:41.726] [SEVERE ] setting player 4 freeze to 999
[15:05:41.725] [SEVERE ] player 3 placing token on slot 5
[15:05:41.730] [SEVERE ] player 3 placing token on slot 1
[15:05:41.731] [SEVERE ] removing player 2 token from slot 3
[15:05:41.731] [SEVERE ] updating countdown to 52870
[15:05:41.732] [SEVERE ] setting player 1 freeze to -26
[15:05:41.732] [SEVERE ] setting player 2 freeze to -23
[15:05:41.732] [SEVERE ] setting player 3 freeze to 999
[15:05:41.732] [SEVERE ] setting player 4 freeze to 993
[15:05:41.732] [SEVERE ] player 2 placing token on slot 4
[15:05:41.732] [SEVERE ] updating countdown to 52869
[15:05:41.733] [SEVERE ] setting player 1 freeze to -27
[15:05:41.733] [SEVERE ] setting player 2 freeze to 1000
[15:05:41.734] [SEVERE ] setting player 3 freeze to 997
[15:05:41.734] [SEVERE ] setting player 4 freeze to 991
[15:05:41.737] [SEVERE ] removing player 1 token from slot 11
[15:05:41.738] [SEVERE ] player 1 placing token on slot 2
[15:05:41.739] [SEVERE ] updating countdown to 52862
[15:05:41.739] [SEVERE ] setting player 1 freeze to 1000
[15:05:41.739] [SEVERE ] setting player 2 freeze to 994
[15:05:41.740] [SEVERE ] setting player 3 freeze to 991
[15:05:41.740] [SEVERE ] setting player 4 freeze to 985
[15:05:42.745] [SEVERE ] updating countdown to 51856
[15:05:42.745] [SEVERE ] setting player 1 freeze to -6
[15:05:42.746] [SEVERE ] setting player 2 freeze to -13
[15:05:42.746] [SEVERE ] setting player 3 freeze to -15
[15:05:42.746] [SEVERE ] setting player 4 freeze to -21
[15:05:42.746] [SEVERE ] removing player 1 token from slot 2
[15:05:42.747] [SEVERE ] removing player 4 token from slot 11
[15:05:42.748] [SEVERE ] player 1 placing token on slot 1
[15:05:42.748] [SEVERE ] updating countdown to 51853
[15:05:42.749] [SEVERE ] player 4 placing token on slot 10
[15:05:42.749] [SEVERE ] removing player 3 token from slot 1
[15:05:42.749] [SEVERE ] setting player 1 freeze to 1000
[15:05:42.749] [SEVERE ] setting player 2 freeze to -16
[15:05:42.750] [SEVERE ] setting player 3 freeze to -19
[15:05:42.750] [SEVERE ] setting player 4 freeze to -25
[15:05:42.750] [SEVERE ] updating countdown to 51851
[15:05:42.750] [SEVERE ] setting player 1 freeze to 999
[15:05:42.750] [SEVERE ] removing player 3 token from slot 5
[15:05:42.750] [SEVERE ] setting player 2 freeze to -17
[15:05:42.751] [SEVERE ] setting player 3 freeze to -20
[15:05:42.751] [SEVERE ] setting player 4 freeze to 999
[15:05:42.752] [SEVERE ] player 3 placing token on slot 1
[15:05:42.753] [SEVERE ] player 3 placing token on slot 6
[15:05:42.753] [SEVERE ] updating countdown to 51848
[15:05:42.754] [SEVERE ] setting player 1 freeze to 995
[15:05:42.754] [SEVERE ] setting player 2 freeze to -21
[15:05:42.755] [SEVERE ] setting player 3 freeze to 999
[15:05:42.755] [SEVERE ] setting player 4 freeze to 995
[15:05:42.756] [SEVERE ] removing player 2 token from slot 6
[15:05:42.758] [SEVERE ] player 2 placing token on slot 7
[15:05:42.758] [SEVERE ] updating countdown to 51843
[15:05:42.759] [SEVERE ] setting player 1 freeze to 990
[15:05:42.759] [SEVERE ] setting player 2 freeze to 999
[15:05:42.759] [SEVERE ] setting player 3 freeze to 995
[15:05:42.759] [SEVERE ] setting player 4 freeze to 991
[15:05:43.764] [SEVERE ] updating countdown to 50837
[15:05:43.765] [SEVERE ] setting player 1 freeze to -16
[15:05:43.765] [SEVERE ] setting player 2 freeze to -7
[15:05:43.765] [SEVERE ] setting player 3 freeze to -11
[15:05:43.765] [SEVERE ] setting player 4 freeze to -15
[15:05:43.768] [SEVERE ] removing player 2 token from slot 4
[15:05:43.769] [SEVERE ] player 2 placing token on slot 4
[15:05:43.770] [SEVERE ] updating countdown to 50831
[15:05:43.770] [SEVERE ] setting player 1 freeze to -21
[15:05:43.771] [SEVERE ] setting player 2 freeze to 999
[15:05:43.771] [SEVERE ] setting player 3 freeze to -17
[15:05:43.771] [SEVERE ] setting player 4 freeze to -21
[15:05:43.771] [SEVERE ] removing player 4 token from slot 0
[15:05:43.773] [SEVERE ] removing player 3 token from slot 6
[15:05:43.773] [SEVERE ] player 4 placing token on slot 3
[15:05:43.773] [SEVERE ] removing player 1 token from slot 0
[15:05:43.773] [SEVERE ] updating countdown to 50828
[15:05:43.774] [SEVERE ] setting player 1 freeze to -25
[15:05:43.774] [SEVERE ] setting player 2 freeze to 996
[15:05:43.774] [SEVERE ] setting player 3 freeze to -20
[15:05:43.774] [SEVERE ] removing player 3 token from slot 7
[15:05:43.774] [SEVERE ] setting player 4 freeze to 1000
[15:05:43.775] [SEVERE ] removing player 1 token from slot 7
[15:05:43.776] [SEVERE ] player 3 placing token on slot 0
[15:05:43.776] [SEVERE ] player 1 placing token on slot 9
[15:05:43.777] [SEVERE ] player 3 placing token on slot 5
[15:05:43.777] [SEVERE ] updating countdown to 50824
[15:05:43.777] [SEVERE ] setting player 1 freeze to -28
[15:05:43.778] [SEVERE ] setting player 2 freeze to 992
[15:05:43.778] [SEVERE ] setting player 3 freeze to 999
[15:05:43.778] [SEVERE ] player 1 placing token on slot 8
[15:05:43.778] [SEVERE ] setting player 4 freeze to 996
[15:05:43.778] [SEVERE ] updating countdown to 50823
[15:05:43.778] [SEVERE ] setting player 1 freeze to 1000
[15:05:43.779] [SEVERE ] setting player 2 freeze to 991
[15:05:43.779] [SEVERE ] setting player 3 freeze to 998
[15:05:43.779] [SEVERE ] setting player 4 freeze to 995
[15:05:44.784] [SEVERE ] updating countdown to 49817
[15:05:44.785] [SEVERE ] setting player 1 freeze to -7
[15:05:44.785] [SEVERE ] setting player 2 freeze to -15
[15:05:44.785] [SEVERE ] setting player 3 freeze to -8
[15:05:44.785] [SEVERE ] setting player 4 freeze to -11
[15:05:44.786] [SEVERE ] removing player 2 token from slot 1
[15:05:44.786] [SEVERE ] removing player 3 token from slot 1
[15:05:44.786] [SEVERE ] removing player 1 token from slot 9
[15:05:44.787] [SEVERE ] removing player 2 token from slot 7
[15:05:44.788] [SEVERE ] player 3 placing token on slot 11
[15:05:44.788] [SEVERE ] player 1 placing token on slot 11
[15:05:44.788] [SEVERE ] updating countdown to 49813
[15:05:44.788] [SEVERE ] setting player 1 freeze to -10
[15:05:44.788] [SEVERE ] setting player 2 freeze to -18
[15:05:44.788] [SEVERE ] setting player 3 freeze to 1000
[15:05:44.789] [SEVERE ] setting player 4 freeze to -15
[15:05:44.789] [SEVERE ] player 2 placing token on slot 0
[15:05:44.789] [SEVERE ] updating countdown to 49812
[15:05:44.789] [SEVERE ] setting player 1 freeze to 1000
[15:05:44.790] [SEVERE ] setting player 2 freeze to -20
[15:05:44.790] [SEVERE ] player 2 placing token on slot 1
[15:05:44.790] [SEVERE ] setting player 3 freeze to 998
[15:05:44.791] [SEVERE ] removing player 4 token from slot 10
[15:05:44.791] [SEVERE ] setting player 4 freeze to -17
[15:05:44.791] [SEVERE ] updating countdown to 49810
[15:05:44.791] [SEVERE ] setting player 1 freeze to 998
[15:05:44.791] [SEVERE ] setting player 2 freeze to 1000
[15:05:44.792] [SEVERE ] setting player 3 freeze to 996
[15:05:44.792] [SEVERE ] setting player 4 freeze to -18
[15:05:44.792] [SEVERE ] player 4 placing token on slot 0
[15:05:44.792] [SEVERE ] updating countdown to 49809
[15:05:44.793] [SEVERE ] setting player 1 freeze to 996
[15:05:44.793] [SEVERE ] setting player 2 freeze to 998
[15:05:44.793] [SEVERE ] setting player 3 freeze to 995
[15:05:44.794] [SEVERE ] setting player 4 freeze to 999
[15:05:45.492] [SEVERE ] exit button pressed
[15:05:45.492] [INFO   ] Thread computer-2 terminated.
[15:05:45.492] [INFO   ] Thread computer-1 terminated.
[15:05:45.493] [INFO   ] Thread player terminated.
[15:05:45.493] [INFO   ] Thread player terminated.
[15:05:45.494] [INFO   ] Thread computer-3 terminated.
[15:05:45.494] [INFO   ] Thread player terminated.
[15:05:45.495] [INFO   ] Thread computer-0 terminated.
[15:05:45.496] [INFO   ] Thread player terminated.
[15:05:45.799] [SEVERE ] updating countdown to 48802
[15:05:45.800] [SEVERE ] updating countdown to 60000
[15:05:45.801] [SEVERE ] removing card from slot 0
[15:05:45.801] [SEVERE ] removing card from slot 1
[15:05:45.802] [SEVERE ] removing card from slot 2
[15:05:45.802] [SEVERE ] removing card from slot 3
[15:05:45.802] [SEVERE ] removing card from slot 4
[15:05:45.802] [SEVERE ] removing card from slot 5
[15:05:45.803] [SEVERE ] removing card from slot 6
[15:05:45.803] [SEVERE ] removing card from slot 7
[15:05:45.803] [SEVERE ] removing card from slot 8
[15:05:45.803] [SEVERE ] removing card from slot 9
[15:05:45.804] [SEVERE ] removing card from slot 10
[15:05:45.804] [SEVERE ] removing card from slot 11
[15:05:45.804] [SEVERE ] removing player 1 token from slot 0
[15:05:45.804] [SEVERE ] removing player 1 token from slot 1
[15:05:45.805] [SEVERE ] removing player 1 token from slot 2
[15:05:45.805] [SEVERE ] removing player 1 token from slot 3
[15:05:45.805] [SEVERE ] removing player 1 token from slot 4
[15:05:45.805] [SEVERE ] removing player 1 token from slot 5
[15:05:45.805] [SEVERE ] removing player 1 token from slot 6
[15:05:45.806] [SEVERE ] removing player 1 token from slot 7
[15:05:45.806] [SEVERE ] removing player 1 token from slot 8
[15:05:45.806] [SEVERE ] removing player 1 token from slot 9
[15:05:45.806] [SEVERE ] removing player 1 token from slot 10
[15:05:45.806] [SEVERE ] removing player 1 token from slot 11
[15:05:45.807] [SEVERE ] removing player 2 token from slot 0
[15:05:45.807] [SEVERE ] removing player 2 token from slot 1
[15:05:45.807] [SEVERE ] removing player 2 token from slot 2
[15:05:45.807] [SEVERE ] removing player 2 token from slot 3
[15:05:45.807] [SEVERE ] removing player 2 token from slot 4
[15:05:45.808] [SEVERE ] removing player 2 token from slot 5
[15:05:45.808] [SEVERE ] removing player 2 token from slot 6
[15:05:45.808] [SEVERE ] removing player 2 token from slot 7
[15:05:45.808] [SEVERE ] removing player 2 token from slot 8
[15:05:45.809] [SEVERE ] removing player 2 token from slot 9
[15:05:45.809] [SEVERE ] removing player 2 token from slot 10
[15:05:45.809] [SEVERE ] removing player 2 token from slot 11
[15:05:45.809] [SEVERE ] removing player 3 token from slot 0
[15:05:45.809] [SEVERE ] removing player 3 token from slot 1
[15:05:45.810] [SEVERE ] removing player 3 token from slot 2
[15:05:45.810] [SEVERE ] removing player 3 token from slot 3
[15:05:45.810] [SEVERE ] removing player 3 token from slot 4
[15:05:45.810] [SEVERE ] removing player 3 token from slot 5
[15:05:45.810] [SEVERE ] removing player 3 token from slot 6
[15:05:45.810] [SEVERE ] removing player 3 token from slot 7
[15:05:45.810] [SEVERE ] removing player 3 token from slot 8
[15:05:45.811] [SEVERE ] removing player 3 token from slot 9
[15:05:45.811] [SEVERE ] removing player 3 token from slot 10
[15:05:45.811] [SEVERE ] removing player 3 token from slot 11
[15:05:45.811] [SEVERE ] removing player 4 token from slot 0
[15:05:45.811] [SEVERE ] removing player 4 token from slot 1
[15:05:45.811] [SEVERE ] removing player 4 token from slot 2
[15:05:45.811] [SEVERE ] removing player 4 token from slot 3
[15:05:45.812] [SEVERE ] removing player 4 token from slot 4
[15:05:45.812] [SEVERE ] removing player 4 token from slot 5
[15:05:45.812] [SEVERE ] removing player 4 token from slot 6
[15:05:45.812] [SEVERE ] removing player 4 token from slot 7
[15:05:45.812] [SEVERE ] removing player 4 token from slot 8
[15:05:45.812] [SEVERE ] removing player 4 token from slot 9
[15:05:45.813] [SEVERE ] removing player 4 token from slot 10
[15:05:45.813] [SEVERE ] removing player 4 token from slot 11
[15:05:45.814] [SEVERE ] announcing winner(s): player 1, player 2, player 3, player 4
[15:05:45.815] [INFO   ] Thread dealer terminated.
[15:05:45.815] [INFO   ] thread dealer terminated.
[15:05:45.815] [SEVERE ] thanks for playing... it was fun!
[15:05:45.816] [INFO   ] thread main terminated.
