[16:25:42.210] [INFO   ] thread main starting.
[16:25:42.217] [SEVERE ] cannot read configuration file config.properties trying from resources.
[16:25:42.219] [SEVERE ] configuration file was loaded from resources directory.
[16:25:43.333] [INFO   ] thread dealer starting.
[16:25:43.334] [INFO   ] thread player starting.
[16:25:43.334] [INFO   ] thread player starting.
[16:25:43.334] [INFO   ] thread dealer starting.
[16:25:43.334] [INFO   ] thread player starting.
[16:25:43.334] [INFO   ] thread player starting.
[16:25:43.335] [INFO   ] thread computer-0 starting.
[16:25:43.335] [INFO   ] thread computer-2 starting.
[16:25:43.336] [INFO   ] thread computer-3 starting.
[16:25:43.337] [INFO   ] thread computer-1 starting.
[16:25:43.342] [SEVERE ] placing card 66 in slot 0
[16:25:43.343] [SEVERE ] player 4 placing token on slot 0
[16:25:43.345] [SEVERE ] removing player 4 token from slot 0
[16:25:43.347] [SEVERE ] placing card 30 in slot 1
[16:25:43.348] [SEVERE ] placing card 42 in slot 2
[16:25:43.348] [SEVERE ] placing card 56 in slot 3
[16:25:43.349] [SEVERE ] player 3 placing token on slot 3
[16:25:43.350] [SEVERE ] placing card 24 in slot 4
[16:25:43.350] [SEVERE ] placing card 67 in slot 5
[16:25:43.351] [SEVERE ] removing player 3 token from slot 3
[16:25:43.352] [SEVERE ] player 2 placing token on slot 0
[16:25:43.353] [SEVERE ] player 1 placing token on slot 2
[16:25:43.361] [SEVERE ] player 4 placing token on slot 4
[16:25:43.362] [SEVERE ] player 1 placing token on slot 0
[16:25:43.362] [SEVERE ] placing card 26 in slot 6
[16:25:43.363] [SEVERE ] player 3 placing token on slot 2
[16:25:43.365] [SEVERE ] removing player 4 token from slot 4
[16:25:43.367] [SEVERE ] player 2 placing token on slot 3
[16:25:43.368] [SEVERE ] player 1 placing token on slot 6
[16:25:43.369] [SEVERE ] player 2 placing token on slot 4
[16:25:43.370] [SEVERE ] player 3 placing token on slot 3
[16:25:43.371] [SEVERE ] removing player 3 token from slot 2
[16:25:43.372] [SEVERE ] player 4 placing token on slot 0
[16:25:43.374] [SEVERE ] player 3 placing token on slot 2
[16:25:43.376] [SEVERE ] player 3 placing token on slot 6
[16:25:43.376] [SEVERE ] player 4 placing token on slot 5
[16:25:43.378] [SEVERE ] player 4 placing token on slot 4
[16:25:43.411] [SEVERE ] placing card 65 in slot 7
[16:25:43.412] [SEVERE ] placing card 40 in slot 8
[16:25:43.412] [SEVERE ] placing card 22 in slot 9
[16:25:43.412] [SEVERE ] placing card 54 in slot 10
[16:25:43.412] [SEVERE ] placing card 46 in slot 11
[16:25:43.413] [SEVERE ] setting player 1 freeze to -80
[16:25:43.413] [SEVERE ] setting player 2 freeze to -80
[16:25:43.413] [SEVERE ] setting player 3 freeze to -80
[16:25:43.414] [SEVERE ] setting player 4 freeze to -81
[16:25:43.414] [SEVERE ] updating countdown to 59920
[16:25:43.415] [SEVERE ] setting player 1 freeze to 5000
[16:25:43.416] [SEVERE ] setting player 2 freeze to -83
[16:25:43.416] [SEVERE ] setting player 3 freeze to -83
[16:25:43.417] [SEVERE ] setting player 4 freeze to -84
[16:25:43.417] [SEVERE ] updating countdown to 59917
[16:25:43.417] [SEVERE ] setting player 1 freeze to 4998
[16:25:43.418] [SEVERE ] setting player 2 freeze to 4999
[16:25:43.418] [SEVERE ] setting player 3 freeze to -85
[16:25:43.418] [SEVERE ] setting player 4 freeze to -85
[16:25:43.418] [SEVERE ] updating countdown to 59916
[16:25:43.419] [SEVERE ] setting player 1 freeze to 4996
[16:25:43.419] [SEVERE ] setting player 2 freeze to 4998
[16:25:43.420] [SEVERE ] setting player 3 freeze to 4999
[16:25:43.420] [SEVERE ] setting player 4 freeze to -87
[16:25:43.420] [SEVERE ] updating countdown to 59914
[16:25:43.421] [SEVERE ] setting player 1 freeze to 4994
[16:25:43.421] [SEVERE ] setting player 2 freeze to 4996
[16:25:43.422] [SEVERE ] setting player 3 freeze to 4997
[16:25:43.422] [SEVERE ] setting player 4 freeze to 4999
[16:25:44.326] [SEVERE ] updating countdown to 59008
[16:25:44.326] [SEVERE ] setting player 1 freeze to 4089
[16:25:44.326] [SEVERE ] setting player 2 freeze to 4091
[16:25:44.327] [SEVERE ] setting player 3 freeze to 4092
[16:25:44.327] [SEVERE ] setting player 4 freeze to 4094
[16:25:45.231] [SEVERE ] updating countdown to 58103
[16:25:45.231] [SEVERE ] setting player 1 freeze to 3184
[16:25:45.232] [SEVERE ] setting player 2 freeze to 3185
[16:25:45.232] [SEVERE ] setting player 3 freeze to 3187
[16:25:45.232] [SEVERE ] setting player 4 freeze to 3189
[16:25:46.133] [SEVERE ] updating countdown to 57201
[16:25:46.134] [SEVERE ] setting player 1 freeze to 2281
[16:25:46.134] [SEVERE ] setting player 2 freeze to 2283
[16:25:46.134] [SEVERE ] setting player 3 freeze to 2285
[16:25:46.134] [SEVERE ] setting player 4 freeze to 2287
[16:25:47.035] [SEVERE ] updating countdown to 56299
[16:25:47.035] [SEVERE ] setting player 1 freeze to 1380
[16:25:47.036] [SEVERE ] setting player 2 freeze to 1382
[16:25:47.036] [SEVERE ] setting player 3 freeze to 1383
[16:25:47.036] [SEVERE ] setting player 4 freeze to 1385
[16:25:47.941] [SEVERE ] updating countdown to 55393
[16:25:47.942] [SEVERE ] setting player 1 freeze to 473
[16:25:47.942] [SEVERE ] setting player 2 freeze to 475
[16:25:47.942] [SEVERE ] setting player 3 freeze to 477
[16:25:47.942] [SEVERE ] setting player 4 freeze to 479
[16:25:48.844] [SEVERE ] updating countdown to 54490
[16:25:48.845] [SEVERE ] setting player 1 freeze to -430
[16:25:48.845] [SEVERE ] setting player 2 freeze to -428
[16:25:48.845] [SEVERE ] setting player 3 freeze to -426
[16:25:48.845] [SEVERE ] setting player 4 freeze to -424
[16:25:48.846] [SEVERE ] removing player 2 token from slot 4
[16:25:48.847] [SEVERE ] player 2 placing token on slot 1
[16:25:48.848] [SEVERE ] updating countdown to 54486
[16:25:48.848] [SEVERE ] setting player 1 freeze to -433
[16:25:48.848] [SEVERE ] setting player 2 freeze to 5000
[16:25:48.849] [SEVERE ] setting player 3 freeze to -430
[16:25:48.849] [SEVERE ] setting player 4 freeze to -428
[16:25:48.849] [SEVERE ] removing player 3 token from slot 3
[16:25:48.851] [SEVERE ] removing player 3 token from slot 6
[16:25:48.851] [SEVERE ] removing player 4 token from slot 5
[16:25:48.852] [SEVERE ] player 3 placing token on slot 8
[16:25:48.853] [SEVERE ] player 4 placing token on slot 2
[16:25:48.853] [SEVERE ] updating countdown to 54481
[16:25:48.854] [SEVERE ] setting player 1 freeze to -439
[16:25:48.854] [SEVERE ] setting player 2 freeze to 4994
[16:25:48.854] [SEVERE ] player 3 placing token on slot 10
[16:25:48.855] [SEVERE ] setting player 3 freeze to -436
[16:25:48.855] [SEVERE ] setting player 4 freeze to 4999
[16:25:48.856] [SEVERE ] updating countdown to 54478
[16:25:48.856] [SEVERE ] setting player 1 freeze to -441
[16:25:48.857] [SEVERE ] setting player 2 freeze to 4991
[16:25:48.857] [SEVERE ] setting player 3 freeze to 4999
[16:25:48.857] [SEVERE ] setting player 4 freeze to 4997
[16:25:48.858] [SEVERE ] removing player 1 token from slot 0
[16:25:48.860] [SEVERE ] player 1 placing token on slot 10
[16:25:48.861] [SEVERE ] updating countdown to 54473
[16:25:48.862] [SEVERE ] setting player 1 freeze to 5000
[16:25:48.862] [SEVERE ] setting player 2 freeze to 4986
[16:25:48.862] [SEVERE ] setting player 3 freeze to 4994
[16:25:48.863] [SEVERE ] setting player 4 freeze to 4991
[16:25:49.768] [SEVERE ] updating countdown to 53566
[16:25:49.769] [SEVERE ] setting player 1 freeze to 4093
[16:25:49.769] [SEVERE ] setting player 2 freeze to 4079
[16:25:49.770] [SEVERE ] setting player 3 freeze to 4086
[16:25:49.770] [SEVERE ] setting player 4 freeze to 4084
[16:25:50.674] [SEVERE ] updating countdown to 52660
[16:25:50.675] [SEVERE ] setting player 1 freeze to 3187
[16:25:50.675] [SEVERE ] setting player 2 freeze to 3173
[16:25:50.676] [SEVERE ] setting player 3 freeze to 3180
[16:25:50.676] [SEVERE ] setting player 4 freeze to 3178
[16:25:51.578] [SEVERE ] updating countdown to 51756
[16:25:51.578] [SEVERE ] setting player 1 freeze to 2284
[16:25:51.578] [SEVERE ] setting player 2 freeze to 2270
[16:25:51.578] [SEVERE ] setting player 3 freeze to 2278
[16:25:51.579] [SEVERE ] setting player 4 freeze to 2275
[16:25:52.483] [SEVERE ] updating countdown to 50851
[16:25:52.484] [SEVERE ] setting player 1 freeze to 1378
[16:25:52.484] [SEVERE ] setting player 2 freeze to 1364
[16:25:52.484] [SEVERE ] setting player 3 freeze to 1372
[16:25:52.485] [SEVERE ] setting player 4 freeze to 1369
[16:25:52.754] [SEVERE ] exit button pressed
[16:25:52.754] [INFO   ] thread 2player terminated.
[16:25:52.754] [INFO   ] thread 1player terminated.
[16:25:52.754] [INFO   ] thread 0player terminated.
[16:25:52.754] [INFO   ] thread 3player terminated.
[16:25:52.755] [INFO   ] thread computer-2 terminated.
[16:25:52.755] [INFO   ] thread computer-0 terminated.
[16:25:52.755] [INFO   ] thread computer-3 terminated.
[16:25:52.756] [INFO   ] thread computer-1 terminated.
[16:25:53.390] [SEVERE ] updating countdown to 49944
[16:25:53.391] [SEVERE ] updating countdown to 60000
[16:25:53.392] [SEVERE ] removing card from slot 0
[16:25:53.392] [SEVERE ] removing card from slot 1
[16:25:53.392] [SEVERE ] removing card from slot 2
[16:25:53.393] [SEVERE ] removing card from slot 3
[16:25:53.393] [SEVERE ] removing card from slot 4
[16:25:53.394] [SEVERE ] removing card from slot 5
[16:25:53.394] [SEVERE ] removing card from slot 6
[16:25:53.394] [SEVERE ] removing card from slot 7
[16:25:53.395] [SEVERE ] removing card from slot 8
[16:25:53.395] [SEVERE ] removing card from slot 9
[16:25:53.395] [SEVERE ] removing card from slot 10
[16:25:53.395] [SEVERE ] removing card from slot 11
[16:25:53.396] [SEVERE ] removing player 1 token from slot 0
[16:25:53.396] [SEVERE ] removing player 1 token from slot 1
[16:25:53.396] [SEVERE ] removing player 1 token from slot 2
[16:25:53.396] [SEVERE ] removing player 1 token from slot 3
[16:25:53.397] [SEVERE ] removing player 1 token from slot 4
[16:25:53.397] [SEVERE ] removing player 1 token from slot 5
[16:25:53.397] [SEVERE ] removing player 1 token from slot 6
[16:25:53.398] [SEVERE ] removing player 1 token from slot 7
[16:25:53.398] [SEVERE ] removing player 1 token from slot 8
[16:25:53.398] [SEVERE ] removing player 1 token from slot 9
[16:25:53.398] [SEVERE ] removing player 1 token from slot 10
[16:25:53.399] [SEVERE ] removing player 1 token from slot 11
[16:25:53.399] [SEVERE ] removing player 2 token from slot 0
[16:25:53.399] [SEVERE ] removing player 2 token from slot 1
[16:25:53.399] [SEVERE ] removing player 2 token from slot 2
[16:25:53.400] [SEVERE ] removing player 2 token from slot 3
[16:25:53.400] [SEVERE ] removing player 2 token from slot 4
[16:25:53.400] [SEVERE ] removing player 2 token from slot 5
[16:25:53.400] [SEVERE ] removing player 2 token from slot 6
[16:25:53.401] [SEVERE ] removing player 2 token from slot 7
[16:25:53.401] [SEVERE ] removing player 2 token from slot 8
[16:25:53.401] [SEVERE ] removing player 2 token from slot 9
[16:25:53.401] [SEVERE ] removing player 2 token from slot 10
[16:25:53.401] [SEVERE ] removing player 2 token from slot 11
[16:25:53.402] [SEVERE ] removing player 3 token from slot 0
[16:25:53.402] [SEVERE ] removing player 3 token from slot 1
[16:25:53.402] [SEVERE ] removing player 3 token from slot 2
[16:25:53.402] [SEVERE ] removing player 3 token from slot 3
[16:25:53.402] [SEVERE ] removing player 3 token from slot 4
[16:25:53.403] [SEVERE ] removing player 3 token from slot 5
[16:25:53.403] [SEVERE ] removing player 3 token from slot 6
[16:25:53.403] [SEVERE ] removing player 3 token from slot 7
[16:25:53.403] [SEVERE ] removing player 3 token from slot 8
[16:25:53.404] [SEVERE ] removing player 3 token from slot 9
[16:25:53.404] [SEVERE ] removing player 3 token from slot 10
[16:25:53.404] [SEVERE ] removing player 3 token from slot 11
[16:25:53.404] [SEVERE ] removing player 4 token from slot 0
[16:25:53.404] [SEVERE ] removing player 4 token from slot 1
[16:25:53.405] [SEVERE ] removing player 4 token from slot 2
[16:25:53.405] [SEVERE ] removing player 4 token from slot 3
[16:25:53.405] [SEVERE ] removing player 4 token from slot 4
[16:25:53.405] [SEVERE ] removing player 4 token from slot 5
[16:25:53.405] [SEVERE ] removing player 4 token from slot 6
[16:25:53.405] [SEVERE ] removing player 4 token from slot 7
[16:25:53.406] [SEVERE ] removing player 4 token from slot 8
[16:25:53.406] [SEVERE ] removing player 4 token from slot 9
[16:25:53.406] [SEVERE ] removing player 4 token from slot 10
[16:25:53.406] [SEVERE ] removing player 4 token from slot 11
[16:25:53.407] [SEVERE ] announcing winner(s): player 1, player 2, player 3, player 4
[16:25:53.408] [INFO   ] thread dealer terminated.
[16:25:53.409] [INFO   ] thread dealer terminated.
[16:25:53.409] [SEVERE ] thanks for playing... it was fun!
[16:25:53.409] [INFO   ] thread main terminated.
