[16:20:49.960] [INFO   ] thread main starting.
[16:20:49.967] [SEVERE ] cannot read configuration file config.properties trying from resources.
[16:20:49.969] [SEVERE ] configuration file was loaded from resources directory.
[16:20:51.305] [INFO   ] thread dealer starting.
[16:20:51.305] [INFO   ] thread player starting.
[16:20:51.305] [INFO   ] thread player starting.
[16:20:51.305] [INFO   ] thread dealer starting.
[16:20:51.412] [SEVERE ] placing card 40 in slot 0
[16:20:51.517] [SEVERE ] placing card 11 in slot 1
[16:20:51.617] [SEVERE ] placing card 39 in slot 2
[16:20:51.718] [SEVERE ] placing card 49 in slot 3
[16:20:51.818] [SEVERE ] placing card 69 in slot 4
[16:20:51.921] [SEVERE ] placing card 78 in slot 5
[16:20:52.023] [SEVERE ] placing card 53 in slot 6
[16:20:52.124] [SEVERE ] placing card 37 in slot 7
[16:20:52.229] [SEVERE ] placing card 31 in slot 8
[16:20:52.334] [SEVERE ] placing card 9 in slot 9
[16:20:52.440] [SEVERE ] placing card 17 in slot 10
[16:20:52.542] [SEVERE ] placing card 4 in slot 11
[16:20:52.542] [SEVERE ] setting player 1 freeze to -1237
[16:20:52.542] [SEVERE ] setting player 2 freeze to -1237
[16:20:53.444] [SEVERE ] updating countdown to 57861
[16:20:53.445] [SEVERE ] setting player 1 freeze to -2140
[16:20:53.445] [SEVERE ] setting player 2 freeze to -2140
[16:20:54.347] [SEVERE ] updating countdown to 56958
[16:20:54.348] [SEVERE ] setting player 1 freeze to -3043
[16:20:54.348] [SEVERE ] setting player 2 freeze to -3043
[16:20:55.251] [SEVERE ] updating countdown to 56054
[16:20:55.252] [SEVERE ] setting player 1 freeze to -3947
[16:20:55.252] [SEVERE ] setting player 2 freeze to -3947
[16:20:56.153] [SEVERE ] updating countdown to 55152
[16:20:56.154] [SEVERE ] setting player 1 freeze to -4849
[16:20:56.155] [SEVERE ] setting player 2 freeze to -4850
[16:20:57.059] [SEVERE ] updating countdown to 54246
[16:20:57.060] [SEVERE ] setting player 1 freeze to -5755
[16:20:57.060] [SEVERE ] setting player 2 freeze to -5755
[16:20:57.964] [SEVERE ] updating countdown to 53341
[16:20:57.965] [SEVERE ] setting player 1 freeze to -6660
[16:20:57.965] [SEVERE ] setting player 2 freeze to -6660
[16:20:58.868] [SEVERE ] updating countdown to 52437
[16:20:58.869] [SEVERE ] setting player 1 freeze to -7564
[16:20:58.869] [SEVERE ] setting player 2 freeze to -7564
[16:20:59.774] [SEVERE ] updating countdown to 51531
[16:20:59.775] [SEVERE ] setting player 1 freeze to -8470
[16:20:59.775] [SEVERE ] setting player 2 freeze to -8470
[16:21:00.676] [SEVERE ] updating countdown to 50629
[16:21:00.677] [SEVERE ] setting player 1 freeze to -9372
[16:21:00.677] [SEVERE ] setting player 2 freeze to -9372
[16:21:01.153] [SEVERE ] key 65 was pressed by player 1
[16:21:01.153] [SEVERE ] player 1 placing token on slot 4
[16:21:01.300] [SEVERE ] key 68 was pressed by player 1
[16:21:01.301] [SEVERE ] player 1 placing token on slot 6
[16:21:01.309] [SEVERE ] key 83 was pressed by player 1
[16:21:01.310] [SEVERE ] player 1 placing token on slot 5
[16:21:01.310] [SEVERE ] updating countdown to 49995
[16:21:01.311] [SEVERE ] setting player 1 freeze to 1000
[16:21:01.311] [SEVERE ] setting player 2 freeze to -10006
[16:21:02.216] [SEVERE ] updating countdown to 49089
[16:21:02.217] [SEVERE ] setting player 1 freeze to 94
[16:21:02.217] [SEVERE ] setting player 2 freeze to -10912
[16:21:02.499] [SEVERE ] key 83 was pressed by player 1
[16:21:03.122] [SEVERE ] updating countdown to 48183
[16:21:03.123] [SEVERE ] setting player 1 freeze to -812
[16:21:03.123] [SEVERE ] setting player 2 freeze to -11818
[16:21:03.204] [SEVERE ] key 68 was pressed by player 1
[16:21:03.205] [SEVERE ] removing player 1 token from slot 6
[16:21:03.408] [SEVERE ] key 65 was pressed by player 1
[16:21:03.408] [SEVERE ] removing player 1 token from slot 4
[16:21:03.420] [SEVERE ] key 83 was pressed by player 1
[16:21:03.421] [SEVERE ] removing player 1 token from slot 5
[16:21:04.028] [SEVERE ] updating countdown to 47277
[16:21:04.029] [SEVERE ] setting player 1 freeze to -1718
[16:21:04.029] [SEVERE ] setting player 2 freeze to -12724
[16:21:04.059] [SEVERE ] key 70 was pressed by player 1
[16:21:04.060] [SEVERE ] player 1 placing token on slot 7
[16:21:04.235] [SEVERE ] key 68 was pressed by player 1
[16:21:04.236] [SEVERE ] player 1 placing token on slot 6
[16:21:04.351] [SEVERE ] key 83 was pressed by player 1
[16:21:04.351] [SEVERE ] player 1 placing token on slot 5
[16:21:04.351] [SEVERE ] updating countdown to 46954
[16:21:04.352] [SEVERE ] setting player 1 freeze to 1000
[16:21:04.352] [SEVERE ] setting player 2 freeze to -13047
[16:21:05.252] [SEVERE ] updating countdown to 46053
[16:21:05.253] [SEVERE ] setting player 1 freeze to 99
[16:21:05.253] [SEVERE ] setting player 2 freeze to -13948
[16:21:05.272] [SEVERE ] key 70 was pressed by player 1
[16:21:05.453] [SEVERE ] key 68 was pressed by player 1
[16:21:05.459] [SEVERE ] key 83 was pressed by player 1
[16:21:06.067] [SEVERE ] key 70 was pressed by player 1
[16:21:06.157] [SEVERE ] updating countdown to 45148
[16:21:06.157] [SEVERE ] setting player 1 freeze to -805
[16:21:06.158] [SEVERE ] setting player 2 freeze to -14853
[16:21:06.287] [SEVERE ] key 68 was pressed by player 1
[16:21:06.287] [SEVERE ] removing player 1 token from slot 6
[16:21:06.291] [SEVERE ] key 83 was pressed by player 1
[16:21:06.291] [SEVERE ] removing player 1 token from slot 5
[16:21:06.980] [SEVERE ] key 68 was pressed by player 1
[16:21:06.981] [SEVERE ] player 1 placing token on slot 6
[16:21:06.991] [SEVERE ] key 83 was pressed by player 1
[16:21:06.991] [SEVERE ] player 1 placing token on slot 5
[16:21:06.992] [SEVERE ] updating countdown to 44313
[16:21:06.993] [SEVERE ] setting player 1 freeze to 999
[16:21:06.993] [SEVERE ] setting player 2 freeze to -15688
[16:21:07.124] [SEVERE ] key 70 was pressed by player 1
[16:21:07.649] [SEVERE ] key 70 was pressed by player 1
[16:21:07.685] [SEVERE ] key 83 was pressed by player 1
[16:21:07.697] [SEVERE ] key 68 was pressed by player 1
[16:21:07.899] [SEVERE ] updating countdown to 43406
[16:21:07.899] [SEVERE ] setting player 1 freeze to 93
[16:21:07.900] [SEVERE ] setting player 2 freeze to -16595
[16:21:08.216] [SEVERE ] key 70 was pressed by player 1
[16:21:08.372] [SEVERE ] key 83 was pressed by player 1
[16:21:08.408] [SEVERE ] key 68 was pressed by player 1
[16:21:08.803] [SEVERE ] updating countdown to 42502
[16:21:08.804] [SEVERE ] setting player 1 freeze to -812
[16:21:08.804] [SEVERE ] setting player 2 freeze to -17499
[16:21:08.988] [SEVERE ] key 70 was pressed by player 1
[16:21:08.988] [SEVERE ] removing player 1 token from slot 7
[16:21:09.136] [SEVERE ] key 68 was pressed by player 1
[16:21:09.136] [SEVERE ] removing player 1 token from slot 6
[16:21:09.146] [SEVERE ] key 83 was pressed by player 1
[16:21:09.147] [SEVERE ] removing player 1 token from slot 5
[16:21:09.709] [SEVERE ] updating countdown to 41596
[16:21:09.710] [SEVERE ] setting player 1 freeze to -1718
[16:21:09.710] [SEVERE ] setting player 2 freeze to -18405
[16:21:10.581] [SEVERE ] exit button pressed
[16:21:10.582] [INFO   ] thread 0player terminated.
[16:21:10.582] [INFO   ] thread 1player terminated.
[16:21:10.610] [SEVERE ] updating countdown to 40695
[16:21:10.611] [SEVERE ] updating countdown to 60000
[16:21:10.611] [SEVERE ] removing card from slot 0
[16:21:10.612] [SEVERE ] removing card from slot 1
[16:21:10.612] [SEVERE ] removing card from slot 2
[16:21:10.612] [SEVERE ] removing card from slot 3
[16:21:10.613] [SEVERE ] removing card from slot 4
[16:21:10.613] [SEVERE ] removing card from slot 5
[16:21:10.614] [SEVERE ] removing card from slot 6
[16:21:10.614] [SEVERE ] removing card from slot 7
[16:21:10.615] [SEVERE ] removing card from slot 8
[16:21:10.615] [SEVERE ] removing card from slot 9
[16:21:10.615] [SEVERE ] removing card from slot 10
[16:21:10.615] [SEVERE ] removing card from slot 11
[16:21:10.616] [SEVERE ] removing player 1 token from slot 0
[16:21:10.616] [SEVERE ] removing player 1 token from slot 1
[16:21:10.616] [SEVERE ] removing player 1 token from slot 2
[16:21:10.617] [SEVERE ] removing player 1 token from slot 3
[16:21:10.617] [SEVERE ] removing player 1 token from slot 4
[16:21:10.617] [SEVERE ] removing player 1 token from slot 5
[16:21:10.617] [SEVERE ] removing player 1 token from slot 6
[16:21:10.618] [SEVERE ] removing player 1 token from slot 7
[16:21:10.618] [SEVERE ] removing player 1 token from slot 8
[16:21:10.618] [SEVERE ] removing player 1 token from slot 9
[16:21:10.618] [SEVERE ] removing player 1 token from slot 10
[16:21:10.619] [SEVERE ] removing player 1 token from slot 11
[16:21:10.619] [SEVERE ] removing player 2 token from slot 0
[16:21:10.619] [SEVERE ] removing player 2 token from slot 1
[16:21:10.619] [SEVERE ] removing player 2 token from slot 2
[16:21:10.620] [SEVERE ] removing player 2 token from slot 3
[16:21:10.620] [SEVERE ] removing player 2 token from slot 4
[16:21:10.620] [SEVERE ] removing player 2 token from slot 5
[16:21:10.620] [SEVERE ] removing player 2 token from slot 6
[16:21:10.620] [SEVERE ] removing player 2 token from slot 7
[16:21:10.621] [SEVERE ] removing player 2 token from slot 8
[16:21:10.621] [SEVERE ] removing player 2 token from slot 9
[16:21:10.621] [SEVERE ] removing player 2 token from slot 10
[16:21:10.622] [SEVERE ] removing player 2 token from slot 11
[16:21:10.623] [SEVERE ] announcing winner(s): player 1, player 2
[16:21:10.624] [INFO   ] thread dealer terminated.
[16:21:10.624] [INFO   ] thread dealer terminated.
[16:21:10.624] [SEVERE ] thanks for playing... it was fun!
[16:21:10.625] [INFO   ] thread main terminated.
