[16:27:50.149] [INFO   ] thread main starting.
[16:27:50.155] [SEVERE ] cannot read configuration file config.properties trying from resources.
[16:27:50.157] [SEVERE ] configuration file was loaded from resources directory.
[16:27:51.275] [INFO   ] thread dealer starting.
[16:27:51.276] [INFO   ] Thread playerstarting.
[16:27:51.276] [INFO   ] Thread playerstarting.
[16:27:51.276] [INFO   ] Thread dealer starting.
[16:27:51.276] [INFO   ] Thread playerstarting.
[16:27:51.276] [INFO   ] Thread playerstarting.
[16:27:51.277] [INFO   ] Thread computer-0 starting.
[16:27:51.278] [INFO   ] Thread computer-2 starting.
[16:27:51.278] [INFO   ] Thread computer-1 starting.
[16:27:51.279] [INFO   ] Thread computer-3 starting.
[16:27:52.289] [SEVERE ] placing card 26 in slot 0
[16:27:53.279] [SEVERE ] player 3 placing token on slot 0
[16:27:53.287] [SEVERE ] player 2 placing token on slot 0
[16:27:53.290] [SEVERE ] player 1 placing token on slot 0
[16:27:53.292] [SEVERE ] removing player 3 token from slot 0
[16:27:53.293] [SEVERE ] placing card 77 in slot 1
[16:27:53.295] [SEVERE ] player 3 placing token on slot 0
[16:27:53.295] [SEVERE ] player 2 placing token on slot 1
[16:27:53.297] [SEVERE ] removing player 2 token from slot 1
[16:27:53.299] [SEVERE ] player 3 placing token on slot 1
[16:27:53.301] [SEVERE ] removing player 3 token from slot 0
[16:27:53.306] [SEVERE ] player 3 placing token on slot 0
[16:27:53.308] [SEVERE ] removing player 2 token from slot 0
[16:27:53.315] [SEVERE ] player 4 placing token on slot 1
[16:27:53.315] [SEVERE ] player 1 placing token on slot 1
[16:27:53.321] [SEVERE ] removing player 3 token from slot 0
[16:27:53.323] [SEVERE ] removing player 1 token from slot 0
[16:27:53.325] [SEVERE ] removing player 1 token from slot 1
[16:27:53.326] [SEVERE ] player 2 placing token on slot 1
[16:27:53.329] [SEVERE ] player 2 placing token on slot 0
[16:27:53.332] [SEVERE ] player 1 placing token on slot 1
[16:27:53.337] [SEVERE ] removing player 3 token from slot 1
[16:27:53.344] [SEVERE ] player 3 placing token on slot 1
[16:27:53.344] [SEVERE ] player 4 placing token on slot 0
[16:27:53.344] [SEVERE ] removing player 2 token from slot 0
[16:27:53.346] [SEVERE ] removing player 2 token from slot 1
[16:27:53.353] [SEVERE ] removing player 4 token from slot 1
[16:27:53.356] [SEVERE ] removing player 1 token from slot 1
[16:27:53.358] [SEVERE ] player 2 placing token on slot 1
[16:27:53.361] [SEVERE ] player 1 placing token on slot 1
[16:27:53.366] [SEVERE ] player 1 placing token on slot 0
[16:27:53.366] [SEVERE ] removing player 4 token from slot 0
[16:27:53.369] [SEVERE ] player 4 placing token on slot 1
[16:27:53.370] [SEVERE ] player 2 placing token on slot 0
[16:27:53.370] [SEVERE ] removing player 1 token from slot 0
[16:27:53.371] [SEVERE ] removing player 2 token from slot 1
[16:27:53.372] [SEVERE ] player 3 placing token on slot 0
[16:27:53.373] [SEVERE ] removing player 4 token from slot 1
[16:27:53.374] [SEVERE ] player 1 placing token on slot 0
[16:27:53.377] [SEVERE ] player 2 placing token on slot 1
[16:27:53.378] [SEVERE ] removing player 3 token from slot 1
[16:27:53.380] [SEVERE ] removing player 2 token from slot 1
[16:27:53.381] [SEVERE ] removing player 1 token from slot 0
[16:27:53.382] [SEVERE ] player 2 placing token on slot 1
[16:27:53.383] [SEVERE ] removing player 3 token from slot 0
[16:27:53.384] [SEVERE ] removing player 1 token from slot 1
[16:27:53.385] [SEVERE ] player 3 placing token on slot 1
[16:27:53.386] [SEVERE ] removing player 2 token from slot 0
[16:27:53.389] [SEVERE ] player 2 placing token on slot 0
[16:27:53.390] [SEVERE ] player 4 placing token on slot 0
[16:27:53.393] [SEVERE ] player 4 placing token on slot 1
[16:27:53.394] [SEVERE ] removing player 2 token from slot 1
[16:27:53.394] [SEVERE ] player 1 placing token on slot 0
[16:27:53.396] [SEVERE ] removing player 3 token from slot 1
[16:27:53.396] [SEVERE ] removing player 4 token from slot 0
[16:27:53.397] [SEVERE ] player 2 placing token on slot 1
[16:27:53.398] [SEVERE ] removing player 1 token from slot 0
[16:27:53.399] [SEVERE ] removing player 2 token from slot 1
[16:27:53.402] [SEVERE ] player 2 placing token on slot 1
[16:27:53.408] [SEVERE ] player 1 placing token on slot 1
[16:27:53.409] [SEVERE ] player 4 placing token on slot 0
[16:27:53.414] [SEVERE ] player 3 placing token on slot 1
[16:27:53.416] [SEVERE ] removing player 3 token from slot 1
[16:27:53.417] [SEVERE ] removing player 2 token from slot 0
[16:27:53.420] [SEVERE ] player 2 placing token on slot 0
[16:27:53.420] [SEVERE ] removing player 4 token from slot 1
[16:27:53.421] [SEVERE ] player 3 placing token on slot 0
[16:27:53.423] [SEVERE ] removing player 2 token from slot 0
[16:27:53.424] [SEVERE ] player 2 placing token on slot 0
[16:27:53.426] [SEVERE ] removing player 2 token from slot 1
[16:27:53.430] [SEVERE ] player 3 placing token on slot 1
[16:27:53.435] [SEVERE ] removing player 4 token from slot 0
[16:27:53.436] [SEVERE ] player 1 placing token on slot 0
[16:27:53.437] [SEVERE ] removing player 2 token from slot 0
[16:27:53.438] [SEVERE ] player 4 placing token on slot 0
[16:27:53.438] [SEVERE ] removing player 1 token from slot 1
[16:27:53.440] [SEVERE ] removing player 3 token from slot 1
[16:27:53.441] [SEVERE ] player 1 placing token on slot 1
[16:27:53.445] [SEVERE ] removing player 4 token from slot 0
[16:27:53.448] [SEVERE ] player 2 placing token on slot 0
[16:27:53.448] [SEVERE ] player 4 placing token on slot 0
[16:27:53.450] [SEVERE ] removing player 4 token from slot 0
[16:27:53.450] [SEVERE ] removing player 2 token from slot 0
[16:27:53.453] [SEVERE ] removing player 3 token from slot 0
[16:27:53.457] [SEVERE ] player 3 placing token on slot 1
[16:27:53.463] [SEVERE ] player 4 placing token on slot 0
[16:27:53.464] [SEVERE ] removing player 4 token from slot 0
[16:27:53.465] [SEVERE ] player 2 placing token on slot 1
[16:27:53.466] [SEVERE ] removing player 3 token from slot 1
[16:27:53.468] [SEVERE ] removing player 2 token from slot 1
[16:27:53.469] [SEVERE ] player 4 placing token on slot 1
[16:27:53.470] [SEVERE ] removing player 4 token from slot 1
[16:27:53.474] [SEVERE ] player 2 placing token on slot 0
[16:27:53.478] [SEVERE ] player 3 placing token on slot 1
[16:27:53.482] [SEVERE ] removing player 3 token from slot 1
[16:27:53.483] [SEVERE ] removing player 1 token from slot 0
[16:27:53.484] [SEVERE ] player 1 placing token on slot 0
[16:27:53.489] [SEVERE ] player 4 placing token on slot 1
[16:27:53.489] [SEVERE ] player 3 placing token on slot 0
[16:27:53.491] [SEVERE ] player 3 placing token on slot 1
[16:27:53.492] [SEVERE ] removing player 4 token from slot 1
[16:27:53.493] [SEVERE ] removing player 2 token from slot 0
[16:27:53.495] [SEVERE ] removing player 3 token from slot 1
[16:27:53.498] [SEVERE ] removing player 3 token from slot 0
[16:27:53.498] [SEVERE ] removing player 1 token from slot 0
[16:27:53.501] [SEVERE ] player 2 placing token on slot 1
[16:27:53.504] [SEVERE ] player 2 placing token on slot 0
[16:27:53.505] [SEVERE ] player 3 placing token on slot 1
[16:27:53.507] [SEVERE ] player 3 placing token on slot 0
[16:27:53.507] [SEVERE ] removing player 2 token from slot 1
[16:27:53.508] [SEVERE ] player 2 placing token on slot 1
[16:27:53.510] [SEVERE ] removing player 2 token from slot 1
[16:27:53.514] [SEVERE ] removing player 1 token from slot 1
[16:27:53.517] [SEVERE ] player 1 placing token on slot 1
[16:27:53.518] [SEVERE ] removing player 3 token from slot 1
[16:27:53.522] [SEVERE ] player 2 placing token on slot 1
[16:27:53.526] [SEVERE ] removing player 3 token from slot 0
[16:27:53.527] [SEVERE ] player 4 placing token on slot 1
[16:27:53.528] [SEVERE ] player 3 placing token on slot 0
[16:27:53.533] [SEVERE ] removing player 1 token from slot 1
[16:27:53.534] [SEVERE ] removing player 2 token from slot 0
[16:27:53.534] [SEVERE ] removing player 3 token from slot 0
[16:27:53.536] [SEVERE ] player 1 placing token on slot 0
[16:27:53.537] [SEVERE ] player 3 placing token on slot 0
[16:27:53.539] [SEVERE ] player 3 placing token on slot 1
[16:27:53.541] [SEVERE ] removing player 1 token from slot 0
[16:27:53.546] [SEVERE ] player 1 placing token on slot 1
[16:27:53.547] [SEVERE ] player 1 placing token on slot 0
[16:27:53.551] [SEVERE ] removing player 2 token from slot 1
[16:27:53.554] [SEVERE ] player 2 placing token on slot 1
[16:27:53.558] [SEVERE ] removing player 4 token from slot 1
[16:27:53.560] [SEVERE ] removing player 1 token from slot 1
[16:27:53.561] [SEVERE ] player 4 placing token on slot 1
[16:27:53.563] [SEVERE ] removing player 3 token from slot 1
[16:27:53.565] [SEVERE ] removing player 4 token from slot 1
[16:27:53.569] [SEVERE ] player 3 placing token on slot 1
[16:27:53.569] [SEVERE ] player 4 placing token on slot 1
[16:27:53.569] [SEVERE ] removing player 1 token from slot 0
[16:27:53.571] [SEVERE ] player 1 placing token on slot 1
[16:27:53.572] [SEVERE ] removing player 3 token from slot 1
[16:27:53.572] [SEVERE ] removing player 4 token from slot 1
[16:27:53.573] [SEVERE ] player 1 placing token on slot 0
[16:27:53.576] [SEVERE ] player 4 placing token on slot 0
[16:27:53.584] [SEVERE ] player 4 placing token on slot 1
[16:27:53.585] [SEVERE ] player 3 placing token on slot 1
[16:27:53.586] [SEVERE ] removing player 4 token from slot 1
[16:27:53.587] [SEVERE ] removing player 2 token from slot 1
[16:27:53.587] [SEVERE ] removing player 3 token from slot 0
[16:27:53.589] [SEVERE ] player 3 placing token on slot 0
[16:27:53.592] [SEVERE ] removing player 4 token from slot 0
[16:27:53.593] [SEVERE ] player 4 placing token on slot 0
[16:27:53.594] [SEVERE ] removing player 1 token from slot 1
[16:27:53.596] [SEVERE ] player 2 placing token on slot 0
[16:27:53.603] [SEVERE ] player 1 placing token on slot 1
[16:27:53.605] [SEVERE ] removing player 3 token from slot 1
[16:27:53.607] [SEVERE ] player 2 placing token on slot 1
[16:27:53.608] [SEVERE ] removing player 3 token from slot 0
[16:27:53.614] [SEVERE ] removing player 2 token from slot 1
[16:27:53.615] [SEVERE ] player 4 placing token on slot 1
[16:27:53.616] [SEVERE ] player 3 placing token on slot 1
[16:27:53.617] [SEVERE ] removing player 1 token from slot 1
[16:27:53.622] [SEVERE ] removing player 4 token from slot 1
[16:27:53.624] [SEVERE ] player 4 placing token on slot 1
[16:27:53.625] [SEVERE ] player 2 placing token on slot 1
[16:27:53.631] [SEVERE ] removing player 1 token from slot 0
[16:27:53.631] [SEVERE ] player 3 placing token on slot 0
[16:27:53.636] [SEVERE ] removing player 2 token from slot 0
[16:27:53.636] [SEVERE ] removing player 3 token from slot 0
[16:27:53.637] [SEVERE ] removing player 2 token from slot 1
[16:27:53.642] [SEVERE ] player 3 placing token on slot 0
[16:27:53.644] [SEVERE ] player 2 placing token on slot 1
[16:27:53.650] [SEVERE ] removing player 3 token from slot 0
[16:27:53.653] [SEVERE ] player 2 placing token on slot 0
[16:27:53.654] [SEVERE ] player 1 placing token on slot 0
[16:27:53.658] [SEVERE ] removing player 1 token from slot 0
[16:27:53.660] [SEVERE ] removing player 2 token from slot 0
[16:27:53.661] [SEVERE ] removing player 3 token from slot 1
[16:27:53.662] [SEVERE ] player 1 placing token on slot 0
[16:27:53.672] [SEVERE ] player 3 placing token on slot 1
[16:27:53.674] [SEVERE ] player 3 placing token on slot 0
[16:27:53.682] [SEVERE ] removing player 3 token from slot 1
[16:27:53.684] [SEVERE ] removing player 2 token from slot 1
[16:27:53.685] [SEVERE ] removing player 1 token from slot 0
[16:27:53.685] [SEVERE ] player 3 placing token on slot 1
[16:27:53.688] [SEVERE ] removing player 4 token from slot 1
[16:27:53.689] [SEVERE ] player 1 placing token on slot 0
[16:27:53.690] [SEVERE ] player 4 placing token on slot 1
[16:27:53.692] [SEVERE ] removing player 3 token from slot 1
[16:27:53.694] [SEVERE ] player 2 placing token on slot 0
[16:27:53.696] [SEVERE ] removing player 4 token from slot 1
[16:27:53.697] [SEVERE ] player 2 placing token on slot 1
[16:27:53.699] [SEVERE ] removing player 3 token from slot 0
[16:27:53.702] [SEVERE ] player 3 placing token on slot 1
[16:27:53.704] [SEVERE ] removing player 4 token from slot 0
[16:27:53.705] [SEVERE ] removing player 1 token from slot 0
[16:27:53.708] [SEVERE ] removing player 3 token from slot 1
[16:27:53.709] [SEVERE ] removing player 2 token from slot 1
[16:27:53.713] [SEVERE ] removing player 2 token from slot 0
[16:27:53.716] [SEVERE ] player 2 placing token on slot 0
[16:27:53.721] [SEVERE ] player 3 placing token on slot 1
[16:27:53.721] [SEVERE ] player 4 placing token on slot 1
[16:27:53.724] [SEVERE ] player 3 placing token on slot 0
[16:27:53.725] [SEVERE ] removing player 2 token from slot 0
[16:27:53.727] [SEVERE ] player 2 placing token on slot 0
[16:27:53.728] [SEVERE ] removing player 4 token from slot 1
[16:27:53.730] [SEVERE ] removing player 3 token from slot 1
[16:27:53.730] [SEVERE ] player 4 placing token on slot 1
[16:27:53.732] [SEVERE ] player 1 placing token on slot 1
[16:27:53.733] [SEVERE ] player 4 placing token on slot 0
[16:27:53.734] [SEVERE ] player 3 placing token on slot 1
[16:27:53.740] [SEVERE ] removing player 2 token from slot 0
[16:27:53.746] [SEVERE ] player 2 placing token on slot 0
[16:27:53.747] [SEVERE ] removing player 3 token from slot 0
[16:27:53.752] [SEVERE ] removing player 4 token from slot 1
[16:27:53.752] [SEVERE ] removing player 3 token from slot 1
[16:27:53.753] [SEVERE ] removing player 1 token from slot 1
[16:27:53.758] [SEVERE ] player 2 placing token on slot 1
[16:27:53.759] [SEVERE ] removing player 4 token from slot 0
[16:27:53.762] [SEVERE ] player 4 placing token on slot 1
[16:27:53.763] [SEVERE ] player 3 placing token on slot 0
[16:27:53.764] [SEVERE ] player 1 placing token on slot 0
[16:27:53.766] [SEVERE ] player 4 placing token on slot 0
[16:27:53.767] [SEVERE ] removing player 4 token from slot 1
[16:27:53.774] [SEVERE ] player 4 placing token on slot 1
[16:27:53.777] [SEVERE ] removing player 3 token from slot 0
[16:27:53.779] [SEVERE ] player 3 placing token on slot 1
[16:27:53.779] [SEVERE ] removing player 4 token from slot 1
[16:27:53.785] [SEVERE ] removing player 3 token from slot 1
[16:27:53.787] [SEVERE ] removing player 2 token from slot 1
[16:27:53.787] [SEVERE ] removing player 4 token from slot 0
[16:27:53.789] [SEVERE ] player 1 placing token on slot 1
[16:27:53.790] [SEVERE ] player 3 placing token on slot 1
[16:27:53.792] [SEVERE ] player 2 placing token on slot 1
[16:27:53.794] [SEVERE ] player 4 placing token on slot 1
[16:27:53.799] [SEVERE ] removing player 2 token from slot 1
[16:27:53.800] [SEVERE ] removing player 4 token from slot 1
[16:27:53.802] [SEVERE ] player 3 placing token on slot 0
[16:27:53.804] [SEVERE ] player 4 placing token on slot 0
[16:27:53.805] [SEVERE ] player 2 placing token on slot 1
[16:27:53.806] [SEVERE ] removing player 1 token from slot 1
[16:27:53.810] [SEVERE ] removing player 3 token from slot 0
[16:27:53.812] [SEVERE ] removing player 3 token from slot 1
[16:27:53.812] [SEVERE ] removing player 4 token from slot 0
[16:27:53.814] [SEVERE ] removing player 2 token from slot 0
[16:27:53.815] [SEVERE ] player 4 placing token on slot 1
[16:27:53.817] [SEVERE ] player 3 placing token on slot 1
[16:27:53.820] [SEVERE ] removing player 3 token from slot 1
[16:27:53.820] [SEVERE ] player 2 placing token on slot 0
[16:27:53.824] [SEVERE ] player 4 placing token on slot 0
[16:27:53.825] [SEVERE ] removing player 1 token from slot 0
[16:27:53.827] [SEVERE ] removing player 4 token from slot 1
[16:27:53.830] [SEVERE ] removing player 2 token from slot 1
[16:27:53.832] [SEVERE ] player 3 placing token on slot 1
[16:27:53.834] [SEVERE ] player 1 placing token on slot 1
[16:27:53.837] [SEVERE ] removing player 4 token from slot 0
[16:27:53.838] [SEVERE ] player 1 placing token on slot 0
[16:27:53.841] [SEVERE ] removing player 3 token from slot 1
[16:27:53.843] [SEVERE ] removing player 1 token from slot 0
[16:27:53.844] [SEVERE ] player 4 placing token on slot 1
[16:27:53.845] [SEVERE ] player 3 placing token on slot 0
[16:27:53.848] [SEVERE ] player 2 placing token on slot 1
[16:27:53.852] [SEVERE ] removing player 2 token from slot 1
[16:27:53.859] [SEVERE ] player 1 placing token on slot 0
[16:27:53.859] [SEVERE ] player 4 placing token on slot 0
[16:27:53.860] [SEVERE ] player 3 placing token on slot 1
[16:27:53.862] [SEVERE ] removing player 3 token from slot 0
[16:27:53.862] [SEVERE ] removing player 4 token from slot 0
[16:27:53.863] [SEVERE ] player 2 placing token on slot 1
[16:27:53.876] [SEVERE ] removing player 2 token from slot 1
[16:27:53.881] [SEVERE ] removing player 1 token from slot 0
[16:27:53.884] [SEVERE ] removing player 3 token from slot 1
[16:27:53.886] [SEVERE ] player 4 placing token on slot 0
[16:27:53.886] [SEVERE ] player 3 placing token on slot 0
[16:27:53.890] [SEVERE ] removing player 2 token from slot 0
[16:27:53.894] [SEVERE ] removing player 4 token from slot 0
[16:27:53.897] [SEVERE ] player 1 placing token on slot 0
[16:27:53.900] [SEVERE ] removing player 1 token from slot 0
[16:27:53.902] [SEVERE ] removing player 1 token from slot 1
[16:27:53.905] [SEVERE ] player 3 placing token on slot 1
[16:27:53.906] [SEVERE ] player 4 placing token on slot 0
[16:27:53.908] [SEVERE ] removing player 3 token from slot 0
[16:27:53.910] [SEVERE ] player 2 placing token on slot 0
[16:27:53.914] [SEVERE ] player 2 placing token on slot 1
[16:27:53.920] [SEVERE ] removing player 2 token from slot 0
[16:27:53.921] [SEVERE ] removing player 2 token from slot 1
[16:27:53.922] [SEVERE ] player 1 placing token on slot 1
[16:27:53.922] [SEVERE ] removing player 3 token from slot 1
[16:27:53.923] [SEVERE ] player 2 placing token on slot 0
[16:27:53.924] [SEVERE ] player 3 placing token on slot 0
[16:27:53.925] [SEVERE ] removing player 3 token from slot 0
[16:27:53.927] [SEVERE ] removing player 2 token from slot 0
[16:27:53.928] [SEVERE ] removing player 4 token from slot 1
[16:27:53.929] [SEVERE ] player 3 placing token on slot 0
[16:27:53.930] [SEVERE ] player 2 placing token on slot 0
[16:27:53.932] [SEVERE ] removing player 1 token from slot 1
[16:27:53.933] [SEVERE ] removing player 2 token from slot 0
[16:27:53.933] [SEVERE ] removing player 3 token from slot 0
[16:27:53.940] [SEVERE ] player 4 placing token on slot 1
[16:27:53.941] [SEVERE ] player 1 placing token on slot 0
[16:27:53.944] [SEVERE ] removing player 1 token from slot 0
[16:27:53.945] [SEVERE ] player 2 placing token on slot 0
[16:27:53.947] [SEVERE ] player 2 placing token on slot 1
[16:27:53.947] [SEVERE ] player 1 placing token on slot 0
[16:27:53.950] [SEVERE ] player 1 placing token on slot 1
[16:27:53.953] [SEVERE ] removing player 1 token from slot 1
[16:27:53.955] [SEVERE ] player 1 placing token on slot 1
[16:27:53.956] [SEVERE ] player 3 placing token on slot 0
[16:27:53.960] [SEVERE ] removing player 2 token from slot 0
[16:27:53.962] [SEVERE ] removing player 4 token from slot 1
[16:27:53.966] [SEVERE ] removing player 1 token from slot 1
[16:27:53.966] [SEVERE ] removing player 2 token from slot 1
[16:27:53.969] [SEVERE ] player 2 placing token on slot 1
[16:27:53.969] [SEVERE ] player 4 placing token on slot 1
[16:27:53.970] [SEVERE ] removing player 4 token from slot 1
[16:27:53.971] [SEVERE ] player 1 placing token on slot 1
[16:27:53.973] [SEVERE ] player 4 placing token on slot 1
[16:27:53.975] [SEVERE ] removing player 4 token from slot 0
[16:27:53.976] [SEVERE ] removing player 1 token from slot 1
[16:27:53.976] [SEVERE ] player 2 placing token on slot 0
[16:27:53.977] [SEVERE ] player 4 placing token on slot 0
[16:27:53.979] [SEVERE ] player 3 placing token on slot 1
[16:27:53.983] [SEVERE ] removing player 2 token from slot 0
[16:27:53.988] [SEVERE ] removing player 3 token from slot 1
[16:27:53.991] [SEVERE ] player 3 placing token on slot 1
[16:27:53.992] [SEVERE ] player 1 placing token on slot 1
[16:27:53.993] [SEVERE ] removing player 2 token from slot 1
[16:27:53.994] [SEVERE ] removing player 1 token from slot 0
[16:27:53.996] [SEVERE ] removing player 3 token from slot 0
[16:27:53.996] [SEVERE ] removing player 1 token from slot 1
[16:27:54.000] [SEVERE ] player 1 placing token on slot 0
[16:27:54.002] [SEVERE ] player 2 placing token on slot 1
[16:27:54.004] [SEVERE ] removing player 1 token from slot 0
[16:27:54.004] [SEVERE ] removing player 2 token from slot 1
[16:27:54.006] [SEVERE ] removing player 4 token from slot 1
[16:27:54.010] [SEVERE ] player 2 placing token on slot 1
[16:27:54.010] [SEVERE ] player 1 placing token on slot 1
[16:27:54.012] [SEVERE ] removing player 3 token from slot 1
[16:27:54.016] [SEVERE ] player 1 placing token on slot 0
[16:27:54.018] [SEVERE ] player 3 placing token on slot 1
[16:27:54.020] [SEVERE ] removing player 1 token from slot 0
[16:27:54.020] [SEVERE ] player 4 placing token on slot 1
[16:27:54.025] [SEVERE ] removing player 3 token from slot 1
[16:27:54.030] [SEVERE ] player 1 placing token on slot 0
[16:27:54.030] [SEVERE ] player 3 placing token on slot 0
[16:27:54.031] [SEVERE ] removing player 4 token from slot 0
[16:27:54.032] [SEVERE ] removing player 1 token from slot 1
[16:27:54.032] [SEVERE ] removing player 3 token from slot 0
[16:27:54.033] [SEVERE ] player 1 placing token on slot 1
[16:27:54.038] [SEVERE ] removing player 1 token from slot 1
[16:27:54.039] [SEVERE ] removing player 1 token from slot 0
[16:27:54.044] [SEVERE ] player 4 placing token on slot 0
[16:27:54.045] [SEVERE ] removing player 4 token from slot 0
[16:27:54.050] [SEVERE ] player 1 placing token on slot 0
[16:27:54.052] [SEVERE ] removing player 2 token from slot 1
[16:27:54.053] [SEVERE ] player 2 placing token on slot 1
[16:27:54.057] [SEVERE ] removing player 1 token from slot 0
[16:27:54.059] [SEVERE ] player 1 placing token on slot 0
[16:27:54.062] [SEVERE ] player 3 placing token on slot 0
[16:27:54.062] [SEVERE ] removing player 4 token from slot 1
[16:27:54.068] [SEVERE ] removing player 3 token from slot 0
[16:27:54.072] [SEVERE ] player 3 placing token on slot 0
[16:27:54.074] [SEVERE ] removing player 1 token from slot 0
[16:27:54.076] [SEVERE ] player 4 placing token on slot 1
[16:27:54.079] [SEVERE ] player 2 placing token on slot 0
[16:27:54.080] [SEVERE ] removing player 3 token from slot 0
[16:27:54.082] [SEVERE ] player 3 placing token on slot 1
[16:27:54.083] [SEVERE ] removing player 3 token from slot 1
[16:27:54.084] [SEVERE ] player 3 placing token on slot 1
[16:27:54.087] [SEVERE ] player 4 placing token on slot 0
[16:27:54.088] [SEVERE ] removing player 3 token from slot 1
[16:27:54.093] [SEVERE ] removing player 4 token from slot 0
[16:27:54.098] [SEVERE ] player 1 placing token on slot 1
[16:27:54.100] [SEVERE ] removing player 2 token from slot 0
[16:27:54.100] [SEVERE ] player 3 placing token on slot 1
[16:27:54.101] [SEVERE ] removing player 1 token from slot 1
[16:27:54.101] [SEVERE ] player 3 placing token on slot 0
[16:27:54.102] [SEVERE ] removing player 4 token from slot 1
[16:27:54.103] [SEVERE ] player 2 placing token on slot 0
[16:27:54.103] [SEVERE ] removing player 3 token from slot 1
[16:27:54.104] [SEVERE ] player 3 placing token on slot 1
[16:27:54.112] [SEVERE ] removing player 2 token from slot 1
[16:27:54.113] [SEVERE ] removing player 3 token from slot 1
[16:27:54.114] [SEVERE ] removing player 2 token from slot 0
[16:27:54.115] [SEVERE ] player 1 placing token on slot 0
[16:27:54.118] [SEVERE ] removing player 1 token from slot 0
[16:27:54.118] [SEVERE ] removing player 3 token from slot 0
[16:27:54.123] [SEVERE ] player 3 placing token on slot 1
[16:27:54.125] [SEVERE ] player 1 placing token on slot 1
[16:27:54.129] [SEVERE ] player 4 placing token on slot 0
[16:27:54.131] [SEVERE ] player 4 placing token on slot 1
[16:27:54.139] [SEVERE ] removing player 1 token from slot 1
[16:27:54.140] [SEVERE ] player 2 placing token on slot 1
[16:27:54.140] [SEVERE ] player 1 placing token on slot 1
[16:27:54.141] [SEVERE ] player 2 placing token on slot 0
[16:27:54.143] [SEVERE ] player 1 placing token on slot 0
[16:27:54.154] [SEVERE ] player 3 placing token on slot 0
[16:27:54.157] [SEVERE ] removing player 3 token from slot 0
[16:27:54.158] [SEVERE ] removing player 2 token from slot 0
[16:27:54.162] [SEVERE ] player 3 placing token on slot 0
[16:27:54.166] [SEVERE ] removing player 3 token from slot 1
[16:27:54.168] [SEVERE ] removing player 4 token from slot 0
[16:27:54.169] [SEVERE ] removing player 1 token from slot 0
[16:27:54.169] [SEVERE ] removing player 4 token from slot 1
[16:27:54.173] [SEVERE ] removing player 1 token from slot 1
[16:27:54.174] [SEVERE ] player 1 placing token on slot 0
[16:27:54.174] [SEVERE ] player 4 placing token on slot 0
[16:27:54.176] [SEVERE ] removing player 3 token from slot 0
[16:27:54.176] [SEVERE ] removing player 1 token from slot 0
[16:27:54.176] [SEVERE ] removing player 4 token from slot 0
[16:27:54.177] [SEVERE ] removing player 2 token from slot 1
[16:27:54.178] [SEVERE ] player 3 placing token on slot 1
[16:27:54.179] [SEVERE ] player 4 placing token on slot 0
[16:27:54.180] [SEVERE ] player 2 placing token on slot 1
[16:27:54.181] [SEVERE ] removing player 2 token from slot 1
[16:27:54.184] [SEVERE ] removing player 3 token from slot 1
[16:27:54.188] [SEVERE ] player 4 placing token on slot 1
[16:27:54.198] [SEVERE ] removing player 4 token from slot 1
[16:27:54.199] [SEVERE ] player 1 placing token on slot 1
[16:27:54.200] [SEVERE ] player 3 placing token on slot 0
[16:27:54.210] [SEVERE ] player 2 placing token on slot 1
[16:27:54.211] [SEVERE ] removing player 4 token from slot 0
[16:27:54.213] [SEVERE ] removing player 1 token from slot 1
[16:27:54.214] [SEVERE ] player 3 placing token on slot 1
[16:27:54.216] [SEVERE ] removing player 3 token from slot 1
[16:27:54.219] [SEVERE ] player 1 placing token on slot 0
[16:27:54.219] [SEVERE ] player 4 placing token on slot 1
[16:27:54.221] [SEVERE ] player 2 placing token on slot 0
[16:27:54.224] [SEVERE ] removing player 3 token from slot 0
[16:27:54.228] [SEVERE ] removing player 2 token from slot 1
[16:27:54.229] [SEVERE ] player 3 placing token on slot 1
[16:27:54.232] [SEVERE ] removing player 3 token from slot 1
[16:27:54.234] [SEVERE ] player 3 placing token on slot 0
[16:27:54.235] [SEVERE ] removing player 4 token from slot 1
[16:27:54.237] [SEVERE ] removing player 3 token from slot 0
[16:27:54.238] [SEVERE ] removing player 2 token from slot 0
[16:27:54.238] [SEVERE ] player 4 placing token on slot 0
[16:27:54.241] [SEVERE ] player 3 placing token on slot 0
[16:27:54.242] [SEVERE ] player 2 placing token on slot 0
[16:27:54.242] [SEVERE ] player 4 placing token on slot 1
[16:27:54.245] [SEVERE ] removing player 4 token from slot 0
[16:27:54.248] [SEVERE ] removing player 2 token from slot 0
[16:27:54.253] [SEVERE ] removing player 3 token from slot 0
[16:27:54.253] [SEVERE ] player 2 placing token on slot 1
[16:27:54.254] [SEVERE ] player 3 placing token on slot 1
[16:27:54.256] [SEVERE ] player 3 placing token on slot 0
[16:27:54.257] [SEVERE ] removing player 3 token from slot 0
[16:27:54.259] [SEVERE ] removing player 1 token from slot 0
[16:27:54.259] [SEVERE ] removing player 4 token from slot 1
[16:27:54.263] [SEVERE ] player 1 placing token on slot 0
[16:27:54.265] [SEVERE ] player 3 placing token on slot 0
[16:27:54.268] [SEVERE ] player 4 placing token on slot 0
[16:27:54.268] [SEVERE ] removing player 3 token from slot 0
[16:27:54.270] [SEVERE ] player 1 placing token on slot 1
[16:27:54.271] [SEVERE ] removing player 3 token from slot 1
[16:27:54.272] [SEVERE ] removing player 4 token from slot 0
[16:27:54.274] [SEVERE ] player 3 placing token on slot 0
[16:27:54.275] [SEVERE ] removing player 3 token from slot 0
[16:27:54.275] [SEVERE ] removing player 2 token from slot 1
[16:27:54.276] [SEVERE ] player 4 placing token on slot 0
[16:27:54.277] [SEVERE ] removing player 1 token from slot 0
[16:27:54.279] [SEVERE ] player 2 placing token on slot 1
[16:27:54.284] [SEVERE ] removing player 2 token from slot 1
[16:27:54.289] [SEVERE ] player 3 placing token on slot 1
[16:27:54.291] [SEVERE ] player 3 placing token on slot 0
[16:27:54.292] [SEVERE ] player 2 placing token on slot 1
[16:27:54.292] [SEVERE ] player 4 placing token on slot 1
[16:27:54.298] [SEVERE ] removing player 2 token from slot 1
[16:27:54.298] [SEVERE ] placing card 9 in slot 2
[16:27:54.299] [SEVERE ] removing player 3 token from slot 0
[16:27:54.302] [SEVERE ] removing player 1 token from slot 1
[16:27:54.303] [SEVERE ] player 4 placing token on slot 2
[16:27:54.305] [SEVERE ] player 2 placing token on slot 2
[16:27:54.306] [SEVERE ] player 1 placing token on slot 2
[16:27:54.308] [SEVERE ] player 3 placing token on slot 0
[16:27:54.309] [SEVERE ] player 1 placing token on slot 1
[16:27:54.313] [SEVERE ] removing player 3 token from slot 0
[16:27:54.313] [SEVERE ] player 2 placing token on slot 1
[16:27:54.322] [SEVERE ] removing player 1 token from slot 2
[16:27:54.324] [SEVERE ] removing player 2 token from slot 1
[16:27:54.325] [SEVERE ] removing player 1 token from slot 1
[16:27:54.326] [SEVERE ] player 3 placing token on slot 0
[16:27:54.327] [SEVERE ] removing player 2 token from slot 2
[16:27:54.328] [SEVERE ] removing player 3 token from slot 1
[16:27:54.329] [SEVERE ] removing player 3 token from slot 0
[16:27:54.332] [SEVERE ] player 2 placing token on slot 2
[16:27:54.334] [SEVERE ] removing player 2 token from slot 2
[16:27:54.337] [SEVERE ] player 1 placing token on slot 2
[16:27:54.338] [SEVERE ] player 3 placing token on slot 1
[16:27:54.339] [SEVERE ] player 2 placing token on slot 1
[16:27:54.342] [SEVERE ] removing player 3 token from slot 1
[16:27:54.343] [SEVERE ] player 1 placing token on slot 0
[16:27:54.348] [SEVERE ] player 2 placing token on slot 0
[16:27:54.348] [SEVERE ] player 3 placing token on slot 1
[16:27:54.352] [SEVERE ] player 3 placing token on slot 0
[16:27:54.353] [SEVERE ] removing player 1 token from slot 0
[16:27:54.353] [SEVERE ] player 2 placing token on slot 2
[16:27:54.354] [SEVERE ] removing player 3 token from slot 0
[16:27:54.356] [SEVERE ] removing player 1 token from slot 2
[16:27:54.361] [SEVERE ] player 1 placing token on slot 2
[16:27:54.362] [SEVERE ] removing player 1 token from slot 2
[16:27:54.363] [SEVERE ] player 3 placing token on slot 0
[16:27:54.364] [SEVERE ] removing player 3 token from slot 1
[16:27:54.370] [SEVERE ] player 1 placing token on slot 0
[16:27:54.374] [SEVERE ] player 1 placing token on slot 1
[16:27:54.377] [SEVERE ] player 3 placing token on slot 2
[16:27:54.386] [SEVERE ] player 1 placing token on slot 2
[16:27:54.388] [SEVERE ] player 3 placing token on slot 1
[16:27:55.303] [SEVERE ] placing card 71 in slot 3
[16:27:56.308] [SEVERE ] placing card 69 in slot 4
[16:27:57.313] [SEVERE ] placing card 70 in slot 5
[16:27:58.317] [SEVERE ] placing card 33 in slot 6
[16:27:59.322] [SEVERE ] placing card 30 in slot 7
[16:28:00.326] [SEVERE ] placing card 41 in slot 8
[16:28:01.329] [SEVERE ] placing card 11 in slot 9
[16:28:01.947] [SEVERE ] exit button pressed
[16:28:02.332] [SEVERE ] placing card 68 in slot 10
[16:28:03.337] [SEVERE ] placing card 55 in slot 11
[16:28:03.338] [SEVERE ] updating countdown to 10000
[16:28:03.338] [SEVERE ] removing card from slot 0
[16:28:03.339] [SEVERE ] removing card from slot 1
[16:28:03.339] [SEVERE ] removing card from slot 2
[16:28:03.339] [SEVERE ] removing card from slot 3
[16:28:03.339] [SEVERE ] removing card from slot 4
[16:28:03.339] [SEVERE ] removing card from slot 5
[16:28:03.339] [SEVERE ] removing card from slot 6
[16:28:03.340] [SEVERE ] removing card from slot 7
[16:28:03.340] [SEVERE ] removing card from slot 8
[16:28:03.340] [SEVERE ] removing card from slot 9
[16:28:03.340] [SEVERE ] removing card from slot 10
[16:28:03.340] [SEVERE ] removing card from slot 11
[16:28:03.341] [SEVERE ] removing player 1 token from slot 0
[16:28:03.341] [SEVERE ] removing player 1 token from slot 1
[16:28:03.341] [SEVERE ] removing player 1 token from slot 2
[16:28:03.341] [SEVERE ] removing player 1 token from slot 3
[16:28:03.341] [SEVERE ] removing player 1 token from slot 4
[16:28:03.342] [SEVERE ] removing player 1 token from slot 5
[16:28:03.342] [SEVERE ] removing player 1 token from slot 6
[16:28:03.342] [SEVERE ] removing player 1 token from slot 7
[16:28:03.343] [SEVERE ] removing player 1 token from slot 8
[16:28:03.343] [SEVERE ] removing player 1 token from slot 9
[16:28:03.343] [SEVERE ] removing player 1 token from slot 10
[16:28:03.343] [SEVERE ] removing player 1 token from slot 11
[16:28:03.343] [SEVERE ] removing player 2 token from slot 0
[16:28:03.344] [SEVERE ] removing player 2 token from slot 1
[16:28:03.344] [SEVERE ] removing player 2 token from slot 2
[16:28:03.344] [SEVERE ] removing player 2 token from slot 3
[16:28:03.344] [SEVERE ] removing player 2 token from slot 4
[16:28:03.344] [SEVERE ] removing player 2 token from slot 5
[16:28:03.344] [SEVERE ] removing player 2 token from slot 6
[16:28:03.345] [SEVERE ] removing player 2 token from slot 7
[16:28:03.345] [SEVERE ] removing player 2 token from slot 8
[16:28:03.345] [SEVERE ] removing player 2 token from slot 9
[16:28:03.345] [SEVERE ] removing player 2 token from slot 10
[16:28:03.345] [SEVERE ] removing player 2 token from slot 11
[16:28:03.345] [SEVERE ] removing player 3 token from slot 0
[16:28:03.345] [SEVERE ] removing player 3 token from slot 1
[16:28:03.346] [SEVERE ] removing player 3 token from slot 2
[16:28:03.346] [SEVERE ] removing player 3 token from slot 3
[16:28:03.346] [SEVERE ] removing player 3 token from slot 4
[16:28:03.346] [SEVERE ] removing player 3 token from slot 5
[16:28:03.346] [SEVERE ] removing player 3 token from slot 6
[16:28:03.346] [SEVERE ] removing player 3 token from slot 7
[16:28:03.346] [SEVERE ] removing player 3 token from slot 8
[16:28:03.347] [SEVERE ] removing player 3 token from slot 9
[16:28:03.347] [SEVERE ] removing player 3 token from slot 10
[16:28:03.347] [SEVERE ] removing player 3 token from slot 11
[16:28:03.347] [SEVERE ] removing player 4 token from slot 0
[16:28:03.347] [SEVERE ] removing player 4 token from slot 1
[16:28:03.347] [SEVERE ] removing player 4 token from slot 2
[16:28:03.347] [SEVERE ] removing player 4 token from slot 3
[16:28:03.347] [SEVERE ] removing player 4 token from slot 4
[16:28:03.347] [SEVERE ] removing player 4 token from slot 5
[16:28:03.348] [SEVERE ] removing player 4 token from slot 6
[16:28:03.348] [SEVERE ] removing player 4 token from slot 7
[16:28:03.348] [SEVERE ] removing player 4 token from slot 8
[16:28:03.348] [SEVERE ] removing player 4 token from slot 9
[16:28:03.348] [SEVERE ] removing player 4 token from slot 10
[16:28:03.348] [SEVERE ] removing player 4 token from slot 11
[16:28:03.349] [SEVERE ] announcing winner(s): player 1, player 2, player 3, player 4
[16:28:03.350] [INFO   ] Thread dealer terminated.
[16:28:03.351] [INFO   ] thread dealer terminated.
[16:28:03.351] [SEVERE ] thanks for playing... it was fun!
[16:28:03.351] [INFO   ] thread main terminated.
