[19:46:00.050] [INFO   ] thread main starting.
[19:46:00.059] [SEVERE ] cannot read configuration file config.properties trying from resources.
[19:46:00.061] [SEVERE ] configuration file was loaded from resources directory.
[19:46:01.960] [INFO   ] thread dealer starting.
[19:46:01.961] [INFO   ] thread player starting.
[19:46:01.962] [INFO   ] thread player starting.
[19:46:01.962] [INFO   ] thread dealer starting.
[19:46:01.962] [INFO   ] thread player starting.
[19:46:01.961] [INFO   ] thread player starting.
[19:46:01.965] [INFO   ] thread computer-0 starting.
[19:46:01.967] [INFO   ] thread computer-1 starting.
[19:46:01.970] [INFO   ] thread computer-2 starting.
[19:46:01.977] [INFO   ] thread computer-3 starting.
[19:46:01.985] [SEVERE ] placing card 78 in slot 0
[19:46:02.003] [SEVERE ] placing card 55 in slot 1
[19:46:02.064] [SEVERE ] placing card 22 in slot 2
[19:46:02.078] [SEVERE ] placing card 8 in slot 3
[19:46:02.086] [SEVERE ] placing card 17 in slot 4
[19:46:02.090] [SEVERE ] placing card 9 in slot 5
[19:46:02.102] [SEVERE ] placing card 39 in slot 6
[19:46:02.109] [SEVERE ] placing card 47 in slot 7
[19:46:02.116] [SEVERE ] placing card 10 in slot 8
[19:46:02.117] [SEVERE ] placing card 2 in slot 9
[19:46:02.123] [SEVERE ] placing card 6 in slot 10
[19:46:02.126] [SEVERE ] placing card 79 in slot 11
[19:46:02.133] [SEVERE ] setting player 1 freeze to -173
[19:46:02.133] [SEVERE ] setting player 2 freeze to -173
[19:46:02.134] [SEVERE ] setting player 3 freeze to -174
[19:46:02.134] [SEVERE ] setting player 4 freeze to -174
[19:46:02.147] [SEVERE ] setting player 1 freeze to -187
[19:46:02.147] [SEVERE ] setting player 2 freeze to -187
[19:46:02.148] [SEVERE ] setting player 3 freeze to -188
[19:46:02.148] [SEVERE ] setting player 4 freeze to -188
[19:46:02.159] [SEVERE ] setting player 1 freeze to -199
[19:46:02.159] [SEVERE ] setting player 2 freeze to -199
[19:46:02.160] [SEVERE ] setting player 3 freeze to -200
[19:46:02.160] [SEVERE ] setting player 4 freeze to -200
[19:46:02.171] [SEVERE ] setting player 1 freeze to -211
[19:46:02.172] [SEVERE ] setting player 2 freeze to -211
[19:46:02.172] [SEVERE ] setting player 3 freeze to -212
[19:46:02.172] [SEVERE ] setting player 4 freeze to -212
[19:46:02.183] [SEVERE ] setting player 1 freeze to -223
[19:46:02.187] [SEVERE ] setting player 2 freeze to -227
[19:46:02.187] [SEVERE ] setting player 3 freeze to -227
[19:46:02.187] [SEVERE ] setting player 4 freeze to -227
[19:46:02.198] [SEVERE ] setting player 1 freeze to -238
[19:46:02.199] [SEVERE ] setting player 2 freeze to -239
[19:46:02.199] [SEVERE ] setting player 3 freeze to -239
[19:46:02.199] [SEVERE ] setting player 4 freeze to -239
[19:46:02.210] [SEVERE ] setting player 1 freeze to -250
[19:46:02.211] [SEVERE ] setting player 2 freeze to -251
[19:46:02.211] [SEVERE ] setting player 3 freeze to -251
[19:46:02.211] [SEVERE ] setting player 4 freeze to -251
[19:46:02.225] [SEVERE ] setting player 1 freeze to -265
[19:46:02.225] [SEVERE ] setting player 2 freeze to -265
[19:46:02.225] [SEVERE ] setting player 3 freeze to -265
[19:46:02.226] [SEVERE ] setting player 4 freeze to -266
[19:46:02.237] [SEVERE ] setting player 1 freeze to -277
[19:46:02.238] [SEVERE ] setting player 2 freeze to -278
[19:46:02.239] [SEVERE ] setting player 3 freeze to -279
[19:46:02.239] [SEVERE ] setting player 4 freeze to -279
[19:46:02.250] [SEVERE ] setting player 1 freeze to -290
[19:46:02.251] [SEVERE ] setting player 2 freeze to -291
[19:46:02.251] [SEVERE ] setting player 3 freeze to -291
[19:46:02.251] [SEVERE ] setting player 4 freeze to -291
[19:46:02.262] [SEVERE ] setting player 1 freeze to -302
[19:46:02.262] [SEVERE ] setting player 2 freeze to -302
[19:46:02.263] [SEVERE ] setting player 3 freeze to -303
[19:46:02.263] [SEVERE ] setting player 4 freeze to -303
[19:46:02.274] [SEVERE ] setting player 1 freeze to -314
[19:46:02.274] [SEVERE ] setting player 2 freeze to -314
[19:46:02.274] [SEVERE ] setting player 3 freeze to -314
[19:46:02.275] [SEVERE ] setting player 4 freeze to -315
[19:46:02.286] [SEVERE ] setting player 1 freeze to -326
[19:46:02.286] [SEVERE ] setting player 2 freeze to -326
[19:46:02.286] [SEVERE ] setting player 3 freeze to -326
[19:46:02.286] [SEVERE ] setting player 4 freeze to -326
[19:46:02.299] [SEVERE ] setting player 1 freeze to -339
[19:46:02.300] [SEVERE ] setting player 2 freeze to -340
[19:46:02.300] [SEVERE ] setting player 3 freeze to -340
[19:46:02.300] [SEVERE ] setting player 4 freeze to -340
[19:46:02.311] [SEVERE ] setting player 1 freeze to -351
[19:46:02.312] [SEVERE ] setting player 2 freeze to -351
[19:46:02.312] [SEVERE ] setting player 3 freeze to -352
[19:46:02.312] [SEVERE ] setting player 4 freeze to -352
[19:46:02.323] [SEVERE ] setting player 1 freeze to -363
[19:46:02.323] [SEVERE ] setting player 2 freeze to -363
[19:46:02.324] [SEVERE ] setting player 3 freeze to -364
[19:46:02.324] [SEVERE ] setting player 4 freeze to -364
[19:46:02.335] [SEVERE ] setting player 1 freeze to -375
[19:46:02.335] [SEVERE ] setting player 2 freeze to -375
[19:46:02.335] [SEVERE ] setting player 3 freeze to -375
[19:46:02.335] [SEVERE ] setting player 4 freeze to -375
[19:46:02.346] [SEVERE ] setting player 1 freeze to -386
[19:46:02.346] [SEVERE ] setting player 2 freeze to -386
[19:46:02.350] [SEVERE ] setting player 3 freeze to -390
[19:46:02.350] [SEVERE ] setting player 4 freeze to -390
[19:46:02.361] [SEVERE ] setting player 1 freeze to -401
[19:46:02.361] [SEVERE ] setting player 2 freeze to -401
[19:46:02.361] [SEVERE ] setting player 3 freeze to -401
[19:46:02.362] [SEVERE ] setting player 4 freeze to -402
[19:46:02.373] [SEVERE ] setting player 1 freeze to -413
[19:46:02.374] [SEVERE ] setting player 2 freeze to -414
[19:46:02.374] [SEVERE ] setting player 3 freeze to -414
[19:46:02.374] [SEVERE ] setting player 4 freeze to -414
[19:46:02.387] [SEVERE ] setting player 1 freeze to -427
[19:46:02.388] [SEVERE ] setting player 2 freeze to -428
[19:46:02.388] [SEVERE ] setting player 3 freeze to -428
[19:46:02.388] [SEVERE ] setting player 4 freeze to -428
[19:46:02.399] [SEVERE ] setting player 1 freeze to -439
[19:46:02.399] [SEVERE ] setting player 2 freeze to -439
[19:46:02.399] [SEVERE ] setting player 3 freeze to -439
[19:46:02.409] [SEVERE ] setting player 4 freeze to -449
[19:46:02.420] [SEVERE ] setting player 1 freeze to -460
[19:46:02.421] [SEVERE ] setting player 2 freeze to -461
[19:46:02.421] [SEVERE ] setting player 3 freeze to -461
[19:46:02.421] [SEVERE ] setting player 4 freeze to -461
[19:46:02.432] [SEVERE ] setting player 1 freeze to -472
[19:46:02.432] [SEVERE ] setting player 2 freeze to -472
[19:46:02.432] [SEVERE ] setting player 3 freeze to -472
[19:46:02.433] [SEVERE ] setting player 4 freeze to -473
[19:46:02.443] [SEVERE ] setting player 1 freeze to -483
[19:46:02.444] [SEVERE ] setting player 2 freeze to -484
[19:46:02.444] [SEVERE ] setting player 3 freeze to -484
[19:46:02.444] [SEVERE ] setting player 4 freeze to -484
[19:46:02.456] [SEVERE ] setting player 1 freeze to -496
[19:46:02.456] [SEVERE ] setting player 2 freeze to -496
[19:46:02.456] [SEVERE ] setting player 3 freeze to -496
[19:46:02.456] [SEVERE ] setting player 4 freeze to -496
[19:46:02.467] [SEVERE ] setting player 1 freeze to -507
[19:46:02.469] [SEVERE ] setting player 2 freeze to -509
[19:46:02.469] [SEVERE ] setting player 3 freeze to -509
[19:46:02.469] [SEVERE ] setting player 4 freeze to -509
[19:46:02.480] [SEVERE ] setting player 1 freeze to -520
[19:46:02.480] [SEVERE ] setting player 2 freeze to -520
[19:46:02.480] [SEVERE ] setting player 3 freeze to -520
[19:46:02.481] [SEVERE ] setting player 4 freeze to -521
[19:46:02.491] [SEVERE ] setting player 1 freeze to -531
[19:46:02.491] [SEVERE ] setting player 2 freeze to -531
[19:46:02.492] [SEVERE ] setting player 3 freeze to -532
[19:46:02.492] [SEVERE ] setting player 4 freeze to -532
[19:46:02.502] [SEVERE ] setting player 1 freeze to -542
[19:46:02.503] [SEVERE ] setting player 2 freeze to -543
[19:46:02.503] [SEVERE ] setting player 3 freeze to -543
[19:46:02.503] [SEVERE ] setting player 4 freeze to -543
[19:46:02.514] [SEVERE ] setting player 1 freeze to -554
[19:46:02.514] [SEVERE ] setting player 2 freeze to -554
[19:46:02.514] [SEVERE ] setting player 3 freeze to -554
[19:46:02.515] [SEVERE ] setting player 4 freeze to -555
[19:46:02.527] [SEVERE ] setting player 1 freeze to -567
[19:46:02.528] [SEVERE ] setting player 2 freeze to -568
[19:46:02.528] [SEVERE ] setting player 3 freeze to -568
[19:46:02.528] [SEVERE ] setting player 4 freeze to -568
[19:46:02.539] [SEVERE ] setting player 1 freeze to -579
[19:46:02.539] [SEVERE ] setting player 2 freeze to -579
[19:46:02.540] [SEVERE ] setting player 3 freeze to -580
[19:46:02.540] [SEVERE ] setting player 4 freeze to -580
[19:46:02.550] [SEVERE ] setting player 1 freeze to -590
[19:46:02.551] [SEVERE ] setting player 2 freeze to -591
[19:46:02.551] [SEVERE ] setting player 3 freeze to -591
[19:46:02.551] [SEVERE ] setting player 4 freeze to -591
[19:46:02.564] [SEVERE ] setting player 1 freeze to -604
[19:46:02.564] [SEVERE ] setting player 2 freeze to -604
[19:46:02.564] [SEVERE ] setting player 3 freeze to -604
[19:46:02.564] [SEVERE ] setting player 4 freeze to -604
[19:46:02.575] [SEVERE ] setting player 1 freeze to -615
[19:46:02.576] [SEVERE ] setting player 2 freeze to -616
[19:46:02.576] [SEVERE ] setting player 3 freeze to -616
[19:46:02.576] [SEVERE ] setting player 4 freeze to -616
[19:46:02.587] [SEVERE ] setting player 1 freeze to -627
[19:46:02.587] [SEVERE ] setting player 2 freeze to -627
[19:46:02.587] [SEVERE ] setting player 3 freeze to -627
[19:46:02.588] [SEVERE ] setting player 4 freeze to -628
[19:46:02.599] [SEVERE ] setting player 1 freeze to -639
[19:46:02.600] [SEVERE ] setting player 2 freeze to -640
[19:46:02.600] [SEVERE ] setting player 3 freeze to -640
[19:46:02.600] [SEVERE ] setting player 4 freeze to -640
[19:46:02.611] [SEVERE ] setting player 1 freeze to -651
[19:46:02.611] [SEVERE ] setting player 2 freeze to -651
[19:46:02.611] [SEVERE ] setting player 3 freeze to -651
[19:46:02.612] [SEVERE ] setting player 4 freeze to -652
[19:46:02.625] [SEVERE ] setting player 1 freeze to -664
[19:46:02.625] [SEVERE ] setting player 2 freeze to -665
[19:46:02.625] [SEVERE ] setting player 3 freeze to -665
[19:46:02.625] [SEVERE ] setting player 4 freeze to -665
[19:46:02.636] [SEVERE ] setting player 1 freeze to -676
[19:46:02.636] [SEVERE ] setting player 2 freeze to -676
[19:46:02.636] [SEVERE ] setting player 3 freeze to -676
[19:46:02.637] [SEVERE ] setting player 4 freeze to -677
[19:46:02.647] [SEVERE ] setting player 1 freeze to -687
[19:46:02.648] [SEVERE ] setting player 2 freeze to -688
[19:46:02.648] [SEVERE ] setting player 3 freeze to -688
[19:46:02.648] [SEVERE ] setting player 4 freeze to -688
[19:46:02.659] [SEVERE ] setting player 1 freeze to -699
[19:46:02.660] [SEVERE ] setting player 2 freeze to -700
[19:46:02.660] [SEVERE ] setting player 3 freeze to -700
[19:46:02.660] [SEVERE ] setting player 4 freeze to -700
[19:46:02.671] [SEVERE ] setting player 1 freeze to -711
[19:46:02.671] [SEVERE ] setting player 2 freeze to -711
[19:46:02.671] [SEVERE ] setting player 3 freeze to -711
[19:46:02.672] [SEVERE ] setting player 4 freeze to -712
[19:46:02.684] [SEVERE ] setting player 1 freeze to -724
[19:46:02.685] [SEVERE ] setting player 2 freeze to -725
[19:46:02.685] [SEVERE ] setting player 3 freeze to -725
[19:46:02.685] [SEVERE ] setting player 4 freeze to -725
[19:46:02.697] [SEVERE ] setting player 1 freeze to -737
[19:46:02.698] [SEVERE ] setting player 2 freeze to -738
[19:46:02.698] [SEVERE ] setting player 3 freeze to -738
[19:46:02.698] [SEVERE ] setting player 4 freeze to -738
[19:46:02.709] [SEVERE ] setting player 1 freeze to -749
[19:46:02.709] [SEVERE ] setting player 2 freeze to -749
[19:46:02.709] [SEVERE ] setting player 3 freeze to -749
[19:46:02.710] [SEVERE ] setting player 4 freeze to -750
[19:46:02.723] [SEVERE ] setting player 1 freeze to -763
[19:46:02.723] [SEVERE ] setting player 2 freeze to -763
[19:46:02.723] [SEVERE ] setting player 3 freeze to -763
[19:46:02.723] [SEVERE ] setting player 4 freeze to -763
[19:46:02.734] [SEVERE ] setting player 1 freeze to -774
[19:46:02.734] [SEVERE ] setting player 2 freeze to -774
[19:46:02.734] [SEVERE ] setting player 3 freeze to -774
[19:46:02.735] [SEVERE ] setting player 4 freeze to -775
[19:46:02.746] [SEVERE ] setting player 1 freeze to -786
[19:46:02.746] [SEVERE ] setting player 2 freeze to -786
[19:46:02.746] [SEVERE ] setting player 3 freeze to -786
[19:46:02.746] [SEVERE ] setting player 4 freeze to -786
[19:46:02.757] [SEVERE ] setting player 1 freeze to -797
[19:46:02.757] [SEVERE ] setting player 2 freeze to -797
[19:46:02.758] [SEVERE ] setting player 3 freeze to -798
[19:46:02.758] [SEVERE ] setting player 4 freeze to -798
[19:46:02.771] [SEVERE ] setting player 1 freeze to -811
[19:46:02.771] [SEVERE ] setting player 2 freeze to -811
[19:46:02.771] [SEVERE ] setting player 3 freeze to -811
[19:46:02.772] [SEVERE ] setting player 4 freeze to -812
[19:46:02.782] [SEVERE ] setting player 1 freeze to -822
[19:46:02.783] [SEVERE ] setting player 2 freeze to -823
[19:46:02.783] [SEVERE ] setting player 3 freeze to -823
[19:46:02.783] [SEVERE ] setting player 4 freeze to -823
[19:46:02.795] [SEVERE ] setting player 1 freeze to -835
[19:46:02.796] [SEVERE ] setting player 2 freeze to -836
[19:46:02.796] [SEVERE ] setting player 3 freeze to -836
[19:46:02.796] [SEVERE ] setting player 4 freeze to -836
[19:46:02.808] [SEVERE ] setting player 1 freeze to -848
[19:46:02.809] [SEVERE ] setting player 2 freeze to -849
[19:46:02.809] [SEVERE ] setting player 3 freeze to -849
[19:46:02.809] [SEVERE ] setting player 4 freeze to -849
[19:46:02.820] [SEVERE ] setting player 1 freeze to -860
[19:46:02.820] [SEVERE ] setting player 2 freeze to -860
[19:46:02.820] [SEVERE ] setting player 3 freeze to -860
[19:46:02.820] [SEVERE ] setting player 4 freeze to -860
[19:46:02.831] [SEVERE ] setting player 1 freeze to -871
[19:46:02.831] [SEVERE ] setting player 2 freeze to -871
[19:46:02.831] [SEVERE ] setting player 3 freeze to -871
[19:46:02.832] [SEVERE ] setting player 4 freeze to -872
[19:46:02.843] [SEVERE ] setting player 1 freeze to -883
[19:46:02.843] [SEVERE ] setting player 2 freeze to -883
[19:46:02.843] [SEVERE ] setting player 3 freeze to -883
[19:46:02.851] [SEVERE ] setting player 4 freeze to -891
[19:46:02.864] [SEVERE ] setting player 1 freeze to -904
[19:46:02.864] [SEVERE ] setting player 2 freeze to -904
[19:46:02.864] [SEVERE ] setting player 3 freeze to -904
[19:46:02.864] [SEVERE ] setting player 4 freeze to -904
[19:46:02.877] [SEVERE ] setting player 1 freeze to -917
[19:46:02.877] [SEVERE ] setting player 2 freeze to -917
[19:46:02.878] [SEVERE ] setting player 3 freeze to -918
[19:46:02.878] [SEVERE ] setting player 4 freeze to -918
[19:46:02.888] [SEVERE ] setting player 1 freeze to -928
[19:46:02.889] [SEVERE ] setting player 2 freeze to -929
[19:46:02.889] [SEVERE ] setting player 3 freeze to -929
[19:46:02.889] [SEVERE ] setting player 4 freeze to -929
[19:46:02.901] [SEVERE ] setting player 1 freeze to -941
[19:46:02.902] [SEVERE ] setting player 2 freeze to -942
[19:46:02.902] [SEVERE ] setting player 3 freeze to -942
[19:46:02.902] [SEVERE ] setting player 4 freeze to -942
[19:46:02.914] [SEVERE ] setting player 1 freeze to -954
[19:46:02.916] [SEVERE ] setting player 2 freeze to -956
[19:46:02.916] [SEVERE ] setting player 3 freeze to -956
[19:46:02.916] [SEVERE ] setting player 4 freeze to -956
[19:46:02.929] [SEVERE ] setting player 1 freeze to -969
[19:46:02.929] [SEVERE ] setting player 2 freeze to -969
[19:46:02.930] [SEVERE ] setting player 3 freeze to -970
[19:46:02.930] [SEVERE ] setting player 4 freeze to -970
[19:46:02.943] [SEVERE ] setting player 1 freeze to -983
[19:46:02.943] [SEVERE ] setting player 2 freeze to -983
[19:46:02.944] [SEVERE ] setting player 3 freeze to -984
[19:46:02.944] [SEVERE ] setting player 4 freeze to -984
[19:46:02.954] [SEVERE ] setting player 1 freeze to -994
[19:46:02.955] [SEVERE ] setting player 2 freeze to -995
[19:46:02.955] [SEVERE ] setting player 3 freeze to -995
[19:46:02.955] [SEVERE ] setting player 4 freeze to -995
[19:46:02.968] [SEVERE ] setting player 1 freeze to -1008
[19:46:02.968] [SEVERE ] setting player 2 freeze to -1008
[19:46:02.968] [SEVERE ] setting player 3 freeze to -1008
[19:46:02.971] [SEVERE ] setting player 4 freeze to -1011
[19:46:02.984] [SEVERE ] setting player 1 freeze to -1024
[19:46:02.984] [SEVERE ] setting player 2 freeze to -1024
[19:46:02.984] [SEVERE ] setting player 3 freeze to -1024
[19:46:02.985] [SEVERE ] setting player 4 freeze to -1025
[19:46:02.995] [SEVERE ] setting player 1 freeze to -1035
[19:46:02.995] [SEVERE ] setting player 2 freeze to -1035
[19:46:02.996] [SEVERE ] setting player 3 freeze to -1036
[19:46:02.996] [SEVERE ] setting player 4 freeze to -1036
[19:46:03.007] [SEVERE ] setting player 1 freeze to -1047
[19:46:03.007] [SEVERE ] setting player 2 freeze to -1047
[19:46:03.007] [SEVERE ] setting player 3 freeze to -1047
[19:46:03.008] [SEVERE ] setting player 4 freeze to -1048
[19:46:03.018] [SEVERE ] setting player 1 freeze to -1058
[19:46:03.018] [SEVERE ] setting player 2 freeze to -1058
[19:46:03.019] [SEVERE ] setting player 3 freeze to -1059
[19:46:03.019] [SEVERE ] setting player 4 freeze to -1059
[19:46:03.032] [SEVERE ] setting player 1 freeze to -1072
[19:46:03.033] [SEVERE ] setting player 2 freeze to -1073
[19:46:03.033] [SEVERE ] setting player 3 freeze to -1073
[19:46:03.033] [SEVERE ] setting player 4 freeze to -1073
[19:46:03.044] [SEVERE ] setting player 1 freeze to -1084
[19:46:03.044] [SEVERE ] setting player 2 freeze to -1084
[19:46:03.045] [SEVERE ] setting player 3 freeze to -1085
[19:46:03.045] [SEVERE ] setting player 4 freeze to -1085
[19:46:03.058] [SEVERE ] setting player 1 freeze to -1098
[19:46:03.058] [SEVERE ] setting player 2 freeze to -1098
[19:46:03.058] [SEVERE ] setting player 3 freeze to -1098
[19:46:03.058] [SEVERE ] setting player 4 freeze to -1098
[19:46:03.069] [SEVERE ] setting player 1 freeze to -1109
[19:46:03.069] [SEVERE ] setting player 2 freeze to -1109
[19:46:03.069] [SEVERE ] setting player 3 freeze to -1109
[19:46:03.069] [SEVERE ] setting player 4 freeze to -1109
[19:46:03.081] [SEVERE ] setting player 1 freeze to -1121
[19:46:03.081] [SEVERE ] setting player 2 freeze to -1121
[19:46:03.082] [SEVERE ] setting player 3 freeze to -1122
[19:46:03.083] [SEVERE ] setting player 4 freeze to -1123
[19:46:03.093] [SEVERE ] setting player 1 freeze to -1133
[19:46:03.093] [SEVERE ] setting player 2 freeze to -1133
[19:46:03.094] [SEVERE ] setting player 3 freeze to -1133
[19:46:03.094] [SEVERE ] setting player 4 freeze to -1134
[19:46:03.104] [SEVERE ] setting player 1 freeze to -1144
[19:46:03.104] [SEVERE ] setting player 2 freeze to -1144
[19:46:03.105] [SEVERE ] setting player 3 freeze to -1145
[19:46:03.105] [SEVERE ] setting player 4 freeze to -1145
[19:46:03.124] [SEVERE ] setting player 1 freeze to -1164
[19:46:03.124] [SEVERE ] setting player 2 freeze to -1164
[19:46:03.124] [SEVERE ] setting player 3 freeze to -1164
[19:46:03.124] [SEVERE ] setting player 4 freeze to -1164
[19:46:03.135] [SEVERE ] setting player 1 freeze to -1175
[19:46:03.135] [SEVERE ] setting player 2 freeze to -1175
[19:46:03.135] [SEVERE ] setting player 3 freeze to -1175
[19:46:03.135] [SEVERE ] setting player 4 freeze to -1175
[19:46:03.147] [SEVERE ] setting player 1 freeze to -1187
[19:46:03.147] [SEVERE ] setting player 2 freeze to -1187
[19:46:03.147] [SEVERE ] setting player 3 freeze to -1187
[19:46:03.148] [SEVERE ] setting player 4 freeze to -1188
[19:46:03.159] [SEVERE ] setting player 1 freeze to -1199
[19:46:03.159] [SEVERE ] setting player 2 freeze to -1199
[19:46:03.159] [SEVERE ] setting player 3 freeze to -1199
[19:46:03.160] [SEVERE ] setting player 4 freeze to -1200
[19:46:03.172] [SEVERE ] setting player 1 freeze to -1212
[19:46:03.173] [SEVERE ] setting player 2 freeze to -1213
[19:46:03.173] [SEVERE ] setting player 3 freeze to -1213
[19:46:03.173] [SEVERE ] setting player 4 freeze to -1213
[19:46:03.185] [SEVERE ] setting player 1 freeze to -1225
[19:46:03.185] [SEVERE ] setting player 2 freeze to -1225
[19:46:03.185] [SEVERE ] setting player 3 freeze to -1225
[19:46:03.186] [SEVERE ] setting player 4 freeze to -1226
[19:46:03.196] [SEVERE ] setting player 1 freeze to -1236
[19:46:03.196] [SEVERE ] setting player 2 freeze to -1236
[19:46:03.197] [SEVERE ] setting player 3 freeze to -1237
[19:46:03.199] [SEVERE ] setting player 4 freeze to -1239
[19:46:03.210] [SEVERE ] setting player 1 freeze to -1250
[19:46:03.210] [SEVERE ] setting player 2 freeze to -1250
[19:46:03.210] [SEVERE ] setting player 3 freeze to -1250
[19:46:03.210] [SEVERE ] setting player 4 freeze to -1250
[19:46:03.221] [SEVERE ] setting player 1 freeze to -1261
[19:46:03.221] [SEVERE ] setting player 2 freeze to -1261
[19:46:03.221] [SEVERE ] setting player 3 freeze to -1261
[19:46:03.221] [SEVERE ] setting player 4 freeze to -1261
[19:46:03.232] [SEVERE ] setting player 1 freeze to -1272
[19:46:03.232] [SEVERE ] setting player 2 freeze to -1272
[19:46:03.232] [SEVERE ] setting player 3 freeze to -1272
[19:46:03.232] [SEVERE ] setting player 4 freeze to -1272
[19:46:03.245] [SEVERE ] setting player 1 freeze to -1285
[19:46:03.245] [SEVERE ] setting player 2 freeze to -1285
[19:46:03.245] [SEVERE ] setting player 3 freeze to -1285
[19:46:03.245] [SEVERE ] setting player 4 freeze to -1285
[19:46:03.256] [SEVERE ] setting player 1 freeze to -1296
[19:46:03.257] [SEVERE ] setting player 2 freeze to -1297
[19:46:03.257] [SEVERE ] setting player 3 freeze to -1297
[19:46:03.257] [SEVERE ] setting player 4 freeze to -1297
[19:46:03.268] [SEVERE ] setting player 1 freeze to -1308
[19:46:03.268] [SEVERE ] setting player 2 freeze to -1308
[19:46:03.268] [SEVERE ] setting player 3 freeze to -1308
[19:46:03.268] [SEVERE ] setting player 4 freeze to -1308
[19:46:03.279] [SEVERE ] setting player 1 freeze to -1318
[19:46:03.279] [SEVERE ] setting player 2 freeze to -1319
[19:46:03.279] [SEVERE ] setting player 3 freeze to -1319
[19:46:03.279] [SEVERE ] setting player 4 freeze to -1319
[19:46:03.292] [SEVERE ] setting player 1 freeze to -1332
[19:46:03.292] [SEVERE ] setting player 2 freeze to -1332
[19:46:03.292] [SEVERE ] setting player 3 freeze to -1332
[19:46:03.292] [SEVERE ] setting player 4 freeze to -1332
[19:46:03.303] [SEVERE ] setting player 1 freeze to -1343
[19:46:03.303] [SEVERE ] setting player 2 freeze to -1343
[19:46:03.303] [SEVERE ] setting player 3 freeze to -1343
[19:46:03.303] [SEVERE ] setting player 4 freeze to -1343
[19:46:03.314] [SEVERE ] setting player 1 freeze to -1354
[19:46:03.314] [SEVERE ] setting player 2 freeze to -1354
[19:46:03.314] [SEVERE ] setting player 3 freeze to -1354
[19:46:03.314] [SEVERE ] setting player 4 freeze to -1354
[19:46:03.325] [SEVERE ] setting player 1 freeze to -1365
[19:46:03.325] [SEVERE ] setting player 2 freeze to -1365
[19:46:03.325] [SEVERE ] setting player 3 freeze to -1365
[19:46:03.325] [SEVERE ] setting player 4 freeze to -1365
[19:46:03.338] [SEVERE ] setting player 1 freeze to -1378
[19:46:03.338] [SEVERE ] setting player 2 freeze to -1378
[19:46:03.338] [SEVERE ] setting player 3 freeze to -1378
[19:46:03.339] [SEVERE ] setting player 4 freeze to -1379
[19:46:03.350] [SEVERE ] setting player 1 freeze to -1390
[19:46:03.351] [SEVERE ] setting player 2 freeze to -1391
[19:46:03.351] [SEVERE ] setting player 3 freeze to -1391
[19:46:03.351] [SEVERE ] setting player 4 freeze to -1391
[19:46:03.362] [SEVERE ] setting player 1 freeze to -1402
[19:46:03.362] [SEVERE ] setting player 2 freeze to -1402
[19:46:03.366] [SEVERE ] setting player 3 freeze to -1406
[19:46:03.366] [SEVERE ] setting player 4 freeze to -1406
[19:46:03.381] [SEVERE ] setting player 1 freeze to -1421
[19:46:03.381] [SEVERE ] setting player 2 freeze to -1421
[19:46:03.381] [SEVERE ] setting player 3 freeze to -1421
[19:46:03.381] [SEVERE ] setting player 4 freeze to -1421
[19:46:03.392] [SEVERE ] setting player 1 freeze to -1432
[19:46:03.392] [SEVERE ] setting player 2 freeze to -1432
[19:46:03.392] [SEVERE ] setting player 3 freeze to -1432
[19:46:03.392] [SEVERE ] setting player 4 freeze to -1432
[19:46:03.403] [SEVERE ] setting player 1 freeze to -1443
[19:46:03.403] [SEVERE ] setting player 2 freeze to -1443
[19:46:03.403] [SEVERE ] setting player 3 freeze to -1443
[19:46:03.403] [SEVERE ] setting player 4 freeze to -1443
[19:46:03.414] [SEVERE ] setting player 1 freeze to -1454
[19:46:03.414] [SEVERE ] setting player 2 freeze to -1454
[19:46:03.414] [SEVERE ] setting player 3 freeze to -1454
[19:46:03.414] [SEVERE ] setting player 4 freeze to -1454
[19:46:03.426] [SEVERE ] setting player 1 freeze to -1466
[19:46:03.426] [SEVERE ] setting player 2 freeze to -1466
[19:46:03.426] [SEVERE ] setting player 3 freeze to -1466
[19:46:03.426] [SEVERE ] setting player 4 freeze to -1466
[19:46:03.437] [SEVERE ] setting player 1 freeze to -1477
[19:46:03.437] [SEVERE ] setting player 2 freeze to -1477
[19:46:03.437] [SEVERE ] setting player 3 freeze to -1477
[19:46:03.437] [SEVERE ] setting player 4 freeze to -1477
[19:46:03.449] [SEVERE ] setting player 1 freeze to -1489
[19:46:03.449] [SEVERE ] setting player 2 freeze to -1489
[19:46:03.449] [SEVERE ] setting player 3 freeze to -1489
[19:46:03.449] [SEVERE ] setting player 4 freeze to -1489
[19:46:03.460] [SEVERE ] setting player 1 freeze to -1500
[19:46:03.460] [SEVERE ] setting player 2 freeze to -1500
[19:46:03.460] [SEVERE ] setting player 3 freeze to -1500
[19:46:03.460] [SEVERE ] setting player 4 freeze to -1500
[19:46:03.471] [SEVERE ] setting player 1 freeze to -1511
[19:46:03.471] [SEVERE ] setting player 2 freeze to -1511
[19:46:03.472] [SEVERE ] setting player 3 freeze to -1512
[19:46:03.472] [SEVERE ] setting player 4 freeze to -1512
[19:46:03.474] [SEVERE ] exit button pressed
[19:46:03.474] [INFO   ] thread computer-1 terminated.
[19:46:03.475] [INFO   ] thread computer-0 terminated.
[19:46:03.475] [INFO   ] thread computer-2 terminated.
[19:46:03.475] [INFO   ] thread computer-3 terminated.
[19:46:03.475] [INFO   ] thread 0player terminated.
[19:46:03.476] [INFO   ] thread 1player terminated.
[19:46:03.476] [INFO   ] thread 2player terminated.
[19:46:03.476] [INFO   ] thread 3player terminated.
[19:46:03.483] [SEVERE ] updating countdown to 5000
[19:46:03.483] [SEVERE ] removing card from slot 0
[19:46:03.483] [SEVERE ] removing card from slot 1
[19:46:03.483] [SEVERE ] removing card from slot 2
[19:46:03.484] [SEVERE ] removing card from slot 3
[19:46:03.484] [SEVERE ] removing card from slot 4
[19:46:03.484] [SEVERE ] removing card from slot 5
[19:46:03.484] [SEVERE ] removing card from slot 6
[19:46:03.484] [SEVERE ] removing card from slot 7
[19:46:03.484] [SEVERE ] removing card from slot 8
[19:46:03.484] [SEVERE ] removing card from slot 9
[19:46:03.484] [SEVERE ] removing card from slot 10
[19:46:03.484] [SEVERE ] removing card from slot 11
[19:46:03.484] [SEVERE ] removing player 1 token from slot 0
[19:46:03.485] [SEVERE ] removing player 1 token from slot 1
[19:46:03.485] [SEVERE ] removing player 1 token from slot 2
[19:46:03.485] [SEVERE ] removing player 1 token from slot 3
[19:46:03.485] [SEVERE ] removing player 1 token from slot 4
[19:46:03.485] [SEVERE ] removing player 1 token from slot 5
[19:46:03.485] [SEVERE ] removing player 1 token from slot 6
[19:46:03.485] [SEVERE ] removing player 1 token from slot 7
[19:46:03.485] [SEVERE ] removing player 1 token from slot 8
[19:46:03.485] [SEVERE ] removing player 1 token from slot 9
[19:46:03.485] [SEVERE ] removing player 1 token from slot 10
[19:46:03.485] [SEVERE ] removing player 1 token from slot 11
[19:46:03.485] [SEVERE ] removing player 2 token from slot 0
[19:46:03.485] [SEVERE ] removing player 2 token from slot 1
[19:46:03.486] [SEVERE ] removing player 2 token from slot 2
[19:46:03.486] [SEVERE ] removing player 2 token from slot 3
[19:46:03.486] [SEVERE ] removing player 2 token from slot 4
[19:46:03.486] [SEVERE ] removing player 2 token from slot 5
[19:46:03.486] [SEVERE ] removing player 2 token from slot 6
[19:46:03.486] [SEVERE ] removing player 2 token from slot 7
[19:46:03.486] [SEVERE ] removing player 2 token from slot 8
[19:46:03.486] [SEVERE ] removing player 2 token from slot 9
[19:46:03.486] [SEVERE ] removing player 2 token from slot 10
[19:46:03.486] [SEVERE ] removing player 2 token from slot 11
[19:46:03.486] [SEVERE ] removing player 3 token from slot 0
[19:46:03.487] [SEVERE ] removing player 3 token from slot 1
[19:46:03.487] [SEVERE ] removing player 3 token from slot 2
[19:46:03.487] [SEVERE ] removing player 3 token from slot 3
[19:46:03.487] [SEVERE ] removing player 3 token from slot 4
[19:46:03.487] [SEVERE ] removing player 3 token from slot 5
[19:46:03.487] [SEVERE ] removing player 3 token from slot 6
[19:46:03.487] [SEVERE ] removing player 3 token from slot 7
[19:46:03.487] [SEVERE ] removing player 3 token from slot 8
[19:46:03.487] [SEVERE ] removing player 3 token from slot 9
[19:46:03.488] [SEVERE ] removing player 3 token from slot 10
[19:46:03.488] [SEVERE ] removing player 3 token from slot 11
[19:46:03.488] [SEVERE ] removing player 4 token from slot 0
[19:46:03.488] [SEVERE ] removing player 4 token from slot 1
[19:46:03.488] [SEVERE ] removing player 4 token from slot 2
[19:46:03.488] [SEVERE ] removing player 4 token from slot 3
[19:46:03.488] [SEVERE ] removing player 4 token from slot 4
[19:46:03.488] [SEVERE ] removing player 4 token from slot 5
[19:46:03.488] [SEVERE ] removing player 4 token from slot 6
[19:46:03.488] [SEVERE ] removing player 4 token from slot 7
[19:46:03.488] [SEVERE ] removing player 4 token from slot 8
[19:46:03.489] [SEVERE ] removing player 4 token from slot 9
[19:46:03.489] [SEVERE ] removing player 4 token from slot 10
[19:46:03.489] [SEVERE ] removing player 4 token from slot 11
[19:46:03.489] [SEVERE ] announcing winner(s): player 1, player 2, player 3, player 4
[19:46:03.490] [INFO   ] thread dealer terminated.
[19:46:03.491] [INFO   ] thread dealer terminated.
[19:46:03.491] [SEVERE ] thanks for playing... it was fun!
[19:46:03.491] [INFO   ] thread main terminated.
