[16:25:04.055] [INFO   ] thread main starting.
[16:25:04.061] [SEVERE ] cannot read configuration file config.properties trying from resources.
[16:25:04.062] [SEVERE ] configuration file was loaded from resources directory.
[16:25:05.270] [INFO   ] thread dealer starting.
[16:25:05.270] [INFO   ] thread player starting.
[16:25:05.271] [INFO   ] thread player starting.
[16:25:05.271] [INFO   ] thread player starting.
[16:25:05.271] [INFO   ] thread player starting.
[16:25:05.271] [INFO   ] thread player starting.
[16:25:05.272] [INFO   ] thread computer-2 starting.
[16:25:05.272] [INFO   ] thread computer-4 starting.
[16:25:05.272] [INFO   ] thread computer-3 starting.
[16:25:05.273] [INFO   ] thread computer-1 starting.
[16:25:05.272] [INFO   ] thread computer-0 starting.
[16:25:05.271] [INFO   ] thread player starting.
[16:25:05.271] [INFO   ] thread dealer starting.
[16:25:05.281] [INFO   ] thread computer-7 starting.
[16:25:05.271] [INFO   ] thread player starting.
[16:25:05.271] [INFO   ] thread player starting.
[16:25:05.288] [INFO   ] thread computer-6 starting.
[16:25:05.292] [INFO   ] thread computer-5 starting.
[16:25:05.392] [SEVERE ] placing card 39 in slot 0
[16:25:05.396] [SEVERE ] player 5 placing token on slot 0
[16:25:05.399] [SEVERE ] player 1 placing token on slot 0
[16:25:05.399] [SEVERE ] removing player 5 token from slot 0
[16:25:05.402] [SEVERE ] player 8 placing token on slot 0
[16:25:05.404] [SEVERE ] removing player 8 token from slot 0
[16:25:05.404] [SEVERE ] player 2 placing token on slot 0
[16:25:05.407] [SEVERE ] player 3 placing token on slot 0
[16:25:05.428] [SEVERE ] player 5 placing token on slot 0
[16:25:05.432] [SEVERE ] player 6 placing token on slot 0
[16:25:05.433] [SEVERE ] player 8 placing token on slot 0
[16:25:05.435] [SEVERE ] removing player 1 token from slot 0
[16:25:05.438] [SEVERE ] removing player 6 token from slot 0
[16:25:05.442] [SEVERE ] player 1 placing token on slot 0
[16:25:05.443] [SEVERE ] removing player 5 token from slot 0
[16:25:05.449] [SEVERE ] player 5 placing token on slot 0
[16:25:05.450] [SEVERE ] player 4 placing token on slot 0
[16:25:05.450] [SEVERE ] player 6 placing token on slot 0
[16:25:05.453] [SEVERE ] removing player 4 token from slot 0
[16:25:05.454] [SEVERE ] removing player 5 token from slot 0
[16:25:05.456] [SEVERE ] removing player 8 token from slot 0
[16:25:05.460] [SEVERE ] player 4 placing token on slot 0
[16:25:05.461] [SEVERE ] removing player 2 token from slot 0
[16:25:05.463] [SEVERE ] removing player 6 token from slot 0
[16:25:05.476] [SEVERE ] player 2 placing token on slot 0
[16:25:05.479] [SEVERE ] player 7 placing token on slot 0
[16:25:05.480] [SEVERE ] removing player 1 token from slot 0
[16:25:05.481] [SEVERE ] removing player 2 token from slot 0
[16:25:05.482] [SEVERE ] player 8 placing token on slot 0
[16:25:05.483] [SEVERE ] player 5 placing token on slot 0
[16:25:05.487] [SEVERE ] player 6 placing token on slot 0
[16:25:05.488] [SEVERE ] removing player 6 token from slot 0
[16:25:05.495] [SEVERE ] player 1 placing token on slot 0
[16:25:05.496] [SEVERE ] placing card 6 in slot 1
[16:25:05.498] [SEVERE ] removing player 5 token from slot 0
[16:25:05.499] [SEVERE ] removing player 8 token from slot 0
[16:25:05.501] [SEVERE ] player 3 placing token on slot 1
[16:25:05.502] [SEVERE ] player 8 placing token on slot 1
[16:25:05.502] [SEVERE ] player 2 placing token on slot 1
[16:25:05.504] [SEVERE ] player 6 placing token on slot 0
[16:25:05.505] [SEVERE ] player 2 placing token on slot 0
[16:25:05.516] [SEVERE ] player 8 placing token on slot 0
[16:25:05.518] [SEVERE ] player 6 placing token on slot 1
[16:25:05.519] [SEVERE ] removing player 7 token from slot 0
[16:25:05.519] [SEVERE ] removing player 6 token from slot 0
[16:25:05.520] [SEVERE ] player 7 placing token on slot 1
[16:25:05.521] [SEVERE ] removing player 2 token from slot 1
[16:25:05.522] [SEVERE ] removing player 8 token from slot 0
[16:25:05.524] [SEVERE ] removing player 2 token from slot 0
[16:25:05.525] [SEVERE ] player 1 placing token on slot 1
[16:25:05.526] [SEVERE ] player 2 placing token on slot 1
[16:25:05.526] [SEVERE ] removing player 3 token from slot 1
[16:25:05.528] [SEVERE ] player 6 placing token on slot 0
[16:25:05.529] [SEVERE ] removing player 7 token from slot 1
[16:25:05.529] [SEVERE ] removing player 3 token from slot 0
[16:25:05.530] [SEVERE ] removing player 6 token from slot 0
[16:25:05.532] [SEVERE ] player 3 placing token on slot 1
[16:25:05.533] [SEVERE ] removing player 3 token from slot 1
[16:25:05.534] [SEVERE ] player 7 placing token on slot 0
[16:25:05.534] [SEVERE ] removing player 1 token from slot 1
[16:25:05.546] [SEVERE ] player 7 placing token on slot 1
[16:25:05.547] [SEVERE ] removing player 4 token from slot 0
[16:25:05.548] [SEVERE ] removing player 2 token from slot 1
[16:25:05.548] [SEVERE ] removing player 1 token from slot 0
[16:25:05.549] [SEVERE ] player 4 placing token on slot 1
[16:25:05.550] [SEVERE ] player 3 placing token on slot 0
[16:25:05.552] [SEVERE ] player 1 placing token on slot 1
[16:25:05.553] [SEVERE ] player 5 placing token on slot 0
[16:25:05.554] [SEVERE ] removing player 7 token from slot 0
[16:25:05.555] [SEVERE ] removing player 3 token from slot 0
[16:25:05.558] [SEVERE ] player 8 placing token on slot 0
[16:25:05.558] [SEVERE ] removing player 6 token from slot 1
[16:25:05.560] [SEVERE ] removing player 1 token from slot 1
[16:25:05.560] [SEVERE ] player 3 placing token on slot 1
[16:25:05.561] [SEVERE ] removing player 5 token from slot 0
[16:25:05.563] [SEVERE ] player 6 placing token on slot 1
[16:25:05.563] [SEVERE ] removing player 7 token from slot 1
[16:25:05.565] [SEVERE ] removing player 6 token from slot 1
[16:25:05.565] [SEVERE ] player 2 placing token on slot 1
[16:25:05.576] [SEVERE ] player 3 placing token on slot 0
[16:25:05.577] [SEVERE ] player 6 placing token on slot 0
[16:25:05.578] [SEVERE ] player 7 placing token on slot 1
[16:25:05.579] [SEVERE ] player 5 placing token on slot 0
[16:25:05.579] [SEVERE ] player 6 placing token on slot 1
[16:25:05.580] [SEVERE ] removing player 7 token from slot 1
[16:25:05.581] [SEVERE ] removing player 6 token from slot 1
[16:25:05.581] [SEVERE ] removing player 8 token from slot 1
[16:25:05.584] [SEVERE ] player 6 placing token on slot 1
[16:25:05.584] [SEVERE ] removing player 3 token from slot 0
[16:25:05.586] [SEVERE ] removing player 2 token from slot 1
[16:25:05.587] [SEVERE ] removing player 8 token from slot 0
[16:25:05.588] [SEVERE ] player 2 placing token on slot 0
[16:25:05.589] [SEVERE ] player 7 placing token on slot 1
[16:25:05.590] [SEVERE ] removing player 2 token from slot 0
[16:25:05.590] [SEVERE ] player 5 placing token on slot 1
[16:25:05.591] [SEVERE ] player 1 placing token on slot 1
[16:25:05.593] [SEVERE ] removing player 6 token from slot 0
[16:25:05.601] [SEVERE ] placing card 5 in slot 2
[16:25:05.604] [SEVERE ] player 7 placing token on slot 0
[16:25:05.604] [SEVERE ] player 1 placing token on slot 0
[16:25:05.605] [SEVERE ] player 7 placing token on slot 2
[16:25:05.606] [SEVERE ] removing player 1 token from slot 0
[16:25:05.606] [SEVERE ] player 2 placing token on slot 1
[16:25:05.606] [SEVERE ] removing player 3 token from slot 1
[16:25:05.607] [SEVERE ] removing player 1 token from slot 1
[16:25:05.607] [SEVERE ] player 2 placing token on slot 2
[16:25:05.608] [SEVERE ] player 3 placing token on slot 1
[16:25:05.608] [SEVERE ] player 1 placing token on slot 0
[16:25:05.609] [SEVERE ] removing player 6 token from slot 1
[16:25:05.609] [SEVERE ] player 3 placing token on slot 2
[16:25:05.609] [SEVERE ] player 8 placing token on slot 2
[16:25:05.610] [SEVERE ] player 1 placing token on slot 1
[16:25:05.611] [SEVERE ] removing player 5 token from slot 1
[16:25:05.613] [SEVERE ] removing player 2 token from slot 2
[16:25:05.613] [SEVERE ] removing player 1 token from slot 1
[16:25:05.614] [SEVERE ] player 3 placing token on slot 0
[16:25:05.615] [SEVERE ] player 4 placing token on slot 2
[16:25:05.617] [SEVERE ] player 4 placing token on slot 0
[16:25:05.617] [SEVERE ] player 6 placing token on slot 2
[16:25:05.620] [SEVERE ] player 5 placing token on slot 2
[16:25:05.622] [SEVERE ] player 1 placing token on slot 2
[16:25:05.623] [SEVERE ] removing player 5 token from slot 2
[16:25:05.624] [SEVERE ] player 8 placing token on slot 0
[16:25:05.624] [SEVERE ] player 5 placing token on slot 1
[16:25:05.625] [SEVERE ] removing player 1 token from slot 2
[16:25:05.625] [SEVERE ] player 2 placing token on slot 2
[16:25:05.627] [SEVERE ] player 2 placing token on slot 0
[16:25:05.627] [SEVERE ] removing player 5 token from slot 0
[16:25:05.628] [SEVERE ] player 1 placing token on slot 1
[16:25:05.630] [SEVERE ] player 6 placing token on slot 0
[16:25:05.631] [SEVERE ] removing player 5 token from slot 1
[16:25:05.632] [SEVERE ] removing player 1 token from slot 0
[16:25:05.633] [SEVERE ] player 5 placing token on slot 0
[16:25:05.634] [SEVERE ] removing player 1 token from slot 1
[16:25:05.635] [SEVERE ] player 1 placing token on slot 1
[16:25:05.636] [SEVERE ] removing player 8 token from slot 2
[16:25:05.636] [SEVERE ] player 6 placing token on slot 1
[16:25:05.637] [SEVERE ] removing player 8 token from slot 0
[16:25:05.641] [SEVERE ] player 8 placing token on slot 1
[16:25:05.643] [SEVERE ] removing player 5 token from slot 0
[16:25:05.646] [SEVERE ] player 5 placing token on slot 2
[16:25:05.647] [SEVERE ] player 8 placing token on slot 2
[16:25:05.647] [SEVERE ] player 5 placing token on slot 0
[16:25:05.652] [SEVERE ] removing player 1 token from slot 1
[16:25:05.654] [SEVERE ] player 1 placing token on slot 1
[16:25:05.655] [SEVERE ] removing player 8 token from slot 2
[16:25:05.658] [SEVERE ] player 8 placing token on slot 0
[16:25:05.658] [SEVERE ] removing player 5 token from slot 2
[16:25:05.660] [SEVERE ] removing player 5 token from slot 0
[16:25:05.662] [SEVERE ] player 5 placing token on slot 2
[16:25:05.662] [SEVERE ] removing player 1 token from slot 1
[16:25:05.664] [SEVERE ] removing player 8 token from slot 0
[16:25:05.667] [SEVERE ] player 1 placing token on slot 1
[16:25:05.669] [SEVERE ] removing player 8 token from slot 1
[16:25:05.671] [SEVERE ] player 8 placing token on slot 2
[16:25:05.674] [SEVERE ] player 5 placing token on slot 0
[16:25:05.675] [SEVERE ] player 1 placing token on slot 2
[16:25:05.679] [SEVERE ] removing player 8 token from slot 2
[16:25:05.679] [SEVERE ] removing player 5 token from slot 0
[16:25:05.680] [SEVERE ] removing player 1 token from slot 2
[16:25:05.680] [SEVERE ] player 8 placing token on slot 0
[16:25:05.684] [SEVERE ] removing player 1 token from slot 1
[16:25:05.684] [SEVERE ] player 5 placing token on slot 1
[16:25:05.685] [SEVERE ] player 1 placing token on slot 2
[16:25:05.688] [SEVERE ] player 1 placing token on slot 1
[16:25:05.689] [SEVERE ] player 5 placing token on slot 0
[16:25:05.689] [SEVERE ] player 8 placing token on slot 1
[16:25:05.695] [SEVERE ] removing player 1 token from slot 1
[16:25:05.698] [SEVERE ] removing player 8 token from slot 0
[16:25:05.702] [SEVERE ] removing player 8 token from slot 1
[16:25:05.704] [SEVERE ] player 8 placing token on slot 1
[16:25:05.706] [SEVERE ] removing player 8 token from slot 1
[16:25:05.709] [SEVERE ] placing card 14 in slot 3
[16:25:05.709] [SEVERE ] player 1 placing token on slot 0
[16:25:05.711] [SEVERE ] removing player 1 token from slot 2
[16:25:05.712] [SEVERE ] player 8 placing token on slot 0
[16:25:05.714] [SEVERE ] player 1 placing token on slot 3
[16:25:05.716] [SEVERE ] player 8 placing token on slot 2
[16:25:05.717] [SEVERE ] player 1 placing token on slot 2
[16:25:05.722] [SEVERE ] player 8 placing token on slot 1
[16:25:05.809] [SEVERE ] placing card 57 in slot 4
[16:25:05.912] [SEVERE ] placing card 40 in slot 5
[16:25:06.018] [SEVERE ] placing card 38 in slot 6
[16:25:06.124] [SEVERE ] placing card 34 in slot 7
[16:25:06.229] [SEVERE ] placing card 32 in slot 8
[16:25:06.332] [SEVERE ] placing card 20 in slot 9
[16:25:06.436] [SEVERE ] placing card 77 in slot 10
[16:25:06.540] [SEVERE ] placing card 45 in slot 11
[16:25:06.541] [SEVERE ] setting player 1 freeze to -1271
[16:25:06.542] [SEVERE ] setting player 2 freeze to -1272
[16:25:06.542] [SEVERE ] setting player 3 freeze to -1272
[16:25:06.543] [SEVERE ] setting player 4 freeze to -1273
[16:25:06.544] [SEVERE ] setting player 5 freeze to -1274
[16:25:06.544] [SEVERE ] setting player 6 freeze to -1274
[16:25:06.545] [SEVERE ] setting player 7 freeze to -1275
[16:25:06.545] [SEVERE ] setting player 8 freeze to -1275
[16:25:06.545] [SEVERE ] updating countdown to 58726
[16:25:06.546] [SEVERE ] setting player 1 freeze to -1276
[16:25:06.546] [SEVERE ] setting player 2 freeze to -1276
[16:25:06.547] [SEVERE ] setting player 3 freeze to -1277
[16:25:06.547] [SEVERE ] setting player 4 freeze to -1277
[16:25:06.547] [SEVERE ] setting player 5 freeze to -1277
[16:25:06.547] [SEVERE ] setting player 6 freeze to -1277
[16:25:06.547] [SEVERE ] setting player 7 freeze to 4999
[16:25:06.548] [SEVERE ] setting player 8 freeze to -1278
[16:25:06.548] [SEVERE ] updating countdown to 58723
[16:25:06.548] [SEVERE ] setting player 1 freeze to -1278
[16:25:06.549] [SEVERE ] setting player 2 freeze to -1279
[16:25:06.550] [SEVERE ] setting player 3 freeze to 4999
[16:25:06.550] [SEVERE ] setting player 4 freeze to -1280
[16:25:06.551] [SEVERE ] setting player 5 freeze to -1281
[16:25:06.551] [SEVERE ] setting player 6 freeze to -1281
[16:25:06.551] [SEVERE ] setting player 7 freeze to 4995
[16:25:06.551] [SEVERE ] setting player 8 freeze to -1281
[16:25:06.551] [SEVERE ] updating countdown to 58720
[16:25:06.552] [SEVERE ] setting player 1 freeze to -1282
[16:25:06.552] [SEVERE ] setting player 2 freeze to -1282
[16:25:06.552] [SEVERE ] setting player 3 freeze to 4996
[16:25:06.552] [SEVERE ] setting player 4 freeze to 5000
[16:25:06.552] [SEVERE ] setting player 5 freeze to -1282
[16:25:06.553] [SEVERE ] setting player 6 freeze to -1283
[16:25:06.553] [SEVERE ] setting player 7 freeze to 4993
[16:25:06.553] [SEVERE ] setting player 8 freeze to -1283
[16:25:06.553] [SEVERE ] updating countdown to 58718
[16:25:06.554] [SEVERE ] setting player 1 freeze to -1284
[16:25:06.555] [SEVERE ] setting player 2 freeze to 4999
[16:25:06.556] [SEVERE ] setting player 3 freeze to 4992
[16:25:06.557] [SEVERE ] setting player 4 freeze to 4995
[16:25:06.557] [SEVERE ] setting player 5 freeze to -1287
[16:25:06.557] [SEVERE ] setting player 6 freeze to -1287
[16:25:06.557] [SEVERE ] setting player 7 freeze to 4989
[16:25:06.557] [SEVERE ] setting player 8 freeze to -1287
[16:25:06.557] [SEVERE ] updating countdown to 58714
[16:25:06.558] [SEVERE ] setting player 1 freeze to -1288
[16:25:06.558] [SEVERE ] setting player 2 freeze to 4996
[16:25:06.558] [SEVERE ] setting player 3 freeze to 4990
[16:25:06.558] [SEVERE ] setting player 4 freeze to 4994
[16:25:06.558] [SEVERE ] setting player 5 freeze to -1288
[16:25:06.559] [SEVERE ] setting player 6 freeze to 4999
[16:25:06.559] [SEVERE ] setting player 7 freeze to 4987
[16:25:06.559] [SEVERE ] setting player 8 freeze to -1289
[16:25:06.559] [SEVERE ] updating countdown to 58712
[16:25:06.560] [SEVERE ] setting player 1 freeze to -1290
[16:25:06.560] [SEVERE ] setting player 2 freeze to 4994
[16:25:06.560] [SEVERE ] setting player 3 freeze to 4988
[16:25:06.560] [SEVERE ] setting player 4 freeze to 4992
[16:25:06.574] [SEVERE ] setting player 5 freeze to 4985
[16:25:06.574] [SEVERE ] setting player 6 freeze to 4984
[16:25:06.575] [SEVERE ] setting player 7 freeze to 4971
[16:25:06.575] [SEVERE ] setting player 8 freeze to -1305
[16:25:06.576] [SEVERE ] updating countdown to 58695
[16:25:06.578] [SEVERE ] setting player 1 freeze to 5000
[16:25:06.579] [SEVERE ] setting player 2 freeze to 4975
[16:25:06.579] [SEVERE ] setting player 3 freeze to 4969
[16:25:06.579] [SEVERE ] setting player 4 freeze to 4973
[16:25:06.579] [SEVERE ] setting player 5 freeze to 4980
[16:25:06.579] [SEVERE ] setting player 6 freeze to 4979
[16:25:06.579] [SEVERE ] setting player 7 freeze to 4967
[16:25:06.579] [SEVERE ] setting player 8 freeze to -1309
[16:25:06.579] [SEVERE ] updating countdown to 58692
[16:25:06.580] [SEVERE ] setting player 1 freeze to 4998
[16:25:06.580] [SEVERE ] setting player 2 freeze to 4974
[16:25:06.580] [SEVERE ] setting player 3 freeze to 4968
[16:25:06.582] [SEVERE ] setting player 4 freeze to 4970
[16:25:06.583] [SEVERE ] setting player 5 freeze to 4976
[16:25:06.585] [SEVERE ] setting player 6 freeze to 4973
[16:25:06.610] [SEVERE ] setting player 7 freeze to 4936
[16:25:06.612] [SEVERE ] setting player 8 freeze to 4968
[16:25:07.517] [SEVERE ] updating countdown to 57754
[16:25:07.517] [SEVERE ] setting player 1 freeze to 4061
[16:25:07.518] [SEVERE ] setting player 2 freeze to 4036
[16:25:07.518] [SEVERE ] setting player 3 freeze to 4030
[16:25:07.518] [SEVERE ] setting player 4 freeze to 4034
[16:25:07.518] [SEVERE ] setting player 5 freeze to 4041
[16:25:07.518] [SEVERE ] setting player 6 freeze to 4040
[16:25:07.518] [SEVERE ] setting player 7 freeze to 4028
[16:25:07.518] [SEVERE ] setting player 8 freeze to 4062
[16:25:08.422] [SEVERE ] updating countdown to 56850
[16:25:08.422] [SEVERE ] setting player 1 freeze to 3156
[16:25:08.422] [SEVERE ] setting player 2 freeze to 3132
[16:25:08.422] [SEVERE ] setting player 3 freeze to 3126
[16:25:08.423] [SEVERE ] setting player 4 freeze to 3129
[16:25:08.423] [SEVERE ] setting player 5 freeze to 3136
[16:25:08.423] [SEVERE ] setting player 6 freeze to 3135
[16:25:08.423] [SEVERE ] setting player 7 freeze to 3123
[16:25:08.423] [SEVERE ] setting player 8 freeze to 3157
[16:25:09.324] [SEVERE ] updating countdown to 55947
[16:25:09.325] [SEVERE ] setting player 1 freeze to 2253
[16:25:09.326] [SEVERE ] setting player 2 freeze to 2228
[16:25:09.326] [SEVERE ] setting player 3 freeze to 2222
[16:25:09.326] [SEVERE ] setting player 4 freeze to 2226
[16:25:09.326] [SEVERE ] setting player 5 freeze to 2233
[16:25:09.326] [SEVERE ] setting player 6 freeze to 2232
[16:25:09.327] [SEVERE ] setting player 7 freeze to 2220
[16:25:09.327] [SEVERE ] setting player 8 freeze to 2253
[16:25:10.231] [SEVERE ] updating countdown to 55040
[16:25:10.231] [SEVERE ] setting player 1 freeze to 1347
[16:25:10.232] [SEVERE ] setting player 2 freeze to 1322
[16:25:10.232] [SEVERE ] setting player 3 freeze to 1316
[16:25:10.232] [SEVERE ] setting player 4 freeze to 1320
[16:25:10.232] [SEVERE ] setting player 5 freeze to 1327
[16:25:10.233] [SEVERE ] setting player 6 freeze to 1326
[16:25:10.233] [SEVERE ] setting player 7 freeze to 1313
[16:25:10.233] [SEVERE ] setting player 8 freeze to 1347
[16:25:11.139] [SEVERE ] updating countdown to 54132
[16:25:11.139] [SEVERE ] setting player 1 freeze to 439
[16:25:11.140] [SEVERE ] setting player 2 freeze to 414
[16:25:11.140] [SEVERE ] setting player 3 freeze to 408
[16:25:11.140] [SEVERE ] setting player 4 freeze to 412
[16:25:11.140] [SEVERE ] setting player 5 freeze to 419
[16:25:11.140] [SEVERE ] setting player 6 freeze to 418
[16:25:11.140] [SEVERE ] setting player 7 freeze to 406
[16:25:11.141] [SEVERE ] setting player 8 freeze to 439
[16:25:12.043] [SEVERE ] updating countdown to 53228
[16:25:12.044] [SEVERE ] setting player 1 freeze to -466
[16:25:12.044] [SEVERE ] setting player 2 freeze to -490
[16:25:12.044] [SEVERE ] setting player 3 freeze to -496
[16:25:12.044] [SEVERE ] setting player 4 freeze to -492
[16:25:12.044] [SEVERE ] setting player 5 freeze to -485
[16:25:12.045] [SEVERE ] setting player 6 freeze to -487
[16:25:12.045] [SEVERE ] removing player 3 token from slot 2
[16:25:12.045] [SEVERE ] setting player 7 freeze to -499
[16:25:12.045] [SEVERE ] removing player 6 token from slot 2
[16:25:12.045] [SEVERE ] setting player 8 freeze to -465
[16:25:12.045] [SEVERE ] removing player 2 token from slot 2
[16:25:12.045] [SEVERE ] removing player 1 token from slot 2
[16:25:12.045] [SEVERE ] updating countdown to 53226
[16:25:12.046] [SEVERE ] setting player 1 freeze to -468
[16:25:12.046] [SEVERE ] setting player 2 freeze to -492
[16:25:12.046] [SEVERE ] setting player 3 freeze to -498
[16:25:12.046] [SEVERE ] setting player 4 freeze to -494
[16:25:12.046] [SEVERE ] setting player 5 freeze to -487
[16:25:12.046] [SEVERE ] removing player 8 token from slot 0
[16:25:12.046] [SEVERE ] setting player 6 freeze to -488
[16:25:12.052] [SEVERE ] player 1 placing token on slot 8
[16:25:12.052] [SEVERE ] setting player 7 freeze to -506
[16:25:12.052] [SEVERE ] removing player 5 token from slot 0
[16:25:12.052] [SEVERE ] setting player 8 freeze to -472
[16:25:12.053] [SEVERE ] player 2 placing token on slot 10
[16:25:12.053] [SEVERE ] updating countdown to 53218
[16:25:12.053] [SEVERE ] player 6 placing token on slot 2
[16:25:12.053] [SEVERE ] player 3 placing token on slot 10
[16:25:12.053] [SEVERE ] player 8 placing token on slot 5
[16:25:12.054] [SEVERE ] player 5 placing token on slot 5
[16:25:12.054] [SEVERE ] setting player 1 freeze to 5000
[16:25:12.054] [SEVERE ] removing player 7 token from slot 2
[16:25:12.054] [SEVERE ] setting player 2 freeze to -500
[16:25:12.054] [SEVERE ] setting player 3 freeze to -506
[16:25:12.054] [SEVERE ] setting player 4 freeze to -502
[16:25:12.055] [SEVERE ] setting player 5 freeze to -496
[16:25:12.055] [SEVERE ] setting player 6 freeze to -497
[16:25:12.055] [SEVERE ] setting player 7 freeze to -509
[16:25:12.055] [SEVERE ] setting player 8 freeze to -475
[16:25:12.055] [SEVERE ] updating countdown to 53216
[16:25:12.055] [SEVERE ] setting player 1 freeze to 4999
[16:25:12.055] [SEVERE ] player 7 placing token on slot 11
[16:25:12.056] [SEVERE ] setting player 2 freeze to 4999
[16:25:12.056] [SEVERE ] setting player 3 freeze to -508
[16:25:12.056] [SEVERE ] setting player 4 freeze to -504
[16:25:12.056] [SEVERE ] setting player 5 freeze to -497
[16:25:12.057] [SEVERE ] removing player 4 token from slot 0
[16:25:12.057] [SEVERE ] setting player 6 freeze to -499
[16:25:12.057] [SEVERE ] setting player 7 freeze to -511
[16:25:12.057] [SEVERE ] setting player 8 freeze to -477
[16:25:12.057] [SEVERE ] updating countdown to 53214
[16:25:12.057] [SEVERE ] setting player 1 freeze to 4997
[16:25:12.058] [SEVERE ] setting player 2 freeze to 4997
[16:25:12.058] [SEVERE ] setting player 3 freeze to -510
[16:25:12.058] [SEVERE ] setting player 4 freeze to -506
[16:25:12.058] [SEVERE ] player 4 placing token on slot 0
[16:25:12.058] [SEVERE ] setting player 5 freeze to -499
[16:25:12.059] [SEVERE ] setting player 6 freeze to 4998
[16:25:12.059] [SEVERE ] setting player 7 freeze to -513
[16:25:12.059] [SEVERE ] setting player 8 freeze to -479
[16:25:12.059] [SEVERE ] updating countdown to 53212
[16:25:12.060] [SEVERE ] setting player 1 freeze to 4994
[16:25:12.060] [SEVERE ] setting player 2 freeze to 4995
[16:25:12.060] [SEVERE ] setting player 3 freeze to 5000
[16:25:12.060] [SEVERE ] setting player 4 freeze to -508
[16:25:12.060] [SEVERE ] setting player 5 freeze to -501
[16:25:12.060] [SEVERE ] setting player 6 freeze to 4997
[16:25:12.060] [SEVERE ] setting player 7 freeze to -514
[16:25:12.061] [SEVERE ] setting player 8 freeze to -481
[16:25:12.061] [SEVERE ] updating countdown to 53210
[16:25:12.061] [SEVERE ] setting player 1 freeze to 4993
[16:25:12.061] [SEVERE ] setting player 2 freeze to 4994
[16:25:12.061] [SEVERE ] setting player 3 freeze to 4999
[16:25:12.061] [SEVERE ] setting player 4 freeze to -509
[16:25:12.062] [SEVERE ] setting player 5 freeze to -502
[16:25:12.062] [SEVERE ] setting player 6 freeze to 4995
[16:25:12.062] [SEVERE ] setting player 7 freeze to -516
[16:25:12.062] [SEVERE ] setting player 8 freeze to 4999
[16:25:12.062] [SEVERE ] updating countdown to 53209
[16:25:12.063] [SEVERE ] setting player 1 freeze to 4991
[16:25:12.063] [SEVERE ] setting player 2 freeze to 4992
[16:25:12.063] [SEVERE ] setting player 3 freeze to 4997
[16:25:12.063] [SEVERE ] setting player 4 freeze to -511
[16:25:12.063] [SEVERE ] setting player 5 freeze to 5000
[16:25:12.063] [SEVERE ] setting player 6 freeze to 4994
[16:25:12.064] [SEVERE ] setting player 7 freeze to -518
[16:25:12.064] [SEVERE ] setting player 8 freeze to 4997
[16:25:12.064] [SEVERE ] updating countdown to 53207
[16:25:12.064] [SEVERE ] setting player 1 freeze to 4990
[16:25:12.065] [SEVERE ] setting player 2 freeze to 4990
[16:25:12.065] [SEVERE ] setting player 3 freeze to 4995
[16:25:12.065] [SEVERE ] setting player 4 freeze to -513
[16:25:12.065] [SEVERE ] setting player 5 freeze to 4998
[16:25:12.066] [SEVERE ] setting player 6 freeze to 4991
[16:25:12.066] [SEVERE ] setting player 7 freeze to 4998
[16:25:12.066] [SEVERE ] setting player 8 freeze to 4995
[16:25:12.066] [SEVERE ] updating countdown to 53205
[16:25:12.075] [SEVERE ] setting player 1 freeze to 4979
[16:25:12.075] [SEVERE ] setting player 2 freeze to 4980
[16:25:12.075] [SEVERE ] setting player 3 freeze to 4985
[16:25:12.075] [SEVERE ] setting player 4 freeze to 5000
[16:25:12.075] [SEVERE ] setting player 5 freeze to 4988
[16:25:12.075] [SEVERE ] setting player 6 freeze to 4982
[16:25:12.075] [SEVERE ] setting player 7 freeze to 4989
[16:25:12.076] [SEVERE ] setting player 8 freeze to 4985
[16:25:12.977] [SEVERE ] updating countdown to 52294
[16:25:12.977] [SEVERE ] setting player 1 freeze to 4077
[16:25:12.978] [SEVERE ] setting player 2 freeze to 4077
[16:25:12.978] [SEVERE ] setting player 3 freeze to 4082
[16:25:12.978] [SEVERE ] setting player 4 freeze to 4097
[16:25:12.978] [SEVERE ] setting player 5 freeze to 4085
[16:25:12.978] [SEVERE ] setting player 6 freeze to 4079
[16:25:12.978] [SEVERE ] setting player 7 freeze to 4086
[16:25:12.979] [SEVERE ] setting player 8 freeze to 4082
[16:25:13.884] [SEVERE ] updating countdown to 51387
[16:25:13.884] [SEVERE ] setting player 1 freeze to 3170
[16:25:13.884] [SEVERE ] setting player 2 freeze to 3171
[16:25:13.884] [SEVERE ] setting player 3 freeze to 3176
[16:25:13.885] [SEVERE ] setting player 4 freeze to 3190
[16:25:13.885] [SEVERE ] setting player 5 freeze to 3178
[16:25:13.885] [SEVERE ] setting player 6 freeze to 3172
[16:25:13.885] [SEVERE ] setting player 7 freeze to 3179
[16:25:13.885] [SEVERE ] setting player 8 freeze to 3176
[16:25:14.048] [SEVERE ] exit button pressed
[16:25:14.049] [INFO   ] thread computer-7 terminated.
[16:25:14.049] [INFO   ] thread computer-3 terminated.
[16:25:14.049] [INFO   ] thread computer-0 terminated.
[16:25:14.049] [INFO   ] thread 2player terminated.
[16:25:14.049] [INFO   ] thread 1player terminated.
[16:25:14.049] [INFO   ] thread 4player terminated.
[16:25:14.049] [INFO   ] thread 5player terminated.
[16:25:14.049] [INFO   ] thread computer-2 terminated.
[16:25:14.049] [INFO   ] thread 3player terminated.
[16:25:14.049] [INFO   ] thread 6player terminated.
[16:25:14.049] [INFO   ] thread 0player terminated.
[16:25:14.050] [INFO   ] thread 7player terminated.
[16:25:14.050] [INFO   ] thread computer-6 terminated.
[16:25:14.050] [INFO   ] thread computer-1 terminated.
[16:25:14.050] [INFO   ] thread computer-4 terminated.
[16:25:14.050] [INFO   ] thread computer-5 terminated.
[16:25:14.790] [SEVERE ] updating countdown to 50481
[16:25:14.791] [SEVERE ] updating countdown to 60000
[16:25:14.791] [SEVERE ] removing card from slot 0
[16:25:14.792] [SEVERE ] removing card from slot 1
[16:25:14.792] [SEVERE ] removing card from slot 2
[16:25:14.792] [SEVERE ] removing card from slot 3
[16:25:14.792] [SEVERE ] removing card from slot 4
[16:25:14.793] [SEVERE ] removing card from slot 5
[16:25:14.793] [SEVERE ] removing card from slot 6
[16:25:14.793] [SEVERE ] removing card from slot 7
[16:25:14.793] [SEVERE ] removing card from slot 8
[16:25:14.793] [SEVERE ] removing card from slot 9
[16:25:14.794] [SEVERE ] removing card from slot 10
[16:25:14.794] [SEVERE ] removing card from slot 11
[16:25:14.795] [SEVERE ] removing player 1 token from slot 0
[16:25:14.795] [SEVERE ] removing player 1 token from slot 1
[16:25:14.795] [SEVERE ] removing player 1 token from slot 2
[16:25:14.795] [SEVERE ] removing player 1 token from slot 3
[16:25:14.795] [SEVERE ] removing player 1 token from slot 4
[16:25:14.796] [SEVERE ] removing player 1 token from slot 5
[16:25:14.796] [SEVERE ] removing player 1 token from slot 6
[16:25:14.796] [SEVERE ] removing player 1 token from slot 7
[16:25:14.797] [SEVERE ] removing player 1 token from slot 8
[16:25:14.797] [SEVERE ] removing player 1 token from slot 9
[16:25:14.797] [SEVERE ] removing player 1 token from slot 10
[16:25:14.797] [SEVERE ] removing player 1 token from slot 11
[16:25:14.797] [SEVERE ] removing player 2 token from slot 0
[16:25:14.797] [SEVERE ] removing player 2 token from slot 1
[16:25:14.798] [SEVERE ] removing player 2 token from slot 2
[16:25:14.798] [SEVERE ] removing player 2 token from slot 3
[16:25:14.798] [SEVERE ] removing player 2 token from slot 4
[16:25:14.798] [SEVERE ] removing player 2 token from slot 5
[16:25:14.798] [SEVERE ] removing player 2 token from slot 6
[16:25:14.798] [SEVERE ] removing player 2 token from slot 7
[16:25:14.799] [SEVERE ] removing player 2 token from slot 8
[16:25:14.799] [SEVERE ] removing player 2 token from slot 9
[16:25:14.799] [SEVERE ] removing player 2 token from slot 10
[16:25:14.799] [SEVERE ] removing player 2 token from slot 11
[16:25:14.799] [SEVERE ] removing player 3 token from slot 0
[16:25:14.800] [SEVERE ] removing player 3 token from slot 1
[16:25:14.800] [SEVERE ] removing player 3 token from slot 2
[16:25:14.800] [SEVERE ] removing player 3 token from slot 3
[16:25:14.800] [SEVERE ] removing player 3 token from slot 4
[16:25:14.800] [SEVERE ] removing player 3 token from slot 5
[16:25:14.800] [SEVERE ] removing player 3 token from slot 6
[16:25:14.801] [SEVERE ] removing player 3 token from slot 7
[16:25:14.801] [SEVERE ] removing player 3 token from slot 8
[16:25:14.801] [SEVERE ] removing player 3 token from slot 9
[16:25:14.801] [SEVERE ] removing player 3 token from slot 10
[16:25:14.801] [SEVERE ] removing player 3 token from slot 11
[16:25:14.801] [SEVERE ] removing player 4 token from slot 0
[16:25:14.801] [SEVERE ] removing player 4 token from slot 1
[16:25:14.802] [SEVERE ] removing player 4 token from slot 2
[16:25:14.802] [SEVERE ] removing player 4 token from slot 3
[16:25:14.802] [SEVERE ] removing player 4 token from slot 4
[16:25:14.802] [SEVERE ] removing player 4 token from slot 5
[16:25:14.802] [SEVERE ] removing player 4 token from slot 6
[16:25:14.802] [SEVERE ] removing player 4 token from slot 7
[16:25:14.803] [SEVERE ] removing player 4 token from slot 8
[16:25:14.803] [SEVERE ] removing player 4 token from slot 9
[16:25:14.803] [SEVERE ] removing player 4 token from slot 10
[16:25:14.803] [SEVERE ] removing player 4 token from slot 11
[16:25:14.803] [SEVERE ] removing player 5 token from slot 0
[16:25:14.803] [SEVERE ] removing player 5 token from slot 1
[16:25:14.803] [SEVERE ] removing player 5 token from slot 2
[16:25:14.803] [SEVERE ] removing player 5 token from slot 3
[16:25:14.804] [SEVERE ] removing player 5 token from slot 4
[16:25:14.804] [SEVERE ] removing player 5 token from slot 5
[16:25:14.804] [SEVERE ] removing player 5 token from slot 6
[16:25:14.804] [SEVERE ] removing player 5 token from slot 7
[16:25:14.804] [SEVERE ] removing player 5 token from slot 8
[16:25:14.804] [SEVERE ] removing player 5 token from slot 9
[16:25:14.804] [SEVERE ] removing player 5 token from slot 10
[16:25:14.805] [SEVERE ] removing player 5 token from slot 11
[16:25:14.805] [SEVERE ] removing player 6 token from slot 0
[16:25:14.805] [SEVERE ] removing player 6 token from slot 1
[16:25:14.805] [SEVERE ] removing player 6 token from slot 2
[16:25:14.805] [SEVERE ] removing player 6 token from slot 3
[16:25:14.805] [SEVERE ] removing player 6 token from slot 4
[16:25:14.805] [SEVERE ] removing player 6 token from slot 5
[16:25:14.805] [SEVERE ] removing player 6 token from slot 6
[16:25:14.806] [SEVERE ] removing player 6 token from slot 7
[16:25:14.806] [SEVERE ] removing player 6 token from slot 8
[16:25:14.806] [SEVERE ] removing player 6 token from slot 9
[16:25:14.806] [SEVERE ] removing player 6 token from slot 10
[16:25:14.806] [SEVERE ] removing player 6 token from slot 11
[16:25:14.806] [SEVERE ] removing player 7 token from slot 0
[16:25:14.806] [SEVERE ] removing player 7 token from slot 1
[16:25:14.807] [SEVERE ] removing player 7 token from slot 2
[16:25:14.807] [SEVERE ] removing player 7 token from slot 3
[16:25:14.807] [SEVERE ] removing player 7 token from slot 4
[16:25:14.807] [SEVERE ] removing player 7 token from slot 5
[16:25:14.807] [SEVERE ] removing player 7 token from slot 6
[16:25:14.807] [SEVERE ] removing player 7 token from slot 7
[16:25:14.807] [SEVERE ] removing player 7 token from slot 8
[16:25:14.808] [SEVERE ] removing player 7 token from slot 9
[16:25:14.808] [SEVERE ] removing player 7 token from slot 10
[16:25:14.808] [SEVERE ] removing player 7 token from slot 11
[16:25:14.808] [SEVERE ] removing player 8 token from slot 0
[16:25:14.808] [SEVERE ] removing player 8 token from slot 1
[16:25:14.808] [SEVERE ] removing player 8 token from slot 2
[16:25:14.808] [SEVERE ] removing player 8 token from slot 3
[16:25:14.808] [SEVERE ] removing player 8 token from slot 4
[16:25:14.808] [SEVERE ] removing player 8 token from slot 5
[16:25:14.809] [SEVERE ] removing player 8 token from slot 6
[16:25:14.809] [SEVERE ] removing player 8 token from slot 7
[16:25:14.809] [SEVERE ] removing player 8 token from slot 8
[16:25:14.809] [SEVERE ] removing player 8 token from slot 9
[16:25:14.809] [SEVERE ] removing player 8 token from slot 10
[16:25:14.809] [SEVERE ] removing player 8 token from slot 11
[16:25:14.810] [SEVERE ] announcing winner(s): player 1, player 2, player 3, player 4, player 5, player 6, player 7, player 8
[16:25:14.811] [INFO   ] thread dealer terminated.
[16:25:14.811] [INFO   ] thread dealer terminated.
[16:25:14.811] [SEVERE ] thanks for playing... it was fun!
[16:25:14.811] [INFO   ] thread main terminated.
